<?xml version="1.0" encoding="UTF-8"?>
<TestRun id="0982451f-1f9b-45b3-959d-b9dd4b25798e" name="Meow@MEOW-PC 2012-10-21 17:33:08" runUser="Meow-PC\Meow" xmlns="http://microsoft.com/schemas/VisualStudio/TeamTest/2010">
  <TestSettings name="本機" id="4c5d43f5-97de-455f-80f8-d6dcfee819f3">
    <Description>這些是本機測試回合的預設測試設定。</Description>
    <Deployment runDeploymentRoot="Meow_MEOW-PC 2012-10-21 17_33_08">
      <DeploymentItem filename="D:\Desktop\GitHubRepositories\ezMoney\ezMoney\bin\Debug\ezMoney.exe" />
    </Deployment>
    <Execution>
      <TestTypeSpecific>
        <UnitTestRunConfig testTypeId="13cdc9d9-ddb5-4fa4-a97d-d965ccfc6d4b">
          <AssemblyResolution>
            <TestDirectory useLoadContext="true" />
          </AssemblyResolution>
        </UnitTestRunConfig>
        <WebTestRunConfiguration testTypeId="4e7599fa-5ecb-43e9-a887-cd63cf72d207">
          <Browser name="Internet Explorer 7.0">
            <Headers>
              <Header name="User-Agent" value="Mozilla/4.0 (compatible; MSIE 7.0; Windows NT 5.1)" />
              <Header name="Accept" value="*/*" />
              <Header name="Accept-Language" value="{{$IEAcceptLanguage}}" />
              <Header name="Accept-Encoding" value="GZIP" />
            </Headers>
          </Browser>
        </WebTestRunConfiguration>
      </TestTypeSpecific>
      <AgentRule name="LocalMachineDefaultRole">
        <DataCollectors>
          <DataCollector uri="datacollector://microsoft/CodeCoverage/1.0" assemblyQualifiedName="Microsoft.VisualStudio.TestTools.CodeCoverage.CoveragePlugIn, Microsoft.VisualStudio.QualityTools.Plugins.CodeCoverage, Version=10.0.0.0, Culture=neutral, PublicKeyToken=b03f5f7f11d50a3a" friendlyName="程式碼涵蓋範圍">
            <Configuration>
              <CodeCoverage xmlns="">
                <Regular>
                  <CodeCoverageItem binaryFile="D:\Desktop\GitHubRepositories\ezMoney\ezMoney\bin\Debug\ezMoney.exe" pdbFile="D:\Desktop\GitHubRepositories\ezMoney\ezMoney\bin\Debug\ezMoney.instr.pdb" instrumentInPlace="true" />
                </Regular>
              </CodeCoverage>
            </Configuration>
          </DataCollector>
        </DataCollectors>
      </AgentRule>
    </Execution>
  </TestSettings>
  <Times creation="2012-10-21T17:33:08.7382124+08:00" queuing="2012-10-21T17:33:09.1112337+08:00" start="2012-10-21T17:33:09.1802377+08:00" finish="2012-10-21T17:33:12.4264233+08:00" />
  <ResultSummary outcome="Failed">
    <Counters total="39" executed="39" passed="38" error="0" failed="1" timeout="0" aborted="0" inconclusive="0" passedButRunAborted="0" notRunnable="0" notExecuted="0" disconnected="0" warning="0" completed="0" inProgress="0" pending="0" />
    <ResultFiles>
      <ResultFile path="MEOW-PC\data.coverage" />
    </ResultFiles>
  </ResultSummary>
  <TestDefinitions>
    <UnitTest name="GetRecordsTest" storage="d:\desktop\githubrepositories\ezmoney\ezmoney\testezmoney\bin\debug\testezmoney.dll" id="3a174999-523f-75e1-819b-4e6fac788c64">
      <Execution id="dd8038a2-31cd-4a4e-b9cb-a30302431a3c" />
      <TestMethod codeBase="D:/Desktop/GitHubRepositories/ezMoney/ezMoney/TestEZMoney/bin/Debug/TestEZMoney.DLL" adapterTypeName="Microsoft.VisualStudio.TestTools.TestTypes.Unit.UnitTestAdapter, Microsoft.VisualStudio.QualityTools.Tips.UnitTest.Adapter, Version=10.0.0.0, Culture=neutral, PublicKeyToken=b03f5f7f11d50a3a" className="TestEZMoney.RecordModelTest, TestEZMoney, Version=1.0.0.0, Culture=neutral, PublicKeyToken=null" name="GetRecordsTest" />
    </UnitTest>
    <UnitTest name="GetCategoriesTest" storage="d:\desktop\githubrepositories\ezmoney\ezmoney\testezmoney\bin\debug\testezmoney.dll" id="e81eabcf-b83c-e229-b61a-105cd01ce1b6">
      <Execution id="c5ea82e5-e2ad-49de-b889-3cfb58fe9875" />
      <TestMethod codeBase="D:/Desktop/GitHubRepositories/ezMoney/ezMoney/TestEZMoney/bin/Debug/TestEZMoney.DLL" adapterTypeName="Microsoft.VisualStudio.TestTools.TestTypes.Unit.UnitTestAdapter, Microsoft.VisualStudio.QualityTools.Tips.UnitTest.Adapter, Version=10.0.0.0, Culture=neutral, PublicKeyToken=b03f5f7f11d50a3a" className="TestEZMoney.CategoryModelTest, TestEZMoney, Version=1.0.0.0, Culture=neutral, PublicKeyToken=null" name="GetCategoriesTest" />
    </UnitTest>
    <UnitTest name="GetExpenseStatisticsTest" storage="d:\desktop\githubrepositories\ezmoney\ezmoney\testezmoney\bin\debug\testezmoney.dll" id="7d3e6c23-29df-0d58-ab46-c33cfd104620">
      <Execution id="3977c697-9b77-4b79-a9f7-cef31d275572" />
      <TestMethod codeBase="D:/Desktop/GitHubRepositories/ezMoney/ezMoney/TestEZMoney/bin/Debug/TestEZMoney.DLL" adapterTypeName="Microsoft.VisualStudio.TestTools.TestTypes.Unit.UnitTestAdapter, Microsoft.VisualStudio.QualityTools.Tips.UnitTest.Adapter, Version=10.0.0.0, Culture=neutral, PublicKeyToken=b03f5f7f11d50a3a" className="TestEZMoney.StatisticModelTest, TestEZMoney, Version=1.0.0.0, Culture=neutral, PublicKeyToken=null" name="GetExpenseStatisticsTest" />
    </UnitTest>
    <UnitTest name="ToStringTest" storage="d:\desktop\githubrepositories\ezmoney\ezmoney\testezmoney\bin\debug\testezmoney.dll" id="74efd12a-9c71-71c4-7dc6-67bf8631fefb">
      <Execution id="34de3170-6f93-4684-92a0-04071a76335e" />
      <TestMethod codeBase="D:/Desktop/GitHubRepositories/ezMoney/ezMoney/TestEZMoney/bin/Debug/TestEZMoney.DLL" adapterTypeName="Microsoft.VisualStudio.TestTools.TestTypes.Unit.UnitTestAdapter, Microsoft.VisualStudio.QualityTools.Tips.UnitTest.Adapter, Version=10.0.0.0, Culture=neutral, PublicKeyToken=b03f5f7f11d50a3a" className="TestEZMoney.CategoryTest, TestEZMoney, Version=1.0.0.0, Culture=neutral, PublicKeyToken=null" name="ToStringTest" />
    </UnitTest>
    <UnitTest name="GetCategoryIndexTest" storage="d:\desktop\githubrepositories\ezmoney\ezmoney\testezmoney\bin\debug\testezmoney.dll" id="5f8b567f-98c3-ae13-5477-27a372c3a9a2">
      <Execution id="0aa3ca20-65ba-416c-9a46-6926e62e4231" />
      <TestMethod codeBase="D:/Desktop/GitHubRepositories/ezMoney/ezMoney/TestEZMoney/bin/Debug/TestEZMoney.DLL" adapterTypeName="Microsoft.VisualStudio.TestTools.TestTypes.Unit.UnitTestAdapter, Microsoft.VisualStudio.QualityTools.Tips.UnitTest.Adapter, Version=10.0.0.0, Culture=neutral, PublicKeyToken=b03f5f7f11d50a3a" className="TestEZMoney.CategoryModelTest, TestEZMoney, Version=1.0.0.0, Culture=neutral, PublicKeyToken=null" name="GetCategoryIndexTest" />
    </UnitTest>
    <UnitTest name="PercentTest" storage="d:\desktop\githubrepositories\ezmoney\ezmoney\testezmoney\bin\debug\testezmoney.dll" id="4c7cc9a3-a41a-0458-944d-2dfab50e312d">
      <Execution id="17607217-24de-498b-bc20-013fd282951f" />
      <TestMethod codeBase="D:/Desktop/GitHubRepositories/ezMoney/ezMoney/TestEZMoney/bin/Debug/TestEZMoney.DLL" adapterTypeName="Microsoft.VisualStudio.TestTools.TestTypes.Unit.UnitTestAdapter, Microsoft.VisualStudio.QualityTools.Tips.UnitTest.Adapter, Version=10.0.0.0, Culture=neutral, PublicKeyToken=b03f5f7f11d50a3a" className="TestEZMoney.StatisticTest, TestEZMoney, Version=1.0.0.0, Culture=neutral, PublicKeyToken=null" name="PercentTest" />
    </UnitTest>
    <UnitTest name="GetExpenseTest" storage="d:\desktop\githubrepositories\ezmoney\ezmoney\testezmoney\bin\debug\testezmoney.dll" id="b3053f22-9278-9467-c301-e74748f4cbe1">
      <Execution id="cadd1349-35bc-4dd8-bfb9-cca31cf6e541" />
      <TestMethod codeBase="D:/Desktop/GitHubRepositories/ezMoney/ezMoney/TestEZMoney/bin/Debug/TestEZMoney.DLL" adapterTypeName="Microsoft.VisualStudio.TestTools.TestTypes.Unit.UnitTestAdapter, Microsoft.VisualStudio.QualityTools.Tips.UnitTest.Adapter, Version=10.0.0.0, Culture=neutral, PublicKeyToken=b03f5f7f11d50a3a" className="TestEZMoney.StatisticModelTest, TestEZMoney, Version=1.0.0.0, Culture=neutral, PublicKeyToken=null" name="GetExpenseTest" />
    </UnitTest>
    <UnitTest name="GetAmountsTest" storage="d:\desktop\githubrepositories\ezmoney\ezmoney\testezmoney\bin\debug\testezmoney.dll" id="4c120bd0-192a-f6ad-b54e-ad653ce85d9d">
      <Execution id="af6e25dd-6a63-4233-ae20-20fc88553255" />
      <TestMethod codeBase="D:/Desktop/GitHubRepositories/ezMoney/ezMoney/TestEZMoney/bin/Debug/TestEZMoney.DLL" adapterTypeName="Microsoft.VisualStudio.TestTools.TestTypes.Unit.UnitTestAdapter, Microsoft.VisualStudio.QualityTools.Tips.UnitTest.Adapter, Version=10.0.0.0, Culture=neutral, PublicKeyToken=b03f5f7f11d50a3a" className="TestEZMoney.StatisticModelTest, TestEZMoney, Version=1.0.0.0, Culture=neutral, PublicKeyToken=null" name="GetAmountsTest" />
    </UnitTest>
    <UnitTest name="GetAmountTest" storage="d:\desktop\githubrepositories\ezmoney\ezmoney\testezmoney\bin\debug\testezmoney.dll" id="b50a1ba1-45f3-8758-046a-23678c734d01">
      <Execution id="dffc9b2d-9706-41b7-ac32-47218ad098f0" />
      <TestMethod codeBase="D:/Desktop/GitHubRepositories/ezMoney/ezMoney/TestEZMoney/bin/Debug/TestEZMoney.DLL" adapterTypeName="Microsoft.VisualStudio.TestTools.TestTypes.Unit.UnitTestAdapter, Microsoft.VisualStudio.QualityTools.Tips.UnitTest.Adapter, Version=10.0.0.0, Culture=neutral, PublicKeyToken=b03f5f7f11d50a3a" className="TestEZMoney.InformationModelTest, TestEZMoney, Version=1.0.0.0, Culture=neutral, PublicKeyToken=null" name="GetAmountTest" />
    </UnitTest>
    <UnitTest name="AddCategoryTest" storage="d:\desktop\githubrepositories\ezmoney\ezmoney\testezmoney\bin\debug\testezmoney.dll" id="41d244a7-e3cc-3543-7af4-2b014df37b62">
      <Execution id="8ef16053-8415-464a-9608-38494d821812" />
      <TestMethod codeBase="D:/Desktop/GitHubRepositories/ezMoney/ezMoney/TestEZMoney/bin/Debug/TestEZMoney.DLL" adapterTypeName="Microsoft.VisualStudio.TestTools.TestTypes.Unit.UnitTestAdapter, Microsoft.VisualStudio.QualityTools.Tips.UnitTest.Adapter, Version=10.0.0.0, Culture=neutral, PublicKeyToken=b03f5f7f11d50a3a" className="TestEZMoney.CategoryModelTest, TestEZMoney, Version=1.0.0.0, Culture=neutral, PublicKeyToken=null" name="AddCategoryTest" />
    </UnitTest>
    <UnitTest name="CategoryTest" storage="d:\desktop\githubrepositories\ezmoney\ezmoney\testezmoney\bin\debug\testezmoney.dll" id="e13dfe34-ee77-5bc8-713b-2863090d5471">
      <Execution id="563cb4e8-303d-4075-8e64-308ceed27723" />
      <TestMethod codeBase="D:/Desktop/GitHubRepositories/ezMoney/ezMoney/TestEZMoney/bin/Debug/TestEZMoney.DLL" adapterTypeName="Microsoft.VisualStudio.TestTools.TestTypes.Unit.UnitTestAdapter, Microsoft.VisualStudio.QualityTools.Tips.UnitTest.Adapter, Version=10.0.0.0, Culture=neutral, PublicKeyToken=b03f5f7f11d50a3a" className="TestEZMoney.StatisticTest, TestEZMoney, Version=1.0.0.0, Culture=neutral, PublicKeyToken=null" name="CategoryTest" />
    </UnitTest>
    <UnitTest name="IsValidCategoryAddTest" storage="d:\desktop\githubrepositories\ezmoney\ezmoney\testezmoney\bin\debug\testezmoney.dll" id="0931094b-3b61-b4b8-0873-f4099ecd5d4c">
      <Execution id="13bd277b-7762-484d-b150-ffe092be6623" />
      <TestMethod codeBase="D:/Desktop/GitHubRepositories/ezMoney/ezMoney/TestEZMoney/bin/Debug/TestEZMoney.DLL" adapterTypeName="Microsoft.VisualStudio.TestTools.TestTypes.Unit.UnitTestAdapter, Microsoft.VisualStudio.QualityTools.Tips.UnitTest.Adapter, Version=10.0.0.0, Culture=neutral, PublicKeyToken=b03f5f7f11d50a3a" className="TestEZMoney.InformationModelTest, TestEZMoney, Version=1.0.0.0, Culture=neutral, PublicKeyToken=null" name="IsValidCategoryAddTest" />
    </UnitTest>
    <UnitTest name="AmountsTest" storage="d:\desktop\githubrepositories\ezmoney\ezmoney\testezmoney\bin\debug\testezmoney.dll" id="c08601fa-e2ca-6b69-d339-98b3ccb9dfc5">
      <Execution id="9124bf49-ca7a-49ed-a789-fc2c9a18c298" />
      <TestMethod codeBase="D:/Desktop/GitHubRepositories/ezMoney/ezMoney/TestEZMoney/bin/Debug/TestEZMoney.DLL" adapterTypeName="Microsoft.VisualStudio.TestTools.TestTypes.Unit.UnitTestAdapter, Microsoft.VisualStudio.QualityTools.Tips.UnitTest.Adapter, Version=10.0.0.0, Culture=neutral, PublicKeyToken=b03f5f7f11d50a3a" className="TestEZMoney.StatisticTest, TestEZMoney, Version=1.0.0.0, Culture=neutral, PublicKeyToken=null" name="AmountsTest" />
    </UnitTest>
    <UnitTest name="IsExistTest" storage="d:\desktop\githubrepositories\ezmoney\ezmoney\testezmoney\bin\debug\testezmoney.dll" id="cfb57f48-7a18-23b3-6961-3e854da8506c">
      <Execution id="59de3b32-4211-42fe-ae41-0850bfd1c5fc" />
      <TestMethod codeBase="D:/Desktop/GitHubRepositories/ezMoney/ezMoney/TestEZMoney/bin/Debug/TestEZMoney.DLL" adapterTypeName="Microsoft.VisualStudio.TestTools.TestTypes.Unit.UnitTestAdapter, Microsoft.VisualStudio.QualityTools.Tips.UnitTest.Adapter, Version=10.0.0.0, Culture=neutral, PublicKeyToken=b03f5f7f11d50a3a" className="TestEZMoney.CategoryModelTest, TestEZMoney, Version=1.0.0.0, Culture=neutral, PublicKeyToken=null" name="IsExistTest" />
    </UnitTest>
    <UnitTest name="GetBalanceTest" storage="d:\desktop\githubrepositories\ezmoney\ezmoney\testezmoney\bin\debug\testezmoney.dll" id="c5b22390-b403-06b6-7b08-7f2581f78a9f">
      <Execution id="556b7469-e05d-4f2f-b2a1-b336089bdd8f" />
      <TestMethod codeBase="D:/Desktop/GitHubRepositories/ezMoney/ezMoney/TestEZMoney/bin/Debug/TestEZMoney.DLL" adapterTypeName="Microsoft.VisualStudio.TestTools.TestTypes.Unit.UnitTestAdapter, Microsoft.VisualStudio.QualityTools.Tips.UnitTest.Adapter, Version=10.0.0.0, Culture=neutral, PublicKeyToken=b03f5f7f11d50a3a" className="TestEZMoney.StatisticModelTest, TestEZMoney, Version=1.0.0.0, Culture=neutral, PublicKeyToken=null" name="GetBalanceTest" />
    </UnitTest>
    <UnitTest name="GetStatisticDataGridViewDataSourceTest" storage="d:\desktop\githubrepositories\ezmoney\ezmoney\testezmoney\bin\debug\testezmoney.dll" id="4ed46085-d240-d4ad-6bbd-ecc4826ca41e">
      <Execution id="0a0281ca-6c56-4a4e-b067-c25adcbb9a2f" />
      <TestMethod codeBase="D:/Desktop/GitHubRepositories/ezMoney/ezMoney/TestEZMoney/bin/Debug/TestEZMoney.DLL" adapterTypeName="Microsoft.VisualStudio.TestTools.TestTypes.Unit.UnitTestAdapter, Microsoft.VisualStudio.QualityTools.Tips.UnitTest.Adapter, Version=10.0.0.0, Culture=neutral, PublicKeyToken=b03f5f7f11d50a3a" className="TestEZMoney.StatisticModelTest, TestEZMoney, Version=1.0.0.0, Culture=neutral, PublicKeyToken=null" name="GetStatisticDataGridViewDataSourceTest" />
    </UnitTest>
    <UnitTest name="GetIncomeTest" storage="d:\desktop\githubrepositories\ezmoney\ezmoney\testezmoney\bin\debug\testezmoney.dll" id="e186dc13-d4a8-b2aa-a20a-0a24ae26ce42">
      <Execution id="1a8d95aa-e9dd-4a05-95e4-6e1c52728ef9" />
      <TestMethod codeBase="D:/Desktop/GitHubRepositories/ezMoney/ezMoney/TestEZMoney/bin/Debug/TestEZMoney.DLL" adapterTypeName="Microsoft.VisualStudio.TestTools.TestTypes.Unit.UnitTestAdapter, Microsoft.VisualStudio.QualityTools.Tips.UnitTest.Adapter, Version=10.0.0.0, Culture=neutral, PublicKeyToken=b03f5f7f11d50a3a" className="TestEZMoney.StatisticModelTest, TestEZMoney, Version=1.0.0.0, Culture=neutral, PublicKeyToken=null" name="GetIncomeTest" />
    </UnitTest>
    <UnitTest name="CategoryTest" storage="d:\desktop\githubrepositories\ezmoney\ezmoney\testezmoney\bin\debug\testezmoney.dll" id="4d8a1e67-a741-d1dc-e666-be1101e5eac4">
      <Execution id="22669fbf-1d91-4795-aa65-2d099ce45bf6" />
      <TestMethod codeBase="D:/Desktop/GitHubRepositories/ezMoney/ezMoney/TestEZMoney/bin/Debug/TestEZMoney.DLL" adapterTypeName="Microsoft.VisualStudio.TestTools.TestTypes.Unit.UnitTestAdapter, Microsoft.VisualStudio.QualityTools.Tips.UnitTest.Adapter, Version=10.0.0.0, Culture=neutral, PublicKeyToken=b03f5f7f11d50a3a" className="TestEZMoney.RecordTest, TestEZMoney, Version=1.0.0.0, Culture=neutral, PublicKeyToken=null" name="CategoryTest" />
    </UnitTest>
    <UnitTest name="DateTest" storage="d:\desktop\githubrepositories\ezmoney\ezmoney\testezmoney\bin\debug\testezmoney.dll" id="2fff3d70-8a91-739b-bf71-7ff50172d6de">
      <Execution id="1274f60f-4b49-484f-b997-383adc3bc40e" />
      <TestMethod codeBase="D:/Desktop/GitHubRepositories/ezMoney/ezMoney/TestEZMoney/bin/Debug/TestEZMoney.DLL" adapterTypeName="Microsoft.VisualStudio.TestTools.TestTypes.Unit.UnitTestAdapter, Microsoft.VisualStudio.QualityTools.Tips.UnitTest.Adapter, Version=10.0.0.0, Culture=neutral, PublicKeyToken=b03f5f7f11d50a3a" className="TestEZMoney.RecordTest, TestEZMoney, Version=1.0.0.0, Culture=neutral, PublicKeyToken=null" name="DateTest" />
    </UnitTest>
    <UnitTest name="GetStatisticTest" storage="d:\desktop\githubrepositories\ezmoney\ezmoney\testezmoney\bin\debug\testezmoney.dll" id="555842fa-2d25-35aa-c17b-faa4b06bcc3c">
      <DeploymentItems>
        <DeploymentItem filename="ezMoney.exe" />
      </DeploymentItems>
      <Execution id="48fc16f2-cd3f-484e-9ca1-42cd9bdf92b8" />
      <TestMethod codeBase="D:/Desktop/GitHubRepositories/ezMoney/ezMoney/TestEZMoney/bin/Debug/TestEZMoney.DLL" adapterTypeName="Microsoft.VisualStudio.TestTools.TestTypes.Unit.UnitTestAdapter, Microsoft.VisualStudio.QualityTools.Tips.UnitTest.Adapter, Version=10.0.0.0, Culture=neutral, PublicKeyToken=b03f5f7f11d50a3a" className="TestEZMoney.StatisticModelTest, TestEZMoney, Version=1.0.0.0, Culture=neutral, PublicKeyToken=null" name="GetStatisticTest" />
    </UnitTest>
    <UnitTest name="SetPercentTest" storage="d:\desktop\githubrepositories\ezmoney\ezmoney\testezmoney\bin\debug\testezmoney.dll" id="8743b71d-5926-b78d-c573-e5254345d1a2">
      <DeploymentItems>
        <DeploymentItem filename="ezMoney.exe" />
      </DeploymentItems>
      <Execution id="9d687225-1ed5-4902-be21-085831209c58" />
      <TestMethod codeBase="D:/Desktop/GitHubRepositories/ezMoney/ezMoney/TestEZMoney/bin/Debug/TestEZMoney.DLL" adapterTypeName="Microsoft.VisualStudio.TestTools.TestTypes.Unit.UnitTestAdapter, Microsoft.VisualStudio.QualityTools.Tips.UnitTest.Adapter, Version=10.0.0.0, Culture=neutral, PublicKeyToken=b03f5f7f11d50a3a" className="TestEZMoney.StatisticModelTest, TestEZMoney, Version=1.0.0.0, Culture=neutral, PublicKeyToken=null" name="SetPercentTest" />
    </UnitTest>
    <UnitTest name="GetPositiveRecordsTest" storage="d:\desktop\githubrepositories\ezmoney\ezmoney\testezmoney\bin\debug\testezmoney.dll" id="eee989bd-6a80-d85b-3f16-3dfd7ab1c324">
      <Execution id="3c9ac290-c82d-4067-a498-6aa4b6d6d0d1" />
      <TestMethod codeBase="D:/Desktop/GitHubRepositories/ezMoney/ezMoney/TestEZMoney/bin/Debug/TestEZMoney.DLL" adapterTypeName="Microsoft.VisualStudio.TestTools.TestTypes.Unit.UnitTestAdapter, Microsoft.VisualStudio.QualityTools.Tips.UnitTest.Adapter, Version=10.0.0.0, Culture=neutral, PublicKeyToken=b03f5f7f11d50a3a" className="TestEZMoney.RecordModelTest, TestEZMoney, Version=1.0.0.0, Culture=neutral, PublicKeyToken=null" name="GetPositiveRecordsTest" />
    </UnitTest>
    <UnitTest name="GetIncomeStatisticsTest" storage="d:\desktop\githubrepositories\ezmoney\ezmoney\testezmoney\bin\debug\testezmoney.dll" id="45012060-6be2-18b5-9392-a6ace57de7f1">
      <Execution id="892194a3-5e54-4a03-be02-e21d7a693c0f" />
      <TestMethod codeBase="D:/Desktop/GitHubRepositories/ezMoney/ezMoney/TestEZMoney/bin/Debug/TestEZMoney.DLL" adapterTypeName="Microsoft.VisualStudio.TestTools.TestTypes.Unit.UnitTestAdapter, Microsoft.VisualStudio.QualityTools.Tips.UnitTest.Adapter, Version=10.0.0.0, Culture=neutral, PublicKeyToken=b03f5f7f11d50a3a" className="TestEZMoney.StatisticModelTest, TestEZMoney, Version=1.0.0.0, Culture=neutral, PublicKeyToken=null" name="GetIncomeStatisticsTest" />
    </UnitTest>
    <UnitTest name="GetHashCodeTest" storage="d:\desktop\githubrepositories\ezmoney\ezmoney\testezmoney\bin\debug\testezmoney.dll" id="abb1e93d-9f24-6d2a-9e99-4f0f51cac12c">
      <Execution id="7d147b10-7b1e-4836-8cb7-58272de3a5b8" />
      <TestMethod codeBase="D:/Desktop/GitHubRepositories/ezMoney/ezMoney/TestEZMoney/bin/Debug/TestEZMoney.DLL" adapterTypeName="Microsoft.VisualStudio.TestTools.TestTypes.Unit.UnitTestAdapter, Microsoft.VisualStudio.QualityTools.Tips.UnitTest.Adapter, Version=10.0.0.0, Culture=neutral, PublicKeyToken=b03f5f7f11d50a3a" className="TestEZMoney.CategoryTest, TestEZMoney, Version=1.0.0.0, Culture=neutral, PublicKeyToken=null" name="GetHashCodeTest" />
    </UnitTest>
    <UnitTest name="CategoryNameTest" storage="d:\desktop\githubrepositories\ezmoney\ezmoney\testezmoney\bin\debug\testezmoney.dll" id="07e6a34d-12d4-d88c-cc26-7bf4c189b456">
      <Execution id="4099ee3a-093c-4463-82ae-9a2259eed572" />
      <TestMethod codeBase="D:/Desktop/GitHubRepositories/ezMoney/ezMoney/TestEZMoney/bin/Debug/TestEZMoney.DLL" adapterTypeName="Microsoft.VisualStudio.TestTools.TestTypes.Unit.UnitTestAdapter, Microsoft.VisualStudio.QualityTools.Tips.UnitTest.Adapter, Version=10.0.0.0, Culture=neutral, PublicKeyToken=b03f5f7f11d50a3a" className="TestEZMoney.CategoryTest, TestEZMoney, Version=1.0.0.0, Culture=neutral, PublicKeyToken=null" name="CategoryNameTest" />
    </UnitTest>
    <UnitTest name="WriteCategoryToFileTest" storage="d:\desktop\githubrepositories\ezmoney\ezmoney\testezmoney\bin\debug\testezmoney.dll" id="e6841291-87bc-44c9-0de6-c9d9d276bd27">
      <Execution id="d50917cc-c938-458a-a5cb-882da02a30b8" />
      <TestMethod codeBase="D:/Desktop/GitHubRepositories/ezMoney/ezMoney/TestEZMoney/bin/Debug/TestEZMoney.DLL" adapterTypeName="Microsoft.VisualStudio.TestTools.TestTypes.Unit.UnitTestAdapter, Microsoft.VisualStudio.QualityTools.Tips.UnitTest.Adapter, Version=10.0.0.0, Culture=neutral, PublicKeyToken=b03f5f7f11d50a3a" className="TestEZMoney.CategoryModelTest, TestEZMoney, Version=1.0.0.0, Culture=neutral, PublicKeyToken=null" name="WriteCategoryToFileTest" />
    </UnitTest>
    <UnitTest name="CountTest" storage="d:\desktop\githubrepositories\ezmoney\ezmoney\testezmoney\bin\debug\testezmoney.dll" id="fae568e8-7858-4564-7c53-02050778c4dc">
      <Execution id="ad088c8d-2581-4ca2-99e0-90336fd87634" />
      <TestMethod codeBase="D:/Desktop/GitHubRepositories/ezMoney/ezMoney/TestEZMoney/bin/Debug/TestEZMoney.DLL" adapterTypeName="Microsoft.VisualStudio.TestTools.TestTypes.Unit.UnitTestAdapter, Microsoft.VisualStudio.QualityTools.Tips.UnitTest.Adapter, Version=10.0.0.0, Culture=neutral, PublicKeyToken=b03f5f7f11d50a3a" className="TestEZMoney.StatisticTest, TestEZMoney, Version=1.0.0.0, Culture=neutral, PublicKeyToken=null" name="CountTest" />
    </UnitTest>
    <UnitTest name="ReadRecordFromFileTest" storage="d:\desktop\githubrepositories\ezmoney\ezmoney\testezmoney\bin\debug\testezmoney.dll" id="985ad049-bb35-3360-42f7-3933780d5c59">
      <Execution id="4fc1e24e-57a1-450f-9a39-4e8a6af58734" />
      <TestMethod codeBase="D:/Desktop/GitHubRepositories/ezMoney/ezMoney/TestEZMoney/bin/Debug/TestEZMoney.DLL" adapterTypeName="Microsoft.VisualStudio.TestTools.TestTypes.Unit.UnitTestAdapter, Microsoft.VisualStudio.QualityTools.Tips.UnitTest.Adapter, Version=10.0.0.0, Culture=neutral, PublicKeyToken=b03f5f7f11d50a3a" className="TestEZMoney.RecordModelTest, TestEZMoney, Version=1.0.0.0, Culture=neutral, PublicKeyToken=null" name="ReadRecordFromFileTest" />
    </UnitTest>
    <UnitTest name="GetRecordsTest1" storage="d:\desktop\githubrepositories\ezmoney\ezmoney\testezmoney\bin\debug\testezmoney.dll" id="4c835668-35ae-5c48-78a8-686b3f511511">
      <Execution id="5bb757bc-a570-4d20-9c7f-0f9b57c81537" />
      <TestMethod codeBase="D:/Desktop/GitHubRepositories/ezMoney/ezMoney/TestEZMoney/bin/Debug/TestEZMoney.DLL" adapterTypeName="Microsoft.VisualStudio.TestTools.TestTypes.Unit.UnitTestAdapter, Microsoft.VisualStudio.QualityTools.Tips.UnitTest.Adapter, Version=10.0.0.0, Culture=neutral, PublicKeyToken=b03f5f7f11d50a3a" className="TestEZMoney.RecordModelTest, TestEZMoney, Version=1.0.0.0, Culture=neutral, PublicKeyToken=null" name="GetRecordsTest1" />
    </UnitTest>
    <UnitTest name="GetRecordsTest2" storage="d:\desktop\githubrepositories\ezmoney\ezmoney\testezmoney\bin\debug\testezmoney.dll" id="22da6018-ec09-dae5-62eb-931f2b883997">
      <Execution id="5981f247-88e2-4170-ba13-d233b29a2454" />
      <TestMethod codeBase="D:/Desktop/GitHubRepositories/ezMoney/ezMoney/TestEZMoney/bin/Debug/TestEZMoney.DLL" adapterTypeName="Microsoft.VisualStudio.TestTools.TestTypes.Unit.UnitTestAdapter, Microsoft.VisualStudio.QualityTools.Tips.UnitTest.Adapter, Version=10.0.0.0, Culture=neutral, PublicKeyToken=b03f5f7f11d50a3a" className="TestEZMoney.RecordModelTest, TestEZMoney, Version=1.0.0.0, Culture=neutral, PublicKeyToken=null" name="GetRecordsTest2" />
    </UnitTest>
    <UnitTest name="GetCategoryTest" storage="d:\desktop\githubrepositories\ezmoney\ezmoney\testezmoney\bin\debug\testezmoney.dll" id="2b33dc95-1dd8-69e9-fc44-d49069202e8d">
      <Execution id="82dc424a-424e-4624-b395-5aeadde3c5f6" />
      <TestMethod codeBase="D:/Desktop/GitHubRepositories/ezMoney/ezMoney/TestEZMoney/bin/Debug/TestEZMoney.DLL" adapterTypeName="Microsoft.VisualStudio.TestTools.TestTypes.Unit.UnitTestAdapter, Microsoft.VisualStudio.QualityTools.Tips.UnitTest.Adapter, Version=10.0.0.0, Culture=neutral, PublicKeyToken=b03f5f7f11d50a3a" className="TestEZMoney.CategoryModelTest, TestEZMoney, Version=1.0.0.0, Culture=neutral, PublicKeyToken=null" name="GetCategoryTest" />
    </UnitTest>
    <UnitTest name="GetNegativeRecordsTest" storage="d:\desktop\githubrepositories\ezmoney\ezmoney\testezmoney\bin\debug\testezmoney.dll" id="ceb0e51e-614c-8f34-d82a-4c54d316785b">
      <Execution id="f123795e-7803-4c1c-b761-bc14a73c075d" />
      <TestMethod codeBase="D:/Desktop/GitHubRepositories/ezMoney/ezMoney/TestEZMoney/bin/Debug/TestEZMoney.DLL" adapterTypeName="Microsoft.VisualStudio.TestTools.TestTypes.Unit.UnitTestAdapter, Microsoft.VisualStudio.QualityTools.Tips.UnitTest.Adapter, Version=10.0.0.0, Culture=neutral, PublicKeyToken=b03f5f7f11d50a3a" className="TestEZMoney.RecordModelTest, TestEZMoney, Version=1.0.0.0, Culture=neutral, PublicKeyToken=null" name="GetNegativeRecordsTest" />
    </UnitTest>
    <UnitTest name="GetRecordsTest3" storage="d:\desktop\githubrepositories\ezmoney\ezmoney\testezmoney\bin\debug\testezmoney.dll" id="6e12922e-f637-e0ab-2bbc-896f100fe096">
      <Execution id="cc57e1a0-f9f3-44c4-9763-6d4576108e36" />
      <TestMethod codeBase="D:/Desktop/GitHubRepositories/ezMoney/ezMoney/TestEZMoney/bin/Debug/TestEZMoney.DLL" adapterTypeName="Microsoft.VisualStudio.TestTools.TestTypes.Unit.UnitTestAdapter, Microsoft.VisualStudio.QualityTools.Tips.UnitTest.Adapter, Version=10.0.0.0, Culture=neutral, PublicKeyToken=b03f5f7f11d50a3a" className="TestEZMoney.RecordModelTest, TestEZMoney, Version=1.0.0.0, Culture=neutral, PublicKeyToken=null" name="GetRecordsTest3" />
    </UnitTest>
    <UnitTest name="AmountTest" storage="d:\desktop\githubrepositories\ezmoney\ezmoney\testezmoney\bin\debug\testezmoney.dll" id="c0746781-6825-d26a-5c81-52f601d3f840">
      <Execution id="36ec3b34-cd89-4d5c-87d5-aab2e8976b79" />
      <TestMethod codeBase="D:/Desktop/GitHubRepositories/ezMoney/ezMoney/TestEZMoney/bin/Debug/TestEZMoney.DLL" adapterTypeName="Microsoft.VisualStudio.TestTools.TestTypes.Unit.UnitTestAdapter, Microsoft.VisualStudio.QualityTools.Tips.UnitTest.Adapter, Version=10.0.0.0, Culture=neutral, PublicKeyToken=b03f5f7f11d50a3a" className="TestEZMoney.RecordTest, TestEZMoney, Version=1.0.0.0, Culture=neutral, PublicKeyToken=null" name="AmountTest" />
    </UnitTest>
    <UnitTest name="IsValidRecordAddTest" storage="d:\desktop\githubrepositories\ezmoney\ezmoney\testezmoney\bin\debug\testezmoney.dll" id="5070df1b-9d86-cdf0-2681-ac5b90a53c61">
      <Execution id="79bf404b-fb3f-467e-854f-1ac724deea1c" />
      <TestMethod codeBase="D:/Desktop/GitHubRepositories/ezMoney/ezMoney/TestEZMoney/bin/Debug/TestEZMoney.DLL" adapterTypeName="Microsoft.VisualStudio.TestTools.TestTypes.Unit.UnitTestAdapter, Microsoft.VisualStudio.QualityTools.Tips.UnitTest.Adapter, Version=10.0.0.0, Culture=neutral, PublicKeyToken=b03f5f7f11d50a3a" className="TestEZMoney.InformationModelTest, TestEZMoney, Version=1.0.0.0, Culture=neutral, PublicKeyToken=null" name="IsValidRecordAddTest" />
    </UnitTest>
    <UnitTest name="EqualsTest" storage="d:\desktop\githubrepositories\ezmoney\ezmoney\testezmoney\bin\debug\testezmoney.dll" id="0393df5a-fa0b-3296-acc0-c8cfc4b7d946">
      <Execution id="6f14da4c-4905-4a40-a985-182d7a08e27a" />
      <TestMethod codeBase="D:/Desktop/GitHubRepositories/ezMoney/ezMoney/TestEZMoney/bin/Debug/TestEZMoney.DLL" adapterTypeName="Microsoft.VisualStudio.TestTools.TestTypes.Unit.UnitTestAdapter, Microsoft.VisualStudio.QualityTools.Tips.UnitTest.Adapter, Version=10.0.0.0, Culture=neutral, PublicKeyToken=b03f5f7f11d50a3a" className="TestEZMoney.CategoryTest, TestEZMoney, Version=1.0.0.0, Culture=neutral, PublicKeyToken=null" name="EqualsTest" />
    </UnitTest>
    <UnitTest name="WriteRecordToFileTest" storage="d:\desktop\githubrepositories\ezmoney\ezmoney\testezmoney\bin\debug\testezmoney.dll" id="9c7f7ff2-c648-ab17-bf0b-fe1837c9864c">
      <Execution id="99521cda-e026-4ba7-868d-cb9d29f69a32" />
      <TestMethod codeBase="D:/Desktop/GitHubRepositories/ezMoney/ezMoney/TestEZMoney/bin/Debug/TestEZMoney.DLL" adapterTypeName="Microsoft.VisualStudio.TestTools.TestTypes.Unit.UnitTestAdapter, Microsoft.VisualStudio.QualityTools.Tips.UnitTest.Adapter, Version=10.0.0.0, Culture=neutral, PublicKeyToken=b03f5f7f11d50a3a" className="TestEZMoney.RecordModelTest, TestEZMoney, Version=1.0.0.0, Culture=neutral, PublicKeyToken=null" name="WriteRecordToFileTest" />
    </UnitTest>
    <UnitTest name="ReadCategoryFromFileTest" storage="d:\desktop\githubrepositories\ezmoney\ezmoney\testezmoney\bin\debug\testezmoney.dll" id="ae8fa765-c6e3-3fd5-db33-812913565c79">
      <Execution id="989fda23-ce62-4a9c-a0d5-b244fcdd6c49" />
      <TestMethod codeBase="D:/Desktop/GitHubRepositories/ezMoney/ezMoney/TestEZMoney/bin/Debug/TestEZMoney.DLL" adapterTypeName="Microsoft.VisualStudio.TestTools.TestTypes.Unit.UnitTestAdapter, Microsoft.VisualStudio.QualityTools.Tips.UnitTest.Adapter, Version=10.0.0.0, Culture=neutral, PublicKeyToken=b03f5f7f11d50a3a" className="TestEZMoney.CategoryModelTest, TestEZMoney, Version=1.0.0.0, Culture=neutral, PublicKeyToken=null" name="ReadCategoryFromFileTest" />
    </UnitTest>
    <UnitTest name="AddRecordTest" storage="d:\desktop\githubrepositories\ezmoney\ezmoney\testezmoney\bin\debug\testezmoney.dll" id="14b81e4d-396f-3c8f-d4e8-0dc7ed2d0ceb">
      <Execution id="add15563-e597-4775-97f0-49d141495079" />
      <TestMethod codeBase="D:/Desktop/GitHubRepositories/ezMoney/ezMoney/TestEZMoney/bin/Debug/TestEZMoney.DLL" adapterTypeName="Microsoft.VisualStudio.TestTools.TestTypes.Unit.UnitTestAdapter, Microsoft.VisualStudio.QualityTools.Tips.UnitTest.Adapter, Version=10.0.0.0, Culture=neutral, PublicKeyToken=b03f5f7f11d50a3a" className="TestEZMoney.RecordModelTest, TestEZMoney, Version=1.0.0.0, Culture=neutral, PublicKeyToken=null" name="AddRecordTest" />
    </UnitTest>
  </TestDefinitions>
  <TestLists>
    <TestList name="不在清單中的結果" id="8c84fa94-04c1-424b-9868-57a2d4851a1d" />
    <TestList name="所有載入的結果" id="19431567-8539-422a-85d7-44ee4e166bda" />
  </TestLists>
  <TestEntries>
    <TestEntry testId="0393df5a-fa0b-3296-acc0-c8cfc4b7d946" executionId="6f14da4c-4905-4a40-a985-182d7a08e27a" testListId="8c84fa94-04c1-424b-9868-57a2d4851a1d" />
    <TestEntry testId="07e6a34d-12d4-d88c-cc26-7bf4c189b456" executionId="4099ee3a-093c-4463-82ae-9a2259eed572" testListId="8c84fa94-04c1-424b-9868-57a2d4851a1d" />
    <TestEntry testId="0931094b-3b61-b4b8-0873-f4099ecd5d4c" executionId="13bd277b-7762-484d-b150-ffe092be6623" testListId="8c84fa94-04c1-424b-9868-57a2d4851a1d" />
    <TestEntry testId="14b81e4d-396f-3c8f-d4e8-0dc7ed2d0ceb" executionId="add15563-e597-4775-97f0-49d141495079" testListId="8c84fa94-04c1-424b-9868-57a2d4851a1d" />
    <TestEntry testId="22da6018-ec09-dae5-62eb-931f2b883997" executionId="5981f247-88e2-4170-ba13-d233b29a2454" testListId="8c84fa94-04c1-424b-9868-57a2d4851a1d" />
    <TestEntry testId="2b33dc95-1dd8-69e9-fc44-d49069202e8d" executionId="82dc424a-424e-4624-b395-5aeadde3c5f6" testListId="8c84fa94-04c1-424b-9868-57a2d4851a1d" />
    <TestEntry testId="2fff3d70-8a91-739b-bf71-7ff50172d6de" executionId="1274f60f-4b49-484f-b997-383adc3bc40e" testListId="8c84fa94-04c1-424b-9868-57a2d4851a1d" />
    <TestEntry testId="3a174999-523f-75e1-819b-4e6fac788c64" executionId="dd8038a2-31cd-4a4e-b9cb-a30302431a3c" testListId="8c84fa94-04c1-424b-9868-57a2d4851a1d" />
    <TestEntry testId="41d244a7-e3cc-3543-7af4-2b014df37b62" executionId="8ef16053-8415-464a-9608-38494d821812" testListId="8c84fa94-04c1-424b-9868-57a2d4851a1d" />
    <TestEntry testId="45012060-6be2-18b5-9392-a6ace57de7f1" executionId="892194a3-5e54-4a03-be02-e21d7a693c0f" testListId="8c84fa94-04c1-424b-9868-57a2d4851a1d" />
    <TestEntry testId="4c120bd0-192a-f6ad-b54e-ad653ce85d9d" executionId="af6e25dd-6a63-4233-ae20-20fc88553255" testListId="8c84fa94-04c1-424b-9868-57a2d4851a1d" />
    <TestEntry testId="4c7cc9a3-a41a-0458-944d-2dfab50e312d" executionId="17607217-24de-498b-bc20-013fd282951f" testListId="8c84fa94-04c1-424b-9868-57a2d4851a1d" />
    <TestEntry testId="4c835668-35ae-5c48-78a8-686b3f511511" executionId="5bb757bc-a570-4d20-9c7f-0f9b57c81537" testListId="8c84fa94-04c1-424b-9868-57a2d4851a1d" />
    <TestEntry testId="4d8a1e67-a741-d1dc-e666-be1101e5eac4" executionId="22669fbf-1d91-4795-aa65-2d099ce45bf6" testListId="8c84fa94-04c1-424b-9868-57a2d4851a1d" />
    <TestEntry testId="4ed46085-d240-d4ad-6bbd-ecc4826ca41e" executionId="0a0281ca-6c56-4a4e-b067-c25adcbb9a2f" testListId="8c84fa94-04c1-424b-9868-57a2d4851a1d" />
    <TestEntry testId="5070df1b-9d86-cdf0-2681-ac5b90a53c61" executionId="79bf404b-fb3f-467e-854f-1ac724deea1c" testListId="8c84fa94-04c1-424b-9868-57a2d4851a1d" />
    <TestEntry testId="555842fa-2d25-35aa-c17b-faa4b06bcc3c" executionId="48fc16f2-cd3f-484e-9ca1-42cd9bdf92b8" testListId="8c84fa94-04c1-424b-9868-57a2d4851a1d" />
    <TestEntry testId="5f8b567f-98c3-ae13-5477-27a372c3a9a2" executionId="0aa3ca20-65ba-416c-9a46-6926e62e4231" testListId="8c84fa94-04c1-424b-9868-57a2d4851a1d" />
    <TestEntry testId="6e12922e-f637-e0ab-2bbc-896f100fe096" executionId="cc57e1a0-f9f3-44c4-9763-6d4576108e36" testListId="8c84fa94-04c1-424b-9868-57a2d4851a1d" />
    <TestEntry testId="74efd12a-9c71-71c4-7dc6-67bf8631fefb" executionId="34de3170-6f93-4684-92a0-04071a76335e" testListId="8c84fa94-04c1-424b-9868-57a2d4851a1d" />
    <TestEntry testId="7d3e6c23-29df-0d58-ab46-c33cfd104620" executionId="3977c697-9b77-4b79-a9f7-cef31d275572" testListId="8c84fa94-04c1-424b-9868-57a2d4851a1d" />
    <TestEntry testId="8743b71d-5926-b78d-c573-e5254345d1a2" executionId="9d687225-1ed5-4902-be21-085831209c58" testListId="8c84fa94-04c1-424b-9868-57a2d4851a1d" />
    <TestEntry testId="985ad049-bb35-3360-42f7-3933780d5c59" executionId="4fc1e24e-57a1-450f-9a39-4e8a6af58734" testListId="8c84fa94-04c1-424b-9868-57a2d4851a1d" />
    <TestEntry testId="9c7f7ff2-c648-ab17-bf0b-fe1837c9864c" executionId="99521cda-e026-4ba7-868d-cb9d29f69a32" testListId="8c84fa94-04c1-424b-9868-57a2d4851a1d" />
    <TestEntry testId="abb1e93d-9f24-6d2a-9e99-4f0f51cac12c" executionId="7d147b10-7b1e-4836-8cb7-58272de3a5b8" testListId="8c84fa94-04c1-424b-9868-57a2d4851a1d" />
    <TestEntry testId="ae8fa765-c6e3-3fd5-db33-812913565c79" executionId="989fda23-ce62-4a9c-a0d5-b244fcdd6c49" testListId="8c84fa94-04c1-424b-9868-57a2d4851a1d" />
    <TestEntry testId="b3053f22-9278-9467-c301-e74748f4cbe1" executionId="cadd1349-35bc-4dd8-bfb9-cca31cf6e541" testListId="8c84fa94-04c1-424b-9868-57a2d4851a1d" />
    <TestEntry testId="b50a1ba1-45f3-8758-046a-23678c734d01" executionId="dffc9b2d-9706-41b7-ac32-47218ad098f0" testListId="8c84fa94-04c1-424b-9868-57a2d4851a1d" />
    <TestEntry testId="c0746781-6825-d26a-5c81-52f601d3f840" executionId="36ec3b34-cd89-4d5c-87d5-aab2e8976b79" testListId="8c84fa94-04c1-424b-9868-57a2d4851a1d" />
    <TestEntry testId="c08601fa-e2ca-6b69-d339-98b3ccb9dfc5" executionId="9124bf49-ca7a-49ed-a789-fc2c9a18c298" testListId="8c84fa94-04c1-424b-9868-57a2d4851a1d" />
    <TestEntry testId="c5b22390-b403-06b6-7b08-7f2581f78a9f" executionId="556b7469-e05d-4f2f-b2a1-b336089bdd8f" testListId="8c84fa94-04c1-424b-9868-57a2d4851a1d" />
    <TestEntry testId="ceb0e51e-614c-8f34-d82a-4c54d316785b" executionId="f123795e-7803-4c1c-b761-bc14a73c075d" testListId="8c84fa94-04c1-424b-9868-57a2d4851a1d" />
    <TestEntry testId="cfb57f48-7a18-23b3-6961-3e854da8506c" executionId="59de3b32-4211-42fe-ae41-0850bfd1c5fc" testListId="8c84fa94-04c1-424b-9868-57a2d4851a1d" />
    <TestEntry testId="e13dfe34-ee77-5bc8-713b-2863090d5471" executionId="563cb4e8-303d-4075-8e64-308ceed27723" testListId="8c84fa94-04c1-424b-9868-57a2d4851a1d" />
    <TestEntry testId="e186dc13-d4a8-b2aa-a20a-0a24ae26ce42" executionId="1a8d95aa-e9dd-4a05-95e4-6e1c52728ef9" testListId="8c84fa94-04c1-424b-9868-57a2d4851a1d" />
    <TestEntry testId="e6841291-87bc-44c9-0de6-c9d9d276bd27" executionId="d50917cc-c938-458a-a5cb-882da02a30b8" testListId="8c84fa94-04c1-424b-9868-57a2d4851a1d" />
    <TestEntry testId="e81eabcf-b83c-e229-b61a-105cd01ce1b6" executionId="c5ea82e5-e2ad-49de-b889-3cfb58fe9875" testListId="8c84fa94-04c1-424b-9868-57a2d4851a1d" />
    <TestEntry testId="eee989bd-6a80-d85b-3f16-3dfd7ab1c324" executionId="3c9ac290-c82d-4067-a498-6aa4b6d6d0d1" testListId="8c84fa94-04c1-424b-9868-57a2d4851a1d" />
    <TestEntry testId="fae568e8-7858-4564-7c53-02050778c4dc" executionId="ad088c8d-2581-4ca2-99e0-90336fd87634" testListId="8c84fa94-04c1-424b-9868-57a2d4851a1d" />
  </TestEntries>
  <Results>
    <UnitTestResult executionId="6f14da4c-4905-4a40-a985-182d7a08e27a" testId="0393df5a-fa0b-3296-acc0-c8cfc4b7d946" testName="EqualsTest" computerName="MEOW-PC" duration="00:00:00.0258993" startTime="2012-10-21T17:33:10.0552877+08:00" endTime="2012-10-21T17:33:10.3303034+08:00" testType="13cdc9d9-ddb5-4fa4-a97d-d965ccfc6d4b" outcome="Passed" testListId="8c84fa94-04c1-424b-9868-57a2d4851a1d" relativeResultsDirectory="6f14da4c-4905-4a40-a985-182d7a08e27a">
    </UnitTestResult>
    <UnitTestResult executionId="4099ee3a-093c-4463-82ae-9a2259eed572" testId="07e6a34d-12d4-d88c-cc26-7bf4c189b456" testName="CategoryNameTest" computerName="MEOW-PC" duration="00:00:00.0005481" startTime="2012-10-21T17:33:10.3343037+08:00" endTime="2012-10-21T17:33:10.3423041+08:00" testType="13cdc9d9-ddb5-4fa4-a97d-d965ccfc6d4b" outcome="Passed" testListId="8c84fa94-04c1-424b-9868-57a2d4851a1d" relativeResultsDirectory="4099ee3a-093c-4463-82ae-9a2259eed572">
    </UnitTestResult>
    <UnitTestResult executionId="13bd277b-7762-484d-b150-ffe092be6623" testId="0931094b-3b61-b4b8-0873-f4099ecd5d4c" testName="IsValidCategoryAddTest" computerName="MEOW-PC" duration="00:00:00.0040511" startTime="2012-10-21T17:33:10.3433042+08:00" endTime="2012-10-21T17:33:10.3543048+08:00" testType="13cdc9d9-ddb5-4fa4-a97d-d965ccfc6d4b" outcome="Passed" testListId="8c84fa94-04c1-424b-9868-57a2d4851a1d" relativeResultsDirectory="13bd277b-7762-484d-b150-ffe092be6623">
    </UnitTestResult>
    <UnitTestResult executionId="add15563-e597-4775-97f0-49d141495079" testId="14b81e4d-396f-3c8f-d4e8-0dc7ed2d0ceb" testName="AddRecordTest" computerName="MEOW-PC" duration="00:00:00.0031451" startTime="2012-10-21T17:33:10.3563049+08:00" endTime="2012-10-21T17:33:10.3653054+08:00" testType="13cdc9d9-ddb5-4fa4-a97d-d965ccfc6d4b" outcome="Passed" testListId="8c84fa94-04c1-424b-9868-57a2d4851a1d" relativeResultsDirectory="add15563-e597-4775-97f0-49d141495079">
    </UnitTestResult>
    <UnitTestResult executionId="5981f247-88e2-4170-ba13-d233b29a2454" testId="22da6018-ec09-dae5-62eb-931f2b883997" testName="GetRecordsTest2" computerName="MEOW-PC" duration="00:00:00.0024715" startTime="2012-10-21T17:33:10.3693057+08:00" endTime="2012-10-21T17:33:10.3793062+08:00" testType="13cdc9d9-ddb5-4fa4-a97d-d965ccfc6d4b" outcome="Passed" testListId="8c84fa94-04c1-424b-9868-57a2d4851a1d" relativeResultsDirectory="5981f247-88e2-4170-ba13-d233b29a2454">
    </UnitTestResult>
    <UnitTestResult executionId="82dc424a-424e-4624-b395-5aeadde3c5f6" testId="2b33dc95-1dd8-69e9-fc44-d49069202e8d" testName="GetCategoryTest" computerName="MEOW-PC" duration="00:00:00.0118641" startTime="2012-10-21T17:33:10.3813064+08:00" endTime="2012-10-21T17:33:10.4003074+08:00" testType="13cdc9d9-ddb5-4fa4-a97d-d965ccfc6d4b" outcome="Passed" testListId="8c84fa94-04c1-424b-9868-57a2d4851a1d" relativeResultsDirectory="82dc424a-424e-4624-b395-5aeadde3c5f6">
    </UnitTestResult>
    <UnitTestResult executionId="1274f60f-4b49-484f-b997-383adc3bc40e" testId="2fff3d70-8a91-739b-bf71-7ff50172d6de" testName="DateTest" computerName="MEOW-PC" duration="00:00:00.0042563" startTime="2012-10-21T17:33:10.4023076+08:00" endTime="2012-10-21T17:33:10.4123081+08:00" testType="13cdc9d9-ddb5-4fa4-a97d-d965ccfc6d4b" outcome="Passed" testListId="8c84fa94-04c1-424b-9868-57a2d4851a1d" relativeResultsDirectory="1274f60f-4b49-484f-b997-383adc3bc40e">
    </UnitTestResult>
    <UnitTestResult executionId="dd8038a2-31cd-4a4e-b9cb-a30302431a3c" testId="3a174999-523f-75e1-819b-4e6fac788c64" testName="GetRecordsTest" computerName="MEOW-PC" duration="00:00:00.0017974" startTime="2012-10-21T17:33:10.4143082+08:00" endTime="2012-10-21T17:33:10.4213086+08:00" testType="13cdc9d9-ddb5-4fa4-a97d-d965ccfc6d4b" outcome="Passed" testListId="8c84fa94-04c1-424b-9868-57a2d4851a1d" relativeResultsDirectory="dd8038a2-31cd-4a4e-b9cb-a30302431a3c">
    </UnitTestResult>
    <UnitTestResult executionId="8ef16053-8415-464a-9608-38494d821812" testId="41d244a7-e3cc-3543-7af4-2b014df37b62" testName="AddCategoryTest" computerName="MEOW-PC" duration="00:00:00.0005047" startTime="2012-10-21T17:33:10.4243088+08:00" endTime="2012-10-21T17:33:10.4303092+08:00" testType="13cdc9d9-ddb5-4fa4-a97d-d965ccfc6d4b" outcome="Passed" testListId="8c84fa94-04c1-424b-9868-57a2d4851a1d" relativeResultsDirectory="8ef16053-8415-464a-9608-38494d821812">
    </UnitTestResult>
    <UnitTestResult executionId="892194a3-5e54-4a03-be02-e21d7a693c0f" testId="45012060-6be2-18b5-9392-a6ace57de7f1" testName="GetIncomeStatisticsTest" computerName="MEOW-PC" duration="00:00:00.0042456" startTime="2012-10-21T17:33:10.4333093+08:00" endTime="2012-10-21T17:33:10.4423098+08:00" testType="13cdc9d9-ddb5-4fa4-a97d-d965ccfc6d4b" outcome="Passed" testListId="8c84fa94-04c1-424b-9868-57a2d4851a1d" relativeResultsDirectory="892194a3-5e54-4a03-be02-e21d7a693c0f">
    </UnitTestResult>
    <UnitTestResult executionId="af6e25dd-6a63-4233-ae20-20fc88553255" testId="4c120bd0-192a-f6ad-b54e-ad653ce85d9d" testName="GetAmountsTest" computerName="MEOW-PC" duration="00:00:00.0012880" startTime="2012-10-21T17:33:10.4443100+08:00" endTime="2012-10-21T17:33:10.4503103+08:00" testType="13cdc9d9-ddb5-4fa4-a97d-d965ccfc6d4b" outcome="Passed" testListId="8c84fa94-04c1-424b-9868-57a2d4851a1d" relativeResultsDirectory="af6e25dd-6a63-4233-ae20-20fc88553255">
    </UnitTestResult>
    <UnitTestResult executionId="17607217-24de-498b-bc20-013fd282951f" testId="4c7cc9a3-a41a-0458-944d-2dfab50e312d" testName="PercentTest" computerName="MEOW-PC" duration="00:00:00.0005616" startTime="2012-10-21T17:33:10.4533105+08:00" endTime="2012-10-21T17:33:10.4583108+08:00" testType="13cdc9d9-ddb5-4fa4-a97d-d965ccfc6d4b" outcome="Passed" testListId="8c84fa94-04c1-424b-9868-57a2d4851a1d" relativeResultsDirectory="17607217-24de-498b-bc20-013fd282951f">
    </UnitTestResult>
    <UnitTestResult executionId="5bb757bc-a570-4d20-9c7f-0f9b57c81537" testId="4c835668-35ae-5c48-78a8-686b3f511511" testName="GetRecordsTest1" computerName="MEOW-PC" duration="00:00:00.0007823" startTime="2012-10-21T17:33:10.4603109+08:00" endTime="2012-10-21T17:33:10.4663112+08:00" testType="13cdc9d9-ddb5-4fa4-a97d-d965ccfc6d4b" outcome="Passed" testListId="8c84fa94-04c1-424b-9868-57a2d4851a1d" relativeResultsDirectory="5bb757bc-a570-4d20-9c7f-0f9b57c81537">
    </UnitTestResult>
    <UnitTestResult executionId="22669fbf-1d91-4795-aa65-2d099ce45bf6" testId="4d8a1e67-a741-d1dc-e666-be1101e5eac4" testName="CategoryTest" computerName="MEOW-PC" duration="00:00:00.0005761" startTime="2012-10-21T17:33:10.4683113+08:00" endTime="2012-10-21T17:33:10.4743117+08:00" testType="13cdc9d9-ddb5-4fa4-a97d-d965ccfc6d4b" outcome="Passed" testListId="8c84fa94-04c1-424b-9868-57a2d4851a1d" relativeResultsDirectory="22669fbf-1d91-4795-aa65-2d099ce45bf6">
    </UnitTestResult>
    <UnitTestResult executionId="0a0281ca-6c56-4a4e-b067-c25adcbb9a2f" testId="4ed46085-d240-d4ad-6bbd-ecc4826ca41e" testName="GetStatisticDataGridViewDataSourceTest" computerName="MEOW-PC" duration="00:00:00.0235850" startTime="2012-10-21T17:33:10.4763118+08:00" endTime="2012-10-21T17:33:10.5053135+08:00" testType="13cdc9d9-ddb5-4fa4-a97d-d965ccfc6d4b" outcome="Failed" testListId="8c84fa94-04c1-424b-9868-57a2d4851a1d" relativeResultsDirectory="0a0281ca-6c56-4a4e-b067-c25adcbb9a2f">
      <Output>
        <ErrorInfo>
          <Message>測試方法 TestEZMoney.StatisticModelTest.GetStatisticDataGridViewDataSourceTest 擲回例外狀況: 
System.NullReferenceException: 並未將物件參考設定為物件的執行個體。</Message>
          <StackTrace>    於 ezMoney.StatisticModel.GetExpenseStatistics() 於 D:\Desktop\GitHubRepositories\ezMoney\ezMoney\Models\StatisticModel.cs: 行 29
   於 ezMoney.StatisticModel.GetStatisticDataGridViewDataSource(Boolean isIncome) 於 D:\Desktop\GitHubRepositories\ezMoney\ezMoney\Models\StatisticModel.cs: 行 130
   於 TestEZMoney.StatisticModelTest.GetStatisticDataGridViewDataSourceTest() 於 D:\Desktop\GitHubRepositories\ezMoney\ezMoney\TestEZMoney\StatisticModelTest.cs: 行 272
</StackTrace>
        </ErrorInfo>
      </Output>
    </UnitTestResult>
    <UnitTestResult executionId="79bf404b-fb3f-467e-854f-1ac724deea1c" testId="5070df1b-9d86-cdf0-2681-ac5b90a53c61" testName="IsValidRecordAddTest" computerName="MEOW-PC" duration="00:00:00.0018161" startTime="2012-10-21T17:33:10.5103137+08:00" endTime="2012-10-21T17:33:10.5213144+08:00" testType="13cdc9d9-ddb5-4fa4-a97d-d965ccfc6d4b" outcome="Passed" testListId="8c84fa94-04c1-424b-9868-57a2d4851a1d" relativeResultsDirectory="79bf404b-fb3f-467e-854f-1ac724deea1c">
    </UnitTestResult>
    <UnitTestResult executionId="48fc16f2-cd3f-484e-9ca1-42cd9bdf92b8" testId="555842fa-2d25-35aa-c17b-faa4b06bcc3c" testName="GetStatisticTest" computerName="MEOW-PC" duration="00:00:00.0007953" startTime="2012-10-21T17:33:10.5253146+08:00" endTime="2012-10-21T17:33:10.5323150+08:00" testType="13cdc9d9-ddb5-4fa4-a97d-d965ccfc6d4b" outcome="Passed" testListId="8c84fa94-04c1-424b-9868-57a2d4851a1d" relativeResultsDirectory="48fc16f2-cd3f-484e-9ca1-42cd9bdf92b8">
    </UnitTestResult>
    <UnitTestResult executionId="0aa3ca20-65ba-416c-9a46-6926e62e4231" testId="5f8b567f-98c3-ae13-5477-27a372c3a9a2" testName="GetCategoryIndexTest" computerName="MEOW-PC" duration="00:00:00.0003106" startTime="2012-10-21T17:33:10.5363152+08:00" endTime="2012-10-21T17:33:10.5423156+08:00" testType="13cdc9d9-ddb5-4fa4-a97d-d965ccfc6d4b" outcome="Passed" testListId="8c84fa94-04c1-424b-9868-57a2d4851a1d" relativeResultsDirectory="0aa3ca20-65ba-416c-9a46-6926e62e4231">
    </UnitTestResult>
    <UnitTestResult executionId="cc57e1a0-f9f3-44c4-9763-6d4576108e36" testId="6e12922e-f637-e0ab-2bbc-896f100fe096" testName="GetRecordsTest3" computerName="MEOW-PC" duration="00:00:00.0009106" startTime="2012-10-21T17:33:10.5453157+08:00" endTime="2012-10-21T17:33:10.5523161+08:00" testType="13cdc9d9-ddb5-4fa4-a97d-d965ccfc6d4b" outcome="Passed" testListId="8c84fa94-04c1-424b-9868-57a2d4851a1d" relativeResultsDirectory="cc57e1a0-f9f3-44c4-9763-6d4576108e36">
    </UnitTestResult>
    <UnitTestResult executionId="34de3170-6f93-4684-92a0-04071a76335e" testId="74efd12a-9c71-71c4-7dc6-67bf8631fefb" testName="ToStringTest" computerName="MEOW-PC" duration="00:00:00.0004986" startTime="2012-10-21T17:33:10.5553163+08:00" endTime="2012-10-21T17:33:10.5623167+08:00" testType="13cdc9d9-ddb5-4fa4-a97d-d965ccfc6d4b" outcome="Passed" testListId="8c84fa94-04c1-424b-9868-57a2d4851a1d" relativeResultsDirectory="34de3170-6f93-4684-92a0-04071a76335e">
    </UnitTestResult>
    <UnitTestResult executionId="3977c697-9b77-4b79-a9f7-cef31d275572" testId="7d3e6c23-29df-0d58-ab46-c33cfd104620" testName="GetExpenseStatisticsTest" computerName="MEOW-PC" duration="00:00:00.0010104" startTime="2012-10-21T17:33:10.5633168+08:00" endTime="2012-10-21T17:33:10.5713172+08:00" testType="13cdc9d9-ddb5-4fa4-a97d-d965ccfc6d4b" outcome="Passed" testListId="8c84fa94-04c1-424b-9868-57a2d4851a1d" relativeResultsDirectory="3977c697-9b77-4b79-a9f7-cef31d275572">
    </UnitTestResult>
    <UnitTestResult executionId="9d687225-1ed5-4902-be21-085831209c58" testId="8743b71d-5926-b78d-c573-e5254345d1a2" testName="SetPercentTest" computerName="MEOW-PC" duration="00:00:00.0005360" startTime="2012-10-21T17:33:10.5733173+08:00" endTime="2012-10-21T17:33:10.5793177+08:00" testType="13cdc9d9-ddb5-4fa4-a97d-d965ccfc6d4b" outcome="Passed" testListId="8c84fa94-04c1-424b-9868-57a2d4851a1d" relativeResultsDirectory="9d687225-1ed5-4902-be21-085831209c58">
    </UnitTestResult>
    <UnitTestResult executionId="4fc1e24e-57a1-450f-9a39-4e8a6af58734" testId="985ad049-bb35-3360-42f7-3933780d5c59" testName="ReadRecordFromFileTest" computerName="MEOW-PC" duration="00:00:00.0190315" startTime="2012-10-21T17:33:10.5823179+08:00" endTime="2012-10-21T17:33:10.6073193+08:00" testType="13cdc9d9-ddb5-4fa4-a97d-d965ccfc6d4b" outcome="Passed" testListId="8c84fa94-04c1-424b-9868-57a2d4851a1d" relativeResultsDirectory="4fc1e24e-57a1-450f-9a39-4e8a6af58734">
    </UnitTestResult>
    <UnitTestResult executionId="99521cda-e026-4ba7-868d-cb9d29f69a32" testId="9c7f7ff2-c648-ab17-bf0b-fe1837c9864c" testName="WriteRecordToFileTest" computerName="MEOW-PC" duration="00:00:00.0063127" startTime="2012-10-21T17:33:10.6103195+08:00" endTime="2012-10-21T17:33:10.6223201+08:00" testType="13cdc9d9-ddb5-4fa4-a97d-d965ccfc6d4b" outcome="Passed" testListId="8c84fa94-04c1-424b-9868-57a2d4851a1d" relativeResultsDirectory="99521cda-e026-4ba7-868d-cb9d29f69a32">
    </UnitTestResult>
    <UnitTestResult executionId="7d147b10-7b1e-4836-8cb7-58272de3a5b8" testId="abb1e93d-9f24-6d2a-9e99-4f0f51cac12c" testName="GetHashCodeTest" computerName="MEOW-PC" duration="00:00:00.0012395" startTime="2012-10-21T17:33:10.6243203+08:00" endTime="2012-10-21T17:33:10.6313207+08:00" testType="13cdc9d9-ddb5-4fa4-a97d-d965ccfc6d4b" outcome="Passed" testListId="8c84fa94-04c1-424b-9868-57a2d4851a1d" relativeResultsDirectory="7d147b10-7b1e-4836-8cb7-58272de3a5b8">
    </UnitTestResult>
    <UnitTestResult executionId="989fda23-ce62-4a9c-a0d5-b244fcdd6c49" testId="ae8fa765-c6e3-3fd5-db33-812913565c79" testName="ReadCategoryFromFileTest" computerName="MEOW-PC" duration="00:00:00.0025807" startTime="2012-10-21T17:33:10.6343208+08:00" endTime="2012-10-21T17:33:10.6423213+08:00" testType="13cdc9d9-ddb5-4fa4-a97d-d965ccfc6d4b" outcome="Passed" testListId="8c84fa94-04c1-424b-9868-57a2d4851a1d" relativeResultsDirectory="989fda23-ce62-4a9c-a0d5-b244fcdd6c49">
    </UnitTestResult>
    <UnitTestResult executionId="cadd1349-35bc-4dd8-bfb9-cca31cf6e541" testId="b3053f22-9278-9467-c301-e74748f4cbe1" testName="GetExpenseTest" computerName="MEOW-PC" duration="00:00:00.0009367" startTime="2012-10-21T17:33:10.6443214+08:00" endTime="2012-10-21T17:33:10.6523219+08:00" testType="13cdc9d9-ddb5-4fa4-a97d-d965ccfc6d4b" outcome="Passed" testListId="8c84fa94-04c1-424b-9868-57a2d4851a1d" relativeResultsDirectory="cadd1349-35bc-4dd8-bfb9-cca31cf6e541">
    </UnitTestResult>
    <UnitTestResult executionId="dffc9b2d-9706-41b7-ac32-47218ad098f0" testId="b50a1ba1-45f3-8758-046a-23678c734d01" testName="GetAmountTest" computerName="MEOW-PC" duration="00:00:00.0005840" startTime="2012-10-21T17:33:10.6543220+08:00" endTime="2012-10-21T17:33:10.6593223+08:00" testType="13cdc9d9-ddb5-4fa4-a97d-d965ccfc6d4b" outcome="Passed" testListId="8c84fa94-04c1-424b-9868-57a2d4851a1d" relativeResultsDirectory="dffc9b2d-9706-41b7-ac32-47218ad098f0">
    </UnitTestResult>
    <UnitTestResult executionId="36ec3b34-cd89-4d5c-87d5-aab2e8976b79" testId="c0746781-6825-d26a-5c81-52f601d3f840" testName="AmountTest" computerName="MEOW-PC" duration="00:00:00.0006059" startTime="2012-10-21T17:33:10.6613224+08:00" endTime="2012-10-21T17:33:10.6673227+08:00" testType="13cdc9d9-ddb5-4fa4-a97d-d965ccfc6d4b" outcome="Passed" testListId="8c84fa94-04c1-424b-9868-57a2d4851a1d" relativeResultsDirectory="36ec3b34-cd89-4d5c-87d5-aab2e8976b79">
    </UnitTestResult>
    <UnitTestResult executionId="9124bf49-ca7a-49ed-a789-fc2c9a18c298" testId="c08601fa-e2ca-6b69-d339-98b3ccb9dfc5" testName="AmountsTest" computerName="MEOW-PC" duration="00:00:00.0003582" startTime="2012-10-21T17:33:10.6693228+08:00" endTime="2012-10-21T17:33:10.6753232+08:00" testType="13cdc9d9-ddb5-4fa4-a97d-d965ccfc6d4b" outcome="Passed" testListId="8c84fa94-04c1-424b-9868-57a2d4851a1d" relativeResultsDirectory="9124bf49-ca7a-49ed-a789-fc2c9a18c298">
    </UnitTestResult>
    <UnitTestResult executionId="556b7469-e05d-4f2f-b2a1-b336089bdd8f" testId="c5b22390-b403-06b6-7b08-7f2581f78a9f" testName="GetBalanceTest" computerName="MEOW-PC" duration="00:00:00.0009973" startTime="2012-10-21T17:33:10.6773233+08:00" endTime="2012-10-21T17:33:10.6843237+08:00" testType="13cdc9d9-ddb5-4fa4-a97d-d965ccfc6d4b" outcome="Passed" testListId="8c84fa94-04c1-424b-9868-57a2d4851a1d" relativeResultsDirectory="556b7469-e05d-4f2f-b2a1-b336089bdd8f">
    </UnitTestResult>
    <UnitTestResult executionId="f123795e-7803-4c1c-b761-bc14a73c075d" testId="ceb0e51e-614c-8f34-d82a-4c54d316785b" testName="GetNegativeRecordsTest" computerName="MEOW-PC" duration="00:00:00.0009050" startTime="2012-10-21T17:33:10.6933242+08:00" endTime="2012-10-21T17:33:10.6993245+08:00" testType="13cdc9d9-ddb5-4fa4-a97d-d965ccfc6d4b" outcome="Passed" testListId="8c84fa94-04c1-424b-9868-57a2d4851a1d" relativeResultsDirectory="f123795e-7803-4c1c-b761-bc14a73c075d">
    </UnitTestResult>
    <UnitTestResult executionId="59de3b32-4211-42fe-ae41-0850bfd1c5fc" testId="cfb57f48-7a18-23b3-6961-3e854da8506c" testName="IsExistTest" computerName="MEOW-PC" duration="00:00:00.0003176" startTime="2012-10-21T17:33:10.7003246+08:00" endTime="2012-10-21T17:33:10.7053249+08:00" testType="13cdc9d9-ddb5-4fa4-a97d-d965ccfc6d4b" outcome="Passed" testListId="8c84fa94-04c1-424b-9868-57a2d4851a1d" relativeResultsDirectory="59de3b32-4211-42fe-ae41-0850bfd1c5fc">
    </UnitTestResult>
    <UnitTestResult executionId="563cb4e8-303d-4075-8e64-308ceed27723" testId="e13dfe34-ee77-5bc8-713b-2863090d5471" testName="CategoryTest" computerName="MEOW-PC" duration="00:00:00.0004455" startTime="2012-10-21T17:33:10.7073250+08:00" endTime="2012-10-21T17:33:10.7123253+08:00" testType="13cdc9d9-ddb5-4fa4-a97d-d965ccfc6d4b" outcome="Passed" testListId="8c84fa94-04c1-424b-9868-57a2d4851a1d" relativeResultsDirectory="563cb4e8-303d-4075-8e64-308ceed27723">
    </UnitTestResult>
    <UnitTestResult executionId="1a8d95aa-e9dd-4a05-95e4-6e1c52728ef9" testId="e186dc13-d4a8-b2aa-a20a-0a24ae26ce42" testName="GetIncomeTest" computerName="MEOW-PC" duration="00:00:00.0008401" startTime="2012-10-21T17:33:10.7133253+08:00" endTime="2012-10-21T17:33:10.7193257+08:00" testType="13cdc9d9-ddb5-4fa4-a97d-d965ccfc6d4b" outcome="Passed" testListId="8c84fa94-04c1-424b-9868-57a2d4851a1d" relativeResultsDirectory="1a8d95aa-e9dd-4a05-95e4-6e1c52728ef9">
    </UnitTestResult>
    <UnitTestResult executionId="d50917cc-c938-458a-a5cb-882da02a30b8" testId="e6841291-87bc-44c9-0de6-c9d9d276bd27" testName="WriteCategoryToFileTest" computerName="MEOW-PC" duration="00:00:00.0010729" startTime="2012-10-21T17:33:10.7213258+08:00" endTime="2012-10-21T17:33:10.7273262+08:00" testType="13cdc9d9-ddb5-4fa4-a97d-d965ccfc6d4b" outcome="Passed" testListId="8c84fa94-04c1-424b-9868-57a2d4851a1d" relativeResultsDirectory="d50917cc-c938-458a-a5cb-882da02a30b8">
    </UnitTestResult>
    <UnitTestResult executionId="c5ea82e5-e2ad-49de-b889-3cfb58fe9875" testId="e81eabcf-b83c-e229-b61a-105cd01ce1b6" testName="GetCategoriesTest" computerName="MEOW-PC" duration="00:00:00.0003969" startTime="2012-10-21T17:33:10.7293263+08:00" endTime="2012-10-21T17:33:10.7353266+08:00" testType="13cdc9d9-ddb5-4fa4-a97d-d965ccfc6d4b" outcome="Passed" testListId="8c84fa94-04c1-424b-9868-57a2d4851a1d" relativeResultsDirectory="c5ea82e5-e2ad-49de-b889-3cfb58fe9875">
    </UnitTestResult>
    <UnitTestResult executionId="3c9ac290-c82d-4067-a498-6aa4b6d6d0d1" testId="eee989bd-6a80-d85b-3f16-3dfd7ab1c324" testName="GetPositiveRecordsTest" computerName="MEOW-PC" duration="00:00:00.0008914" startTime="2012-10-21T17:33:10.7373267+08:00" endTime="2012-10-21T17:33:10.7433271+08:00" testType="13cdc9d9-ddb5-4fa4-a97d-d965ccfc6d4b" outcome="Passed" testListId="8c84fa94-04c1-424b-9868-57a2d4851a1d" relativeResultsDirectory="3c9ac290-c82d-4067-a498-6aa4b6d6d0d1">
    </UnitTestResult>
    <UnitTestResult executionId="ad088c8d-2581-4ca2-99e0-90336fd87634" testId="fae568e8-7858-4564-7c53-02050778c4dc" testName="CountTest" computerName="MEOW-PC" duration="00:00:00.0002929" startTime="2012-10-21T17:33:10.7443271+08:00" endTime="2012-10-21T17:33:10.7493274+08:00" testType="13cdc9d9-ddb5-4fa4-a97d-d965ccfc6d4b" outcome="Passed" testListId="8c84fa94-04c1-424b-9868-57a2d4851a1d" relativeResultsDirectory="ad088c8d-2581-4ca2-99e0-90336fd87634">
    </UnitTestResult>
  </Results>
</TestRun>