<?xml version="1.0" encoding="UTF-8"?>
<TestRun id="9485d0d1-188e-40c6-9609-5c4d8ad425e7" name="Meow@MEOW-PC 2012-10-21 17:32:40" runUser="Meow-PC\Meow" xmlns="http://microsoft.com/schemas/VisualStudio/TeamTest/2010">
  <TestSettings name="本機" id="4c5d43f5-97de-455f-80f8-d6dcfee819f3">
    <Description>這些是本機測試回合的預設測試設定。</Description>
    <Deployment runDeploymentRoot="Meow_MEOW-PC 2012-10-21 17_32_40">
      <DeploymentItem filename="D:\Desktop\GitHubRepositories\ezMoney\ezMoney\bin\Debug\ezMoney.exe" />
    </Deployment>
    <Execution>
      <TestTypeSpecific>
        <UnitTestRunConfig testTypeId="13cdc9d9-ddb5-4fa4-a97d-d965ccfc6d4b">
          <AssemblyResolution>
            <TestDirectory useLoadContext="true" />
          </AssemblyResolution>
        </UnitTestRunConfig>
        <WebTestRunConfiguration testTypeId="4e7599fa-5ecb-43e9-a887-cd63cf72d207">
          <Browser name="Internet Explorer 7.0">
            <Headers>
              <Header name="User-Agent" value="Mozilla/4.0 (compatible; MSIE 7.0; Windows NT 5.1)" />
              <Header name="Accept" value="*/*" />
              <Header name="Accept-Language" value="{{$IEAcceptLanguage}}" />
              <Header name="Accept-Encoding" value="GZIP" />
            </Headers>
          </Browser>
        </WebTestRunConfiguration>
      </TestTypeSpecific>
      <AgentRule name="LocalMachineDefaultRole">
        <DataCollectors>
          <DataCollector uri="datacollector://microsoft/CodeCoverage/1.0" assemblyQualifiedName="Microsoft.VisualStudio.TestTools.CodeCoverage.CoveragePlugIn, Microsoft.VisualStudio.QualityTools.Plugins.CodeCoverage, Version=10.0.0.0, Culture=neutral, PublicKeyToken=b03f5f7f11d50a3a" friendlyName="程式碼涵蓋範圍">
            <Configuration>
              <CodeCoverage xmlns="">
                <Regular>
                  <CodeCoverageItem binaryFile="D:\Desktop\GitHubRepositories\ezMoney\ezMoney\bin\Debug\ezMoney.exe" pdbFile="D:\Desktop\GitHubRepositories\ezMoney\ezMoney\bin\Debug\ezMoney.instr.pdb" instrumentInPlace="true" />
                </Regular>
              </CodeCoverage>
            </Configuration>
          </DataCollector>
        </DataCollectors>
      </AgentRule>
    </Execution>
  </TestSettings>
  <Times creation="2012-10-21T17:32:40.9626237+08:00" queuing="2012-10-21T17:32:41.4116494+08:00" start="2012-10-21T17:32:41.4876537+08:00" finish="2012-10-21T17:32:44.3778190+08:00" />
  <ResultSummary outcome="Failed">
    <Counters total="1" executed="1" error="0" failed="1" timeout="0" aborted="0" inconclusive="0" passedButRunAborted="0" notRunnable="0" notExecuted="0" disconnected="0" warning="0" passed="0" completed="0" inProgress="0" pending="0" />
    <ResultFiles>
      <ResultFile path="MEOW-PC\data.coverage" />
    </ResultFiles>
  </ResultSummary>
  <TestDefinitions>
    <UnitTest name="GetIncomeStatisticsTest" storage="d:\desktop\githubrepositories\ezmoney\ezmoney\testezmoney\bin\debug\testezmoney.dll" id="45012060-6be2-18b5-9392-a6ace57de7f1">
      <Execution id="f45dd8d1-9013-49cb-97be-1781a3f1f27f" />
      <TestMethod codeBase="D:/Desktop/GitHubRepositories/ezMoney/ezMoney/TestEZMoney/bin/Debug/TestEZMoney.DLL" adapterTypeName="Microsoft.VisualStudio.TestTools.TestTypes.Unit.UnitTestAdapter, Microsoft.VisualStudio.QualityTools.Tips.UnitTest.Adapter, Version=10.0.0.0, Culture=neutral, PublicKeyToken=b03f5f7f11d50a3a" className="TestEZMoney.StatisticModelTest, TestEZMoney, Version=1.0.0.0, Culture=neutral, PublicKeyToken=null" name="GetIncomeStatisticsTest" />
    </UnitTest>
  </TestDefinitions>
  <TestLists>
    <TestList name="不在清單中的結果" id="8c84fa94-04c1-424b-9868-57a2d4851a1d" />
    <TestList name="所有載入的結果" id="19431567-8539-422a-85d7-44ee4e166bda" />
  </TestLists>
  <TestEntries>
    <TestEntry testId="45012060-6be2-18b5-9392-a6ace57de7f1" executionId="f45dd8d1-9013-49cb-97be-1781a3f1f27f" testListId="8c84fa94-04c1-424b-9868-57a2d4851a1d" />
  </TestEntries>
  <Results>
    <UnitTestResult executionId="f45dd8d1-9013-49cb-97be-1781a3f1f27f" testId="45012060-6be2-18b5-9392-a6ace57de7f1" testName="GetIncomeStatisticsTest" computerName="MEOW-PC" duration="00:00:00.0727728" startTime="2012-10-21T17:32:42.3567034+08:00" endTime="2012-10-21T17:32:42.6727215+08:00" testType="13cdc9d9-ddb5-4fa4-a97d-d965ccfc6d4b" outcome="Failed" testListId="8c84fa94-04c1-424b-9868-57a2d4851a1d" relativeResultsDirectory="f45dd8d1-9013-49cb-97be-1781a3f1f27f">
      <Output>
        <ErrorInfo>
          <Message>Assert.AreEqual 失敗。預期: &lt;4&gt;。實際: &lt;1&gt;。</Message>
          <StackTrace>   於 TestEZMoney.StatisticModelTest.GetIncomeStatisticsTest() 於 D:\Desktop\GitHubRepositories\ezMoney\ezMoney\TestEZMoney\StatisticModelTest.cs: 行 345
</StackTrace>
        </ErrorInfo>
      </Output>
    </UnitTestResult>
  </Results>
</TestRun>