<?xml version="1.0" encoding="UTF-8"?>
<TestRun id="6b4205cb-e241-42f6-800a-a3a4e1fa6e57" name="Meow@MEOW-PC 2012-10-21 18:15:29" runUser="Meow-PC\Meow" xmlns="http://microsoft.com/schemas/VisualStudio/TeamTest/2010">
  <TestSettings name="本機" id="4c5d43f5-97de-455f-80f8-d6dcfee819f3">
    <Description>這些是本機測試回合的預設測試設定。</Description>
    <Deployment runDeploymentRoot="Meow_MEOW-PC 2012-10-21 18_15_29">
      <DeploymentItem filename="D:\Desktop\GitHubRepositories\ezMoney\ezMoney\bin\Debug\ezMoney.exe" />
    </Deployment>
    <Execution>
      <TestTypeSpecific>
        <UnitTestRunConfig testTypeId="13cdc9d9-ddb5-4fa4-a97d-d965ccfc6d4b">
          <AssemblyResolution>
            <TestDirectory useLoadContext="true" />
          </AssemblyResolution>
        </UnitTestRunConfig>
        <WebTestRunConfiguration testTypeId="4e7599fa-5ecb-43e9-a887-cd63cf72d207">
          <Browser name="Internet Explorer 7.0">
            <Headers>
              <Header name="User-Agent" value="Mozilla/4.0 (compatible; MSIE 7.0; Windows NT 5.1)" />
              <Header name="Accept" value="*/*" />
              <Header name="Accept-Language" value="{{$IEAcceptLanguage}}" />
              <Header name="Accept-Encoding" value="GZIP" />
            </Headers>
          </Browser>
        </WebTestRunConfiguration>
      </TestTypeSpecific>
      <AgentRule name="LocalMachineDefaultRole">
        <DataCollectors>
          <DataCollector uri="datacollector://microsoft/CodeCoverage/1.0" assemblyQualifiedName="Microsoft.VisualStudio.TestTools.CodeCoverage.CoveragePlugIn, Microsoft.VisualStudio.QualityTools.Plugins.CodeCoverage, Version=10.0.0.0, Culture=neutral, PublicKeyToken=b03f5f7f11d50a3a" friendlyName="程式碼涵蓋範圍">
            <Configuration>
              <CodeCoverage xmlns="">
                <Regular>
                  <CodeCoverageItem binaryFile="D:\Desktop\GitHubRepositories\ezMoney\ezMoney\bin\Debug\ezMoney.exe" pdbFile="D:\Desktop\GitHubRepositories\ezMoney\ezMoney\bin\Debug\ezMoney.instr.pdb" instrumentInPlace="true" />
                </Regular>
              </CodeCoverage>
            </Configuration>
          </DataCollector>
        </DataCollectors>
      </AgentRule>
    </Execution>
  </TestSettings>
  <Times creation="2012-10-21T18:15:29.5404103+08:00" queuing="2012-10-21T18:15:29.9928111+08:00" start="2012-10-21T18:15:30.0864112+08:00" finish="2012-10-21T18:15:33.3624170+08:00" />
  <ResultSummary outcome="Completed">
    <Counters total="49" executed="49" passed="49" error="0" failed="0" timeout="0" aborted="0" inconclusive="0" passedButRunAborted="0" notRunnable="0" notExecuted="0" disconnected="0" warning="0" completed="0" inProgress="0" pending="0" />
    <ResultFiles>
      <ResultFile path="MEOW-PC\data.coverage" />
    </ResultFiles>
  </ResultSummary>
  <TestDefinitions>
    <UnitTest name="GetRecordsTest" storage="d:\desktop\githubrepositories\ezmoney\ezmoney\testezmoney\bin\debug\testezmoney.dll" id="3a174999-523f-75e1-819b-4e6fac788c64">
      <Execution id="abfccf42-be60-4e92-b36b-e92d09e403da" />
      <TestMethod codeBase="D:/Desktop/GitHubRepositories/ezMoney/ezMoney/TestEZMoney/bin/Debug/TestEZMoney.DLL" adapterTypeName="Microsoft.VisualStudio.TestTools.TestTypes.Unit.UnitTestAdapter, Microsoft.VisualStudio.QualityTools.Tips.UnitTest.Adapter, Version=10.0.0.0, Culture=neutral, PublicKeyToken=b03f5f7f11d50a3a" className="TestEZMoney.RecordModelTest, TestEZMoney, Version=1.0.0.0, Culture=neutral, PublicKeyToken=null" name="GetRecordsTest" />
    </UnitTest>
    <UnitTest name="GetRecordModelTest" storage="d:\desktop\githubrepositories\ezmoney\ezmoney\testezmoney\bin\debug\testezmoney.dll" id="c0f06d6c-dcd7-4804-00f4-8b52a6b0ab52">
      <Execution id="079166a9-643f-44d4-893b-90c4dbed1a84" />
      <TestMethod codeBase="D:/Desktop/GitHubRepositories/ezMoney/ezMoney/TestEZMoney/bin/Debug/TestEZMoney.DLL" adapterTypeName="Microsoft.VisualStudio.TestTools.TestTypes.Unit.UnitTestAdapter, Microsoft.VisualStudio.QualityTools.Tips.UnitTest.Adapter, Version=10.0.0.0, Culture=neutral, PublicKeyToken=b03f5f7f11d50a3a" className="TestEZMoney.EZMoneyModelTest, TestEZMoney, Version=1.0.0.0, Culture=neutral, PublicKeyToken=null" name="GetRecordModelTest" />
    </UnitTest>
    <UnitTest name="GetExpenseStatisticsTest" storage="d:\desktop\githubrepositories\ezmoney\ezmoney\testezmoney\bin\debug\testezmoney.dll" id="7d3e6c23-29df-0d58-ab46-c33cfd104620">
      <Execution id="d94145b5-b82d-4d84-873c-0d36ccb5464f" />
      <TestMethod codeBase="D:/Desktop/GitHubRepositories/ezMoney/ezMoney/TestEZMoney/bin/Debug/TestEZMoney.DLL" adapterTypeName="Microsoft.VisualStudio.TestTools.TestTypes.Unit.UnitTestAdapter, Microsoft.VisualStudio.QualityTools.Tips.UnitTest.Adapter, Version=10.0.0.0, Culture=neutral, PublicKeyToken=b03f5f7f11d50a3a" className="TestEZMoney.StatisticModelTest, TestEZMoney, Version=1.0.0.0, Culture=neutral, PublicKeyToken=null" name="GetExpenseStatisticsTest" />
    </UnitTest>
    <UnitTest name="ToStringTest" storage="d:\desktop\githubrepositories\ezmoney\ezmoney\testezmoney\bin\debug\testezmoney.dll" id="74efd12a-9c71-71c4-7dc6-67bf8631fefb">
      <Execution id="7dc306a4-a60d-447a-9e2b-3d9087271cb4" />
      <TestMethod codeBase="D:/Desktop/GitHubRepositories/ezMoney/ezMoney/TestEZMoney/bin/Debug/TestEZMoney.DLL" adapterTypeName="Microsoft.VisualStudio.TestTools.TestTypes.Unit.UnitTestAdapter, Microsoft.VisualStudio.QualityTools.Tips.UnitTest.Adapter, Version=10.0.0.0, Culture=neutral, PublicKeyToken=b03f5f7f11d50a3a" className="TestEZMoney.CategoryTest, TestEZMoney, Version=1.0.0.0, Culture=neutral, PublicKeyToken=null" name="ToStringTest" />
    </UnitTest>
    <UnitTest name="GetCategoriesTest" storage="d:\desktop\githubrepositories\ezmoney\ezmoney\testezmoney\bin\debug\testezmoney.dll" id="e81eabcf-b83c-e229-b61a-105cd01ce1b6">
      <Execution id="c9ad447a-9da6-4d4f-9cbe-d214d2d3a0f3" />
      <TestMethod codeBase="D:/Desktop/GitHubRepositories/ezMoney/ezMoney/TestEZMoney/bin/Debug/TestEZMoney.DLL" adapterTypeName="Microsoft.VisualStudio.TestTools.TestTypes.Unit.UnitTestAdapter, Microsoft.VisualStudio.QualityTools.Tips.UnitTest.Adapter, Version=10.0.0.0, Culture=neutral, PublicKeyToken=b03f5f7f11d50a3a" className="TestEZMoney.CategoryModelTest, TestEZMoney, Version=1.0.0.0, Culture=neutral, PublicKeyToken=null" name="GetCategoriesTest" />
    </UnitTest>
    <UnitTest name="GetCategoryIndexTest" storage="d:\desktop\githubrepositories\ezmoney\ezmoney\testezmoney\bin\debug\testezmoney.dll" id="5f8b567f-98c3-ae13-5477-27a372c3a9a2">
      <Execution id="822d7bfd-38e4-436b-b17d-5aab0d464d41" />
      <TestMethod codeBase="D:/Desktop/GitHubRepositories/ezMoney/ezMoney/TestEZMoney/bin/Debug/TestEZMoney.DLL" adapterTypeName="Microsoft.VisualStudio.TestTools.TestTypes.Unit.UnitTestAdapter, Microsoft.VisualStudio.QualityTools.Tips.UnitTest.Adapter, Version=10.0.0.0, Culture=neutral, PublicKeyToken=b03f5f7f11d50a3a" className="TestEZMoney.CategoryModelTest, TestEZMoney, Version=1.0.0.0, Culture=neutral, PublicKeyToken=null" name="GetCategoryIndexTest" />
    </UnitTest>
    <UnitTest name="PercentTest" storage="d:\desktop\githubrepositories\ezmoney\ezmoney\testezmoney\bin\debug\testezmoney.dll" id="4c7cc9a3-a41a-0458-944d-2dfab50e312d">
      <Execution id="873d8b12-5f60-43ba-b0ff-42a63e5d2422" />
      <TestMethod codeBase="D:/Desktop/GitHubRepositories/ezMoney/ezMoney/TestEZMoney/bin/Debug/TestEZMoney.DLL" adapterTypeName="Microsoft.VisualStudio.TestTools.TestTypes.Unit.UnitTestAdapter, Microsoft.VisualStudio.QualityTools.Tips.UnitTest.Adapter, Version=10.0.0.0, Culture=neutral, PublicKeyToken=b03f5f7f11d50a3a" className="TestEZMoney.StatisticTest, TestEZMoney, Version=1.0.0.0, Culture=neutral, PublicKeyToken=null" name="PercentTest" />
    </UnitTest>
    <UnitTest name="GetCategoryModelTest" storage="d:\desktop\githubrepositories\ezmoney\ezmoney\testezmoney\bin\debug\testezmoney.dll" id="78dd5f9d-13bb-9546-be81-14ebcc0b1c0c">
      <Execution id="b48ce0af-d978-4cad-bc95-0ab2a8cad6cb" />
      <TestMethod codeBase="D:/Desktop/GitHubRepositories/ezMoney/ezMoney/TestEZMoney/bin/Debug/TestEZMoney.DLL" adapterTypeName="Microsoft.VisualStudio.TestTools.TestTypes.Unit.UnitTestAdapter, Microsoft.VisualStudio.QualityTools.Tips.UnitTest.Adapter, Version=10.0.0.0, Culture=neutral, PublicKeyToken=b03f5f7f11d50a3a" className="TestEZMoney.EZMoneyModelTest, TestEZMoney, Version=1.0.0.0, Culture=neutral, PublicKeyToken=null" name="GetCategoryModelTest" />
    </UnitTest>
    <UnitTest name="GetExpenseTest" storage="d:\desktop\githubrepositories\ezmoney\ezmoney\testezmoney\bin\debug\testezmoney.dll" id="b3053f22-9278-9467-c301-e74748f4cbe1">
      <Execution id="ffe59b1c-8602-450e-930c-539fb4587f52" />
      <TestMethod codeBase="D:/Desktop/GitHubRepositories/ezMoney/ezMoney/TestEZMoney/bin/Debug/TestEZMoney.DLL" adapterTypeName="Microsoft.VisualStudio.TestTools.TestTypes.Unit.UnitTestAdapter, Microsoft.VisualStudio.QualityTools.Tips.UnitTest.Adapter, Version=10.0.0.0, Culture=neutral, PublicKeyToken=b03f5f7f11d50a3a" className="TestEZMoney.StatisticModelTest, TestEZMoney, Version=1.0.0.0, Culture=neutral, PublicKeyToken=null" name="GetExpenseTest" />
    </UnitTest>
    <UnitTest name="GetAmountsTest" storage="d:\desktop\githubrepositories\ezmoney\ezmoney\testezmoney\bin\debug\testezmoney.dll" id="4c120bd0-192a-f6ad-b54e-ad653ce85d9d">
      <Execution id="8615facd-6f63-40af-a833-32b33eb6eae7" />
      <TestMethod codeBase="D:/Desktop/GitHubRepositories/ezMoney/ezMoney/TestEZMoney/bin/Debug/TestEZMoney.DLL" adapterTypeName="Microsoft.VisualStudio.TestTools.TestTypes.Unit.UnitTestAdapter, Microsoft.VisualStudio.QualityTools.Tips.UnitTest.Adapter, Version=10.0.0.0, Culture=neutral, PublicKeyToken=b03f5f7f11d50a3a" className="TestEZMoney.StatisticModelTest, TestEZMoney, Version=1.0.0.0, Culture=neutral, PublicKeyToken=null" name="GetAmountsTest" />
    </UnitTest>
    <UnitTest name="GetAmountTest" storage="d:\desktop\githubrepositories\ezmoney\ezmoney\testezmoney\bin\debug\testezmoney.dll" id="b50a1ba1-45f3-8758-046a-23678c734d01">
      <Execution id="7f895abc-aa37-4f2b-8a50-958e9b49e49c" />
      <TestMethod codeBase="D:/Desktop/GitHubRepositories/ezMoney/ezMoney/TestEZMoney/bin/Debug/TestEZMoney.DLL" adapterTypeName="Microsoft.VisualStudio.TestTools.TestTypes.Unit.UnitTestAdapter, Microsoft.VisualStudio.QualityTools.Tips.UnitTest.Adapter, Version=10.0.0.0, Culture=neutral, PublicKeyToken=b03f5f7f11d50a3a" className="TestEZMoney.InformationModelTest, TestEZMoney, Version=1.0.0.0, Culture=neutral, PublicKeyToken=null" name="GetAmountTest" />
    </UnitTest>
    <UnitTest name="AddCategoryTest" storage="d:\desktop\githubrepositories\ezmoney\ezmoney\testezmoney\bin\debug\testezmoney.dll" id="41d244a7-e3cc-3543-7af4-2b014df37b62">
      <Execution id="9afc1160-6d06-4893-97d9-60d809f6f81e" />
      <TestMethod codeBase="D:/Desktop/GitHubRepositories/ezMoney/ezMoney/TestEZMoney/bin/Debug/TestEZMoney.DLL" adapterTypeName="Microsoft.VisualStudio.TestTools.TestTypes.Unit.UnitTestAdapter, Microsoft.VisualStudio.QualityTools.Tips.UnitTest.Adapter, Version=10.0.0.0, Culture=neutral, PublicKeyToken=b03f5f7f11d50a3a" className="TestEZMoney.CategoryModelTest, TestEZMoney, Version=1.0.0.0, Culture=neutral, PublicKeyToken=null" name="AddCategoryTest" />
    </UnitTest>
    <UnitTest name="AddRecordTest" storage="d:\desktop\githubrepositories\ezmoney\ezmoney\testezmoney\bin\debug\testezmoney.dll" id="d2581d1f-b856-d57a-1aa7-c785831728f9">
      <Execution id="98b3becd-e6b3-4db9-9d63-5f415e828b69" />
      <TestMethod codeBase="D:/Desktop/GitHubRepositories/ezMoney/ezMoney/TestEZMoney/bin/Debug/TestEZMoney.DLL" adapterTypeName="Microsoft.VisualStudio.TestTools.TestTypes.Unit.UnitTestAdapter, Microsoft.VisualStudio.QualityTools.Tips.UnitTest.Adapter, Version=10.0.0.0, Culture=neutral, PublicKeyToken=b03f5f7f11d50a3a" className="TestEZMoney.EZMoneyModelTest, TestEZMoney, Version=1.0.0.0, Culture=neutral, PublicKeyToken=null" name="AddRecordTest" />
    </UnitTest>
    <UnitTest name="CategoryTest" storage="d:\desktop\githubrepositories\ezmoney\ezmoney\testezmoney\bin\debug\testezmoney.dll" id="e13dfe34-ee77-5bc8-713b-2863090d5471">
      <Execution id="ca64452c-867b-4e65-994a-b849f93b9d94" />
      <TestMethod codeBase="D:/Desktop/GitHubRepositories/ezMoney/ezMoney/TestEZMoney/bin/Debug/TestEZMoney.DLL" adapterTypeName="Microsoft.VisualStudio.TestTools.TestTypes.Unit.UnitTestAdapter, Microsoft.VisualStudio.QualityTools.Tips.UnitTest.Adapter, Version=10.0.0.0, Culture=neutral, PublicKeyToken=b03f5f7f11d50a3a" className="TestEZMoney.StatisticTest, TestEZMoney, Version=1.0.0.0, Culture=neutral, PublicKeyToken=null" name="CategoryTest" />
    </UnitTest>
    <UnitTest name="IsValidCategoryAddTest" storage="d:\desktop\githubrepositories\ezmoney\ezmoney\testezmoney\bin\debug\testezmoney.dll" id="0931094b-3b61-b4b8-0873-f4099ecd5d4c">
      <Execution id="54043918-31a7-4378-9bcb-0402eadad6e3" />
      <TestMethod codeBase="D:/Desktop/GitHubRepositories/ezMoney/ezMoney/TestEZMoney/bin/Debug/TestEZMoney.DLL" adapterTypeName="Microsoft.VisualStudio.TestTools.TestTypes.Unit.UnitTestAdapter, Microsoft.VisualStudio.QualityTools.Tips.UnitTest.Adapter, Version=10.0.0.0, Culture=neutral, PublicKeyToken=b03f5f7f11d50a3a" className="TestEZMoney.InformationModelTest, TestEZMoney, Version=1.0.0.0, Culture=neutral, PublicKeyToken=null" name="IsValidCategoryAddTest" />
    </UnitTest>
    <UnitTest name="AmountsTest" storage="d:\desktop\githubrepositories\ezmoney\ezmoney\testezmoney\bin\debug\testezmoney.dll" id="c08601fa-e2ca-6b69-d339-98b3ccb9dfc5">
      <Execution id="14794252-4796-4a04-8259-8ee1a5896255" />
      <TestMethod codeBase="D:/Desktop/GitHubRepositories/ezMoney/ezMoney/TestEZMoney/bin/Debug/TestEZMoney.DLL" adapterTypeName="Microsoft.VisualStudio.TestTools.TestTypes.Unit.UnitTestAdapter, Microsoft.VisualStudio.QualityTools.Tips.UnitTest.Adapter, Version=10.0.0.0, Culture=neutral, PublicKeyToken=b03f5f7f11d50a3a" className="TestEZMoney.StatisticTest, TestEZMoney, Version=1.0.0.0, Culture=neutral, PublicKeyToken=null" name="AmountsTest" />
    </UnitTest>
    <UnitTest name="CountTest" storage="d:\desktop\githubrepositories\ezmoney\ezmoney\testezmoney\bin\debug\testezmoney.dll" id="fae568e8-7858-4564-7c53-02050778c4dc">
      <Execution id="11546b28-bead-454e-9386-0c2f8a813af4" />
      <TestMethod codeBase="D:/Desktop/GitHubRepositories/ezMoney/ezMoney/TestEZMoney/bin/Debug/TestEZMoney.DLL" adapterTypeName="Microsoft.VisualStudio.TestTools.TestTypes.Unit.UnitTestAdapter, Microsoft.VisualStudio.QualityTools.Tips.UnitTest.Adapter, Version=10.0.0.0, Culture=neutral, PublicKeyToken=b03f5f7f11d50a3a" className="TestEZMoney.StatisticTest, TestEZMoney, Version=1.0.0.0, Culture=neutral, PublicKeyToken=null" name="CountTest" />
    </UnitTest>
    <UnitTest name="IsExistTest" storage="d:\desktop\githubrepositories\ezmoney\ezmoney\testezmoney\bin\debug\testezmoney.dll" id="cfb57f48-7a18-23b3-6961-3e854da8506c">
      <Execution id="b9c6d5c1-fb7c-4cd1-a9c3-62dba02b16e9" />
      <TestMethod codeBase="D:/Desktop/GitHubRepositories/ezMoney/ezMoney/TestEZMoney/bin/Debug/TestEZMoney.DLL" adapterTypeName="Microsoft.VisualStudio.TestTools.TestTypes.Unit.UnitTestAdapter, Microsoft.VisualStudio.QualityTools.Tips.UnitTest.Adapter, Version=10.0.0.0, Culture=neutral, PublicKeyToken=b03f5f7f11d50a3a" className="TestEZMoney.CategoryModelTest, TestEZMoney, Version=1.0.0.0, Culture=neutral, PublicKeyToken=null" name="IsExistTest" />
    </UnitTest>
    <UnitTest name="GetBalanceTest" storage="d:\desktop\githubrepositories\ezmoney\ezmoney\testezmoney\bin\debug\testezmoney.dll" id="c5b22390-b403-06b6-7b08-7f2581f78a9f">
      <Execution id="e4670bd3-56ba-4ec0-9676-312afe688264" />
      <TestMethod codeBase="D:/Desktop/GitHubRepositories/ezMoney/ezMoney/TestEZMoney/bin/Debug/TestEZMoney.DLL" adapterTypeName="Microsoft.VisualStudio.TestTools.TestTypes.Unit.UnitTestAdapter, Microsoft.VisualStudio.QualityTools.Tips.UnitTest.Adapter, Version=10.0.0.0, Culture=neutral, PublicKeyToken=b03f5f7f11d50a3a" className="TestEZMoney.StatisticModelTest, TestEZMoney, Version=1.0.0.0, Culture=neutral, PublicKeyToken=null" name="GetBalanceTest" />
    </UnitTest>
    <UnitTest name="GetStatisticDataGridViewDataSourceTest" storage="d:\desktop\githubrepositories\ezmoney\ezmoney\testezmoney\bin\debug\testezmoney.dll" id="4ed46085-d240-d4ad-6bbd-ecc4826ca41e">
      <Execution id="8954f3ea-9c32-4dea-81fe-878c665adf03" />
      <TestMethod codeBase="D:/Desktop/GitHubRepositories/ezMoney/ezMoney/TestEZMoney/bin/Debug/TestEZMoney.DLL" adapterTypeName="Microsoft.VisualStudio.TestTools.TestTypes.Unit.UnitTestAdapter, Microsoft.VisualStudio.QualityTools.Tips.UnitTest.Adapter, Version=10.0.0.0, Culture=neutral, PublicKeyToken=b03f5f7f11d50a3a" className="TestEZMoney.StatisticModelTest, TestEZMoney, Version=1.0.0.0, Culture=neutral, PublicKeyToken=null" name="GetStatisticDataGridViewDataSourceTest" />
    </UnitTest>
    <UnitTest name="GetIncomeTest" storage="d:\desktop\githubrepositories\ezmoney\ezmoney\testezmoney\bin\debug\testezmoney.dll" id="e186dc13-d4a8-b2aa-a20a-0a24ae26ce42">
      <Execution id="7c03bf1a-98a5-42f4-a3ea-24ba35eea8ca" />
      <TestMethod codeBase="D:/Desktop/GitHubRepositories/ezMoney/ezMoney/TestEZMoney/bin/Debug/TestEZMoney.DLL" adapterTypeName="Microsoft.VisualStudio.TestTools.TestTypes.Unit.UnitTestAdapter, Microsoft.VisualStudio.QualityTools.Tips.UnitTest.Adapter, Version=10.0.0.0, Culture=neutral, PublicKeyToken=b03f5f7f11d50a3a" className="TestEZMoney.StatisticModelTest, TestEZMoney, Version=1.0.0.0, Culture=neutral, PublicKeyToken=null" name="GetIncomeTest" />
    </UnitTest>
    <UnitTest name="CategoryTest" storage="d:\desktop\githubrepositories\ezmoney\ezmoney\testezmoney\bin\debug\testezmoney.dll" id="4d8a1e67-a741-d1dc-e666-be1101e5eac4">
      <Execution id="fce70df9-f78a-41f3-80e8-eff1eef66d9f" />
      <TestMethod codeBase="D:/Desktop/GitHubRepositories/ezMoney/ezMoney/TestEZMoney/bin/Debug/TestEZMoney.DLL" adapterTypeName="Microsoft.VisualStudio.TestTools.TestTypes.Unit.UnitTestAdapter, Microsoft.VisualStudio.QualityTools.Tips.UnitTest.Adapter, Version=10.0.0.0, Culture=neutral, PublicKeyToken=b03f5f7f11d50a3a" className="TestEZMoney.RecordTest, TestEZMoney, Version=1.0.0.0, Culture=neutral, PublicKeyToken=null" name="CategoryTest" />
    </UnitTest>
    <UnitTest name="DateTest" storage="d:\desktop\githubrepositories\ezmoney\ezmoney\testezmoney\bin\debug\testezmoney.dll" id="2fff3d70-8a91-739b-bf71-7ff50172d6de">
      <Execution id="50ded59f-262d-4f2a-b3e5-24f359070f3e" />
      <TestMethod codeBase="D:/Desktop/GitHubRepositories/ezMoney/ezMoney/TestEZMoney/bin/Debug/TestEZMoney.DLL" adapterTypeName="Microsoft.VisualStudio.TestTools.TestTypes.Unit.UnitTestAdapter, Microsoft.VisualStudio.QualityTools.Tips.UnitTest.Adapter, Version=10.0.0.0, Culture=neutral, PublicKeyToken=b03f5f7f11d50a3a" className="TestEZMoney.RecordTest, TestEZMoney, Version=1.0.0.0, Culture=neutral, PublicKeyToken=null" name="DateTest" />
    </UnitTest>
    <UnitTest name="GetStatisticTest" storage="d:\desktop\githubrepositories\ezmoney\ezmoney\testezmoney\bin\debug\testezmoney.dll" id="555842fa-2d25-35aa-c17b-faa4b06bcc3c">
      <DeploymentItems>
        <DeploymentItem filename="ezMoney.exe" />
      </DeploymentItems>
      <Execution id="98f81bb3-a9af-42c7-85e5-4a5ba3e4e1a4" />
      <TestMethod codeBase="D:/Desktop/GitHubRepositories/ezMoney/ezMoney/TestEZMoney/bin/Debug/TestEZMoney.DLL" adapterTypeName="Microsoft.VisualStudio.TestTools.TestTypes.Unit.UnitTestAdapter, Microsoft.VisualStudio.QualityTools.Tips.UnitTest.Adapter, Version=10.0.0.0, Culture=neutral, PublicKeyToken=b03f5f7f11d50a3a" className="TestEZMoney.StatisticModelTest, TestEZMoney, Version=1.0.0.0, Culture=neutral, PublicKeyToken=null" name="GetStatisticTest" />
    </UnitTest>
    <UnitTest name="GetRecordsTest1" storage="d:\desktop\githubrepositories\ezmoney\ezmoney\testezmoney\bin\debug\testezmoney.dll" id="8612f2be-8f63-7d5e-ebd7-3a19cb63d7f9">
      <Execution id="9d4bd65c-1aa4-4044-9c21-123282fc4f02" />
      <TestMethod codeBase="D:/Desktop/GitHubRepositories/ezMoney/ezMoney/TestEZMoney/bin/Debug/TestEZMoney.DLL" adapterTypeName="Microsoft.VisualStudio.TestTools.TestTypes.Unit.UnitTestAdapter, Microsoft.VisualStudio.QualityTools.Tips.UnitTest.Adapter, Version=10.0.0.0, Culture=neutral, PublicKeyToken=b03f5f7f11d50a3a" className="TestEZMoney.EZMoneyModelTest, TestEZMoney, Version=1.0.0.0, Culture=neutral, PublicKeyToken=null" name="GetRecordsTest1" />
    </UnitTest>
    <UnitTest name="GetPositiveRecordsTest" storage="d:\desktop\githubrepositories\ezmoney\ezmoney\testezmoney\bin\debug\testezmoney.dll" id="eee989bd-6a80-d85b-3f16-3dfd7ab1c324">
      <Execution id="d1ce7e76-e13e-4ff6-8e68-96a750030a4a" />
      <TestMethod codeBase="D:/Desktop/GitHubRepositories/ezMoney/ezMoney/TestEZMoney/bin/Debug/TestEZMoney.DLL" adapterTypeName="Microsoft.VisualStudio.TestTools.TestTypes.Unit.UnitTestAdapter, Microsoft.VisualStudio.QualityTools.Tips.UnitTest.Adapter, Version=10.0.0.0, Culture=neutral, PublicKeyToken=b03f5f7f11d50a3a" className="TestEZMoney.RecordModelTest, TestEZMoney, Version=1.0.0.0, Culture=neutral, PublicKeyToken=null" name="GetPositiveRecordsTest" />
    </UnitTest>
    <UnitTest name="GetIncomeStatisticsTest" storage="d:\desktop\githubrepositories\ezmoney\ezmoney\testezmoney\bin\debug\testezmoney.dll" id="45012060-6be2-18b5-9392-a6ace57de7f1">
      <Execution id="9b030b3b-e3d7-4266-b671-ef571ebb7927" />
      <TestMethod codeBase="D:/Desktop/GitHubRepositories/ezMoney/ezMoney/TestEZMoney/bin/Debug/TestEZMoney.DLL" adapterTypeName="Microsoft.VisualStudio.TestTools.TestTypes.Unit.UnitTestAdapter, Microsoft.VisualStudio.QualityTools.Tips.UnitTest.Adapter, Version=10.0.0.0, Culture=neutral, PublicKeyToken=b03f5f7f11d50a3a" className="TestEZMoney.StatisticModelTest, TestEZMoney, Version=1.0.0.0, Culture=neutral, PublicKeyToken=null" name="GetIncomeStatisticsTest" />
    </UnitTest>
    <UnitTest name="GetHashCodeTest" storage="d:\desktop\githubrepositories\ezmoney\ezmoney\testezmoney\bin\debug\testezmoney.dll" id="abb1e93d-9f24-6d2a-9e99-4f0f51cac12c">
      <Execution id="40279a37-b971-460c-9b70-0b86c619955d" />
      <TestMethod codeBase="D:/Desktop/GitHubRepositories/ezMoney/ezMoney/TestEZMoney/bin/Debug/TestEZMoney.DLL" adapterTypeName="Microsoft.VisualStudio.TestTools.TestTypes.Unit.UnitTestAdapter, Microsoft.VisualStudio.QualityTools.Tips.UnitTest.Adapter, Version=10.0.0.0, Culture=neutral, PublicKeyToken=b03f5f7f11d50a3a" className="TestEZMoney.CategoryTest, TestEZMoney, Version=1.0.0.0, Culture=neutral, PublicKeyToken=null" name="GetHashCodeTest" />
    </UnitTest>
    <UnitTest name="GetStatisticModelTest" storage="d:\desktop\githubrepositories\ezmoney\ezmoney\testezmoney\bin\debug\testezmoney.dll" id="a83ff9cb-2c44-dc59-36ae-98ed0ad10991">
      <Execution id="903e636f-ba10-4c16-b78c-b54873a8eea3" />
      <TestMethod codeBase="D:/Desktop/GitHubRepositories/ezMoney/ezMoney/TestEZMoney/bin/Debug/TestEZMoney.DLL" adapterTypeName="Microsoft.VisualStudio.TestTools.TestTypes.Unit.UnitTestAdapter, Microsoft.VisualStudio.QualityTools.Tips.UnitTest.Adapter, Version=10.0.0.0, Culture=neutral, PublicKeyToken=b03f5f7f11d50a3a" className="TestEZMoney.EZMoneyModelTest, TestEZMoney, Version=1.0.0.0, Culture=neutral, PublicKeyToken=null" name="GetStatisticModelTest" />
    </UnitTest>
    <UnitTest name="CategoryNameTest" storage="d:\desktop\githubrepositories\ezmoney\ezmoney\testezmoney\bin\debug\testezmoney.dll" id="07e6a34d-12d4-d88c-cc26-7bf4c189b456">
      <Execution id="90b7f264-d927-464f-a168-99105e5c05fb" />
      <TestMethod codeBase="D:/Desktop/GitHubRepositories/ezMoney/ezMoney/TestEZMoney/bin/Debug/TestEZMoney.DLL" adapterTypeName="Microsoft.VisualStudio.TestTools.TestTypes.Unit.UnitTestAdapter, Microsoft.VisualStudio.QualityTools.Tips.UnitTest.Adapter, Version=10.0.0.0, Culture=neutral, PublicKeyToken=b03f5f7f11d50a3a" className="TestEZMoney.CategoryTest, TestEZMoney, Version=1.0.0.0, Culture=neutral, PublicKeyToken=null" name="CategoryNameTest" />
    </UnitTest>
    <UnitTest name="GetCategoriesTest" storage="d:\desktop\githubrepositories\ezmoney\ezmoney\testezmoney\bin\debug\testezmoney.dll" id="438cc15e-b3bd-02d0-6d9f-e76978d5582b">
      <Execution id="16c345f9-6235-43ad-8b90-04d123c0c773" />
      <TestMethod codeBase="D:/Desktop/GitHubRepositories/ezMoney/ezMoney/TestEZMoney/bin/Debug/TestEZMoney.DLL" adapterTypeName="Microsoft.VisualStudio.TestTools.TestTypes.Unit.UnitTestAdapter, Microsoft.VisualStudio.QualityTools.Tips.UnitTest.Adapter, Version=10.0.0.0, Culture=neutral, PublicKeyToken=b03f5f7f11d50a3a" className="TestEZMoney.EZMoneyModelTest, TestEZMoney, Version=1.0.0.0, Culture=neutral, PublicKeyToken=null" name="GetCategoriesTest" />
    </UnitTest>
    <UnitTest name="GetCategoryIndexTest" storage="d:\desktop\githubrepositories\ezmoney\ezmoney\testezmoney\bin\debug\testezmoney.dll" id="dc426b2d-1e5c-2277-6ac7-8c4d5eb93b39">
      <Execution id="9c676a6d-4512-434d-b590-dd679df0cc47" />
      <TestMethod codeBase="D:/Desktop/GitHubRepositories/ezMoney/ezMoney/TestEZMoney/bin/Debug/TestEZMoney.DLL" adapterTypeName="Microsoft.VisualStudio.TestTools.TestTypes.Unit.UnitTestAdapter, Microsoft.VisualStudio.QualityTools.Tips.UnitTest.Adapter, Version=10.0.0.0, Culture=neutral, PublicKeyToken=b03f5f7f11d50a3a" className="TestEZMoney.EZMoneyModelTest, TestEZMoney, Version=1.0.0.0, Culture=neutral, PublicKeyToken=null" name="GetCategoryIndexTest" />
    </UnitTest>
    <UnitTest name="SetPercentTest" storage="d:\desktop\githubrepositories\ezmoney\ezmoney\testezmoney\bin\debug\testezmoney.dll" id="8743b71d-5926-b78d-c573-e5254345d1a2">
      <DeploymentItems>
        <DeploymentItem filename="ezMoney.exe" />
      </DeploymentItems>
      <Execution id="b02874b4-985c-4bfe-a830-d1df82d949e8" />
      <TestMethod codeBase="D:/Desktop/GitHubRepositories/ezMoney/ezMoney/TestEZMoney/bin/Debug/TestEZMoney.DLL" adapterTypeName="Microsoft.VisualStudio.TestTools.TestTypes.Unit.UnitTestAdapter, Microsoft.VisualStudio.QualityTools.Tips.UnitTest.Adapter, Version=10.0.0.0, Culture=neutral, PublicKeyToken=b03f5f7f11d50a3a" className="TestEZMoney.StatisticModelTest, TestEZMoney, Version=1.0.0.0, Culture=neutral, PublicKeyToken=null" name="SetPercentTest" />
    </UnitTest>
    <UnitTest name="WriteCategoryToFileTest" storage="d:\desktop\githubrepositories\ezmoney\ezmoney\testezmoney\bin\debug\testezmoney.dll" id="e6841291-87bc-44c9-0de6-c9d9d276bd27">
      <Execution id="7a211515-f397-4097-a54d-aebb2b3cccc1" />
      <TestMethod codeBase="D:/Desktop/GitHubRepositories/ezMoney/ezMoney/TestEZMoney/bin/Debug/TestEZMoney.DLL" adapterTypeName="Microsoft.VisualStudio.TestTools.TestTypes.Unit.UnitTestAdapter, Microsoft.VisualStudio.QualityTools.Tips.UnitTest.Adapter, Version=10.0.0.0, Culture=neutral, PublicKeyToken=b03f5f7f11d50a3a" className="TestEZMoney.CategoryModelTest, TestEZMoney, Version=1.0.0.0, Culture=neutral, PublicKeyToken=null" name="WriteCategoryToFileTest" />
    </UnitTest>
    <UnitTest name="AddCategoryTest" storage="d:\desktop\githubrepositories\ezmoney\ezmoney\testezmoney\bin\debug\testezmoney.dll" id="4fc4636a-78c0-4218-adb2-6173283accca">
      <Execution id="1050a2b6-2a88-4f09-8a0a-b06a3c8943c6" />
      <TestMethod codeBase="D:/Desktop/GitHubRepositories/ezMoney/ezMoney/TestEZMoney/bin/Debug/TestEZMoney.DLL" adapterTypeName="Microsoft.VisualStudio.TestTools.TestTypes.Unit.UnitTestAdapter, Microsoft.VisualStudio.QualityTools.Tips.UnitTest.Adapter, Version=10.0.0.0, Culture=neutral, PublicKeyToken=b03f5f7f11d50a3a" className="TestEZMoney.EZMoneyModelTest, TestEZMoney, Version=1.0.0.0, Culture=neutral, PublicKeyToken=null" name="AddCategoryTest" />
    </UnitTest>
    <UnitTest name="ReadRecordFromFileTest" storage="d:\desktop\githubrepositories\ezmoney\ezmoney\testezmoney\bin\debug\testezmoney.dll" id="985ad049-bb35-3360-42f7-3933780d5c59">
      <Execution id="2b07bb92-c14c-4e05-9ea2-ff8ba4da1bf7" />
      <TestMethod codeBase="D:/Desktop/GitHubRepositories/ezMoney/ezMoney/TestEZMoney/bin/Debug/TestEZMoney.DLL" adapterTypeName="Microsoft.VisualStudio.TestTools.TestTypes.Unit.UnitTestAdapter, Microsoft.VisualStudio.QualityTools.Tips.UnitTest.Adapter, Version=10.0.0.0, Culture=neutral, PublicKeyToken=b03f5f7f11d50a3a" className="TestEZMoney.RecordModelTest, TestEZMoney, Version=1.0.0.0, Culture=neutral, PublicKeyToken=null" name="ReadRecordFromFileTest" />
    </UnitTest>
    <UnitTest name="GetRecordsTest1" storage="d:\desktop\githubrepositories\ezmoney\ezmoney\testezmoney\bin\debug\testezmoney.dll" id="4c835668-35ae-5c48-78a8-686b3f511511">
      <Execution id="34ae266b-1ff7-4455-9501-071b02281b92" />
      <TestMethod codeBase="D:/Desktop/GitHubRepositories/ezMoney/ezMoney/TestEZMoney/bin/Debug/TestEZMoney.DLL" adapterTypeName="Microsoft.VisualStudio.TestTools.TestTypes.Unit.UnitTestAdapter, Microsoft.VisualStudio.QualityTools.Tips.UnitTest.Adapter, Version=10.0.0.0, Culture=neutral, PublicKeyToken=b03f5f7f11d50a3a" className="TestEZMoney.RecordModelTest, TestEZMoney, Version=1.0.0.0, Culture=neutral, PublicKeyToken=null" name="GetRecordsTest1" />
    </UnitTest>
    <UnitTest name="GetRecordsTest2" storage="d:\desktop\githubrepositories\ezmoney\ezmoney\testezmoney\bin\debug\testezmoney.dll" id="22da6018-ec09-dae5-62eb-931f2b883997">
      <Execution id="d951fcf8-f504-41c2-b468-c8faa652776e" />
      <TestMethod codeBase="D:/Desktop/GitHubRepositories/ezMoney/ezMoney/TestEZMoney/bin/Debug/TestEZMoney.DLL" adapterTypeName="Microsoft.VisualStudio.TestTools.TestTypes.Unit.UnitTestAdapter, Microsoft.VisualStudio.QualityTools.Tips.UnitTest.Adapter, Version=10.0.0.0, Culture=neutral, PublicKeyToken=b03f5f7f11d50a3a" className="TestEZMoney.RecordModelTest, TestEZMoney, Version=1.0.0.0, Culture=neutral, PublicKeyToken=null" name="GetRecordsTest2" />
    </UnitTest>
    <UnitTest name="GetCategoryTest" storage="d:\desktop\githubrepositories\ezmoney\ezmoney\testezmoney\bin\debug\testezmoney.dll" id="2b33dc95-1dd8-69e9-fc44-d49069202e8d">
      <Execution id="c1b93c87-3f6d-4439-83f6-26d5ffc3ccff" />
      <TestMethod codeBase="D:/Desktop/GitHubRepositories/ezMoney/ezMoney/TestEZMoney/bin/Debug/TestEZMoney.DLL" adapterTypeName="Microsoft.VisualStudio.TestTools.TestTypes.Unit.UnitTestAdapter, Microsoft.VisualStudio.QualityTools.Tips.UnitTest.Adapter, Version=10.0.0.0, Culture=neutral, PublicKeyToken=b03f5f7f11d50a3a" className="TestEZMoney.CategoryModelTest, TestEZMoney, Version=1.0.0.0, Culture=neutral, PublicKeyToken=null" name="GetCategoryTest" />
    </UnitTest>
    <UnitTest name="GetNegativeRecordsTest" storage="d:\desktop\githubrepositories\ezmoney\ezmoney\testezmoney\bin\debug\testezmoney.dll" id="ceb0e51e-614c-8f34-d82a-4c54d316785b">
      <Execution id="4f04315b-9210-4e23-b7dc-cf665aa9d7a0" />
      <TestMethod codeBase="D:/Desktop/GitHubRepositories/ezMoney/ezMoney/TestEZMoney/bin/Debug/TestEZMoney.DLL" adapterTypeName="Microsoft.VisualStudio.TestTools.TestTypes.Unit.UnitTestAdapter, Microsoft.VisualStudio.QualityTools.Tips.UnitTest.Adapter, Version=10.0.0.0, Culture=neutral, PublicKeyToken=b03f5f7f11d50a3a" className="TestEZMoney.RecordModelTest, TestEZMoney, Version=1.0.0.0, Culture=neutral, PublicKeyToken=null" name="GetNegativeRecordsTest" />
    </UnitTest>
    <UnitTest name="GetRecordsTest3" storage="d:\desktop\githubrepositories\ezmoney\ezmoney\testezmoney\bin\debug\testezmoney.dll" id="6e12922e-f637-e0ab-2bbc-896f100fe096">
      <Execution id="c2df2083-b361-41ba-8d92-cf29657e1168" />
      <TestMethod codeBase="D:/Desktop/GitHubRepositories/ezMoney/ezMoney/TestEZMoney/bin/Debug/TestEZMoney.DLL" adapterTypeName="Microsoft.VisualStudio.TestTools.TestTypes.Unit.UnitTestAdapter, Microsoft.VisualStudio.QualityTools.Tips.UnitTest.Adapter, Version=10.0.0.0, Culture=neutral, PublicKeyToken=b03f5f7f11d50a3a" className="TestEZMoney.RecordModelTest, TestEZMoney, Version=1.0.0.0, Culture=neutral, PublicKeyToken=null" name="GetRecordsTest3" />
    </UnitTest>
    <UnitTest name="AmountTest" storage="d:\desktop\githubrepositories\ezmoney\ezmoney\testezmoney\bin\debug\testezmoney.dll" id="c0746781-6825-d26a-5c81-52f601d3f840">
      <Execution id="2dbe7ec8-7c58-4abf-9fcd-ce2e5ace67d3" />
      <TestMethod codeBase="D:/Desktop/GitHubRepositories/ezMoney/ezMoney/TestEZMoney/bin/Debug/TestEZMoney.DLL" adapterTypeName="Microsoft.VisualStudio.TestTools.TestTypes.Unit.UnitTestAdapter, Microsoft.VisualStudio.QualityTools.Tips.UnitTest.Adapter, Version=10.0.0.0, Culture=neutral, PublicKeyToken=b03f5f7f11d50a3a" className="TestEZMoney.RecordTest, TestEZMoney, Version=1.0.0.0, Culture=neutral, PublicKeyToken=null" name="AmountTest" />
    </UnitTest>
    <UnitTest name="IsValidRecordAddTest" storage="d:\desktop\githubrepositories\ezmoney\ezmoney\testezmoney\bin\debug\testezmoney.dll" id="5070df1b-9d86-cdf0-2681-ac5b90a53c61">
      <Execution id="d6ce6c37-9560-4539-891d-fde30639f913" />
      <TestMethod codeBase="D:/Desktop/GitHubRepositories/ezMoney/ezMoney/TestEZMoney/bin/Debug/TestEZMoney.DLL" adapterTypeName="Microsoft.VisualStudio.TestTools.TestTypes.Unit.UnitTestAdapter, Microsoft.VisualStudio.QualityTools.Tips.UnitTest.Adapter, Version=10.0.0.0, Culture=neutral, PublicKeyToken=b03f5f7f11d50a3a" className="TestEZMoney.InformationModelTest, TestEZMoney, Version=1.0.0.0, Culture=neutral, PublicKeyToken=null" name="IsValidRecordAddTest" />
    </UnitTest>
    <UnitTest name="EqualsTest" storage="d:\desktop\githubrepositories\ezmoney\ezmoney\testezmoney\bin\debug\testezmoney.dll" id="0393df5a-fa0b-3296-acc0-c8cfc4b7d946">
      <Execution id="068763ef-e5f2-4526-b575-0f710b16db15" />
      <TestMethod codeBase="D:/Desktop/GitHubRepositories/ezMoney/ezMoney/TestEZMoney/bin/Debug/TestEZMoney.DLL" adapterTypeName="Microsoft.VisualStudio.TestTools.TestTypes.Unit.UnitTestAdapter, Microsoft.VisualStudio.QualityTools.Tips.UnitTest.Adapter, Version=10.0.0.0, Culture=neutral, PublicKeyToken=b03f5f7f11d50a3a" className="TestEZMoney.CategoryTest, TestEZMoney, Version=1.0.0.0, Culture=neutral, PublicKeyToken=null" name="EqualsTest" />
    </UnitTest>
    <UnitTest name="WriteRecordToFileTest" storage="d:\desktop\githubrepositories\ezmoney\ezmoney\testezmoney\bin\debug\testezmoney.dll" id="9c7f7ff2-c648-ab17-bf0b-fe1837c9864c">
      <Execution id="ea1c7a47-e9df-4e83-be97-44af0d80e621" />
      <TestMethod codeBase="D:/Desktop/GitHubRepositories/ezMoney/ezMoney/TestEZMoney/bin/Debug/TestEZMoney.DLL" adapterTypeName="Microsoft.VisualStudio.TestTools.TestTypes.Unit.UnitTestAdapter, Microsoft.VisualStudio.QualityTools.Tips.UnitTest.Adapter, Version=10.0.0.0, Culture=neutral, PublicKeyToken=b03f5f7f11d50a3a" className="TestEZMoney.RecordModelTest, TestEZMoney, Version=1.0.0.0, Culture=neutral, PublicKeyToken=null" name="WriteRecordToFileTest" />
    </UnitTest>
    <UnitTest name="GetInformationModelTest" storage="d:\desktop\githubrepositories\ezmoney\ezmoney\testezmoney\bin\debug\testezmoney.dll" id="afd3f908-844e-45d3-d3c9-74714f9775ee">
      <Execution id="825515ec-9de3-4441-87f5-7615917ff9d8" />
      <TestMethod codeBase="D:/Desktop/GitHubRepositories/ezMoney/ezMoney/TestEZMoney/bin/Debug/TestEZMoney.DLL" adapterTypeName="Microsoft.VisualStudio.TestTools.TestTypes.Unit.UnitTestAdapter, Microsoft.VisualStudio.QualityTools.Tips.UnitTest.Adapter, Version=10.0.0.0, Culture=neutral, PublicKeyToken=b03f5f7f11d50a3a" className="TestEZMoney.EZMoneyModelTest, TestEZMoney, Version=1.0.0.0, Culture=neutral, PublicKeyToken=null" name="GetInformationModelTest" />
    </UnitTest>
    <UnitTest name="GetRecordsTest" storage="d:\desktop\githubrepositories\ezmoney\ezmoney\testezmoney\bin\debug\testezmoney.dll" id="f8eafeb8-ea36-d2b9-e132-8cd977c7038e">
      <Execution id="ec8bacdc-3998-4152-962c-bbad9a016d7d" />
      <TestMethod codeBase="D:/Desktop/GitHubRepositories/ezMoney/ezMoney/TestEZMoney/bin/Debug/TestEZMoney.DLL" adapterTypeName="Microsoft.VisualStudio.TestTools.TestTypes.Unit.UnitTestAdapter, Microsoft.VisualStudio.QualityTools.Tips.UnitTest.Adapter, Version=10.0.0.0, Culture=neutral, PublicKeyToken=b03f5f7f11d50a3a" className="TestEZMoney.EZMoneyModelTest, TestEZMoney, Version=1.0.0.0, Culture=neutral, PublicKeyToken=null" name="GetRecordsTest" />
    </UnitTest>
    <UnitTest name="ReadCategoryFromFileTest" storage="d:\desktop\githubrepositories\ezmoney\ezmoney\testezmoney\bin\debug\testezmoney.dll" id="ae8fa765-c6e3-3fd5-db33-812913565c79">
      <Execution id="063846eb-8c06-4fc0-b850-0bd7338e9513" />
      <TestMethod codeBase="D:/Desktop/GitHubRepositories/ezMoney/ezMoney/TestEZMoney/bin/Debug/TestEZMoney.DLL" adapterTypeName="Microsoft.VisualStudio.TestTools.TestTypes.Unit.UnitTestAdapter, Microsoft.VisualStudio.QualityTools.Tips.UnitTest.Adapter, Version=10.0.0.0, Culture=neutral, PublicKeyToken=b03f5f7f11d50a3a" className="TestEZMoney.CategoryModelTest, TestEZMoney, Version=1.0.0.0, Culture=neutral, PublicKeyToken=null" name="ReadCategoryFromFileTest" />
    </UnitTest>
    <UnitTest name="AddRecordTest" storage="d:\desktop\githubrepositories\ezmoney\ezmoney\testezmoney\bin\debug\testezmoney.dll" id="14b81e4d-396f-3c8f-d4e8-0dc7ed2d0ceb">
      <Execution id="0dc23c67-429d-451a-bbbe-1e17d01c00c7" />
      <TestMethod codeBase="D:/Desktop/GitHubRepositories/ezMoney/ezMoney/TestEZMoney/bin/Debug/TestEZMoney.DLL" adapterTypeName="Microsoft.VisualStudio.TestTools.TestTypes.Unit.UnitTestAdapter, Microsoft.VisualStudio.QualityTools.Tips.UnitTest.Adapter, Version=10.0.0.0, Culture=neutral, PublicKeyToken=b03f5f7f11d50a3a" className="TestEZMoney.RecordModelTest, TestEZMoney, Version=1.0.0.0, Culture=neutral, PublicKeyToken=null" name="AddRecordTest" />
    </UnitTest>
  </TestDefinitions>
  <TestLists>
    <TestList name="不在清單中的結果" id="8c84fa94-04c1-424b-9868-57a2d4851a1d" />
    <TestList name="所有載入的結果" id="19431567-8539-422a-85d7-44ee4e166bda" />
  </TestLists>
  <TestEntries>
    <TestEntry testId="0393df5a-fa0b-3296-acc0-c8cfc4b7d946" executionId="068763ef-e5f2-4526-b575-0f710b16db15" testListId="8c84fa94-04c1-424b-9868-57a2d4851a1d" />
    <TestEntry testId="07e6a34d-12d4-d88c-cc26-7bf4c189b456" executionId="90b7f264-d927-464f-a168-99105e5c05fb" testListId="8c84fa94-04c1-424b-9868-57a2d4851a1d" />
    <TestEntry testId="0931094b-3b61-b4b8-0873-f4099ecd5d4c" executionId="54043918-31a7-4378-9bcb-0402eadad6e3" testListId="8c84fa94-04c1-424b-9868-57a2d4851a1d" />
    <TestEntry testId="14b81e4d-396f-3c8f-d4e8-0dc7ed2d0ceb" executionId="0dc23c67-429d-451a-bbbe-1e17d01c00c7" testListId="8c84fa94-04c1-424b-9868-57a2d4851a1d" />
    <TestEntry testId="22da6018-ec09-dae5-62eb-931f2b883997" executionId="d951fcf8-f504-41c2-b468-c8faa652776e" testListId="8c84fa94-04c1-424b-9868-57a2d4851a1d" />
    <TestEntry testId="2b33dc95-1dd8-69e9-fc44-d49069202e8d" executionId="c1b93c87-3f6d-4439-83f6-26d5ffc3ccff" testListId="8c84fa94-04c1-424b-9868-57a2d4851a1d" />
    <TestEntry testId="2fff3d70-8a91-739b-bf71-7ff50172d6de" executionId="50ded59f-262d-4f2a-b3e5-24f359070f3e" testListId="8c84fa94-04c1-424b-9868-57a2d4851a1d" />
    <TestEntry testId="3a174999-523f-75e1-819b-4e6fac788c64" executionId="abfccf42-be60-4e92-b36b-e92d09e403da" testListId="8c84fa94-04c1-424b-9868-57a2d4851a1d" />
    <TestEntry testId="41d244a7-e3cc-3543-7af4-2b014df37b62" executionId="9afc1160-6d06-4893-97d9-60d809f6f81e" testListId="8c84fa94-04c1-424b-9868-57a2d4851a1d" />
    <TestEntry testId="438cc15e-b3bd-02d0-6d9f-e76978d5582b" executionId="16c345f9-6235-43ad-8b90-04d123c0c773" testListId="8c84fa94-04c1-424b-9868-57a2d4851a1d" />
    <TestEntry testId="45012060-6be2-18b5-9392-a6ace57de7f1" executionId="9b030b3b-e3d7-4266-b671-ef571ebb7927" testListId="8c84fa94-04c1-424b-9868-57a2d4851a1d" />
    <TestEntry testId="4c120bd0-192a-f6ad-b54e-ad653ce85d9d" executionId="8615facd-6f63-40af-a833-32b33eb6eae7" testListId="8c84fa94-04c1-424b-9868-57a2d4851a1d" />
    <TestEntry testId="4c7cc9a3-a41a-0458-944d-2dfab50e312d" executionId="873d8b12-5f60-43ba-b0ff-42a63e5d2422" testListId="8c84fa94-04c1-424b-9868-57a2d4851a1d" />
    <TestEntry testId="4c835668-35ae-5c48-78a8-686b3f511511" executionId="34ae266b-1ff7-4455-9501-071b02281b92" testListId="8c84fa94-04c1-424b-9868-57a2d4851a1d" />
    <TestEntry testId="4d8a1e67-a741-d1dc-e666-be1101e5eac4" executionId="fce70df9-f78a-41f3-80e8-eff1eef66d9f" testListId="8c84fa94-04c1-424b-9868-57a2d4851a1d" />
    <TestEntry testId="4ed46085-d240-d4ad-6bbd-ecc4826ca41e" executionId="8954f3ea-9c32-4dea-81fe-878c665adf03" testListId="8c84fa94-04c1-424b-9868-57a2d4851a1d" />
    <TestEntry testId="4fc4636a-78c0-4218-adb2-6173283accca" executionId="1050a2b6-2a88-4f09-8a0a-b06a3c8943c6" testListId="8c84fa94-04c1-424b-9868-57a2d4851a1d" />
    <TestEntry testId="5070df1b-9d86-cdf0-2681-ac5b90a53c61" executionId="d6ce6c37-9560-4539-891d-fde30639f913" testListId="8c84fa94-04c1-424b-9868-57a2d4851a1d" />
    <TestEntry testId="555842fa-2d25-35aa-c17b-faa4b06bcc3c" executionId="98f81bb3-a9af-42c7-85e5-4a5ba3e4e1a4" testListId="8c84fa94-04c1-424b-9868-57a2d4851a1d" />
    <TestEntry testId="5f8b567f-98c3-ae13-5477-27a372c3a9a2" executionId="822d7bfd-38e4-436b-b17d-5aab0d464d41" testListId="8c84fa94-04c1-424b-9868-57a2d4851a1d" />
    <TestEntry testId="6e12922e-f637-e0ab-2bbc-896f100fe096" executionId="c2df2083-b361-41ba-8d92-cf29657e1168" testListId="8c84fa94-04c1-424b-9868-57a2d4851a1d" />
    <TestEntry testId="74efd12a-9c71-71c4-7dc6-67bf8631fefb" executionId="7dc306a4-a60d-447a-9e2b-3d9087271cb4" testListId="8c84fa94-04c1-424b-9868-57a2d4851a1d" />
    <TestEntry testId="78dd5f9d-13bb-9546-be81-14ebcc0b1c0c" executionId="b48ce0af-d978-4cad-bc95-0ab2a8cad6cb" testListId="8c84fa94-04c1-424b-9868-57a2d4851a1d" />
    <TestEntry testId="7d3e6c23-29df-0d58-ab46-c33cfd104620" executionId="d94145b5-b82d-4d84-873c-0d36ccb5464f" testListId="8c84fa94-04c1-424b-9868-57a2d4851a1d" />
    <TestEntry testId="8612f2be-8f63-7d5e-ebd7-3a19cb63d7f9" executionId="9d4bd65c-1aa4-4044-9c21-123282fc4f02" testListId="8c84fa94-04c1-424b-9868-57a2d4851a1d" />
    <TestEntry testId="8743b71d-5926-b78d-c573-e5254345d1a2" executionId="b02874b4-985c-4bfe-a830-d1df82d949e8" testListId="8c84fa94-04c1-424b-9868-57a2d4851a1d" />
    <TestEntry testId="985ad049-bb35-3360-42f7-3933780d5c59" executionId="2b07bb92-c14c-4e05-9ea2-ff8ba4da1bf7" testListId="8c84fa94-04c1-424b-9868-57a2d4851a1d" />
    <TestEntry testId="9c7f7ff2-c648-ab17-bf0b-fe1837c9864c" executionId="ea1c7a47-e9df-4e83-be97-44af0d80e621" testListId="8c84fa94-04c1-424b-9868-57a2d4851a1d" />
    <TestEntry testId="a83ff9cb-2c44-dc59-36ae-98ed0ad10991" executionId="903e636f-ba10-4c16-b78c-b54873a8eea3" testListId="8c84fa94-04c1-424b-9868-57a2d4851a1d" />
    <TestEntry testId="abb1e93d-9f24-6d2a-9e99-4f0f51cac12c" executionId="40279a37-b971-460c-9b70-0b86c619955d" testListId="8c84fa94-04c1-424b-9868-57a2d4851a1d" />
    <TestEntry testId="ae8fa765-c6e3-3fd5-db33-812913565c79" executionId="063846eb-8c06-4fc0-b850-0bd7338e9513" testListId="8c84fa94-04c1-424b-9868-57a2d4851a1d" />
    <TestEntry testId="afd3f908-844e-45d3-d3c9-74714f9775ee" executionId="825515ec-9de3-4441-87f5-7615917ff9d8" testListId="8c84fa94-04c1-424b-9868-57a2d4851a1d" />
    <TestEntry testId="b3053f22-9278-9467-c301-e74748f4cbe1" executionId="ffe59b1c-8602-450e-930c-539fb4587f52" testListId="8c84fa94-04c1-424b-9868-57a2d4851a1d" />
    <TestEntry testId="b50a1ba1-45f3-8758-046a-23678c734d01" executionId="7f895abc-aa37-4f2b-8a50-958e9b49e49c" testListId="8c84fa94-04c1-424b-9868-57a2d4851a1d" />
    <TestEntry testId="c0746781-6825-d26a-5c81-52f601d3f840" executionId="2dbe7ec8-7c58-4abf-9fcd-ce2e5ace67d3" testListId="8c84fa94-04c1-424b-9868-57a2d4851a1d" />
    <TestEntry testId="c08601fa-e2ca-6b69-d339-98b3ccb9dfc5" executionId="14794252-4796-4a04-8259-8ee1a5896255" testListId="8c84fa94-04c1-424b-9868-57a2d4851a1d" />
    <TestEntry testId="c0f06d6c-dcd7-4804-00f4-8b52a6b0ab52" executionId="079166a9-643f-44d4-893b-90c4dbed1a84" testListId="8c84fa94-04c1-424b-9868-57a2d4851a1d" />
    <TestEntry testId="c5b22390-b403-06b6-7b08-7f2581f78a9f" executionId="e4670bd3-56ba-4ec0-9676-312afe688264" testListId="8c84fa94-04c1-424b-9868-57a2d4851a1d" />
    <TestEntry testId="ceb0e51e-614c-8f34-d82a-4c54d316785b" executionId="4f04315b-9210-4e23-b7dc-cf665aa9d7a0" testListId="8c84fa94-04c1-424b-9868-57a2d4851a1d" />
    <TestEntry testId="cfb57f48-7a18-23b3-6961-3e854da8506c" executionId="b9c6d5c1-fb7c-4cd1-a9c3-62dba02b16e9" testListId="8c84fa94-04c1-424b-9868-57a2d4851a1d" />
    <TestEntry testId="d2581d1f-b856-d57a-1aa7-c785831728f9" executionId="98b3becd-e6b3-4db9-9d63-5f415e828b69" testListId="8c84fa94-04c1-424b-9868-57a2d4851a1d" />
    <TestEntry testId="dc426b2d-1e5c-2277-6ac7-8c4d5eb93b39" executionId="9c676a6d-4512-434d-b590-dd679df0cc47" testListId="8c84fa94-04c1-424b-9868-57a2d4851a1d" />
    <TestEntry testId="e13dfe34-ee77-5bc8-713b-2863090d5471" executionId="ca64452c-867b-4e65-994a-b849f93b9d94" testListId="8c84fa94-04c1-424b-9868-57a2d4851a1d" />
    <TestEntry testId="e186dc13-d4a8-b2aa-a20a-0a24ae26ce42" executionId="7c03bf1a-98a5-42f4-a3ea-24ba35eea8ca" testListId="8c84fa94-04c1-424b-9868-57a2d4851a1d" />
    <TestEntry testId="e6841291-87bc-44c9-0de6-c9d9d276bd27" executionId="7a211515-f397-4097-a54d-aebb2b3cccc1" testListId="8c84fa94-04c1-424b-9868-57a2d4851a1d" />
    <TestEntry testId="e81eabcf-b83c-e229-b61a-105cd01ce1b6" executionId="c9ad447a-9da6-4d4f-9cbe-d214d2d3a0f3" testListId="8c84fa94-04c1-424b-9868-57a2d4851a1d" />
    <TestEntry testId="eee989bd-6a80-d85b-3f16-3dfd7ab1c324" executionId="d1ce7e76-e13e-4ff6-8e68-96a750030a4a" testListId="8c84fa94-04c1-424b-9868-57a2d4851a1d" />
    <TestEntry testId="f8eafeb8-ea36-d2b9-e132-8cd977c7038e" executionId="ec8bacdc-3998-4152-962c-bbad9a016d7d" testListId="8c84fa94-04c1-424b-9868-57a2d4851a1d" />
    <TestEntry testId="fae568e8-7858-4564-7c53-02050778c4dc" executionId="11546b28-bead-454e-9386-0c2f8a813af4" testListId="8c84fa94-04c1-424b-9868-57a2d4851a1d" />
  </TestEntries>
  <Results>
    <UnitTestResult executionId="068763ef-e5f2-4526-b575-0f710b16db15" testId="0393df5a-fa0b-3296-acc0-c8cfc4b7d946" testName="EqualsTest" computerName="MEOW-PC" duration="00:00:00.0329655" startTime="2012-10-21T18:15:30.9132127+08:00" endTime="2012-10-21T18:15:31.1940132+08:00" testType="13cdc9d9-ddb5-4fa4-a97d-d965ccfc6d4b" outcome="Passed" testListId="8c84fa94-04c1-424b-9868-57a2d4851a1d" relativeResultsDirectory="068763ef-e5f2-4526-b575-0f710b16db15">
    </UnitTestResult>
    <UnitTestResult executionId="90b7f264-d927-464f-a168-99105e5c05fb" testId="07e6a34d-12d4-d88c-cc26-7bf4c189b456" testName="CategoryNameTest" computerName="MEOW-PC" duration="00:00:00.0005742" startTime="2012-10-21T18:15:31.1940132+08:00" endTime="2012-10-21T18:15:31.1940132+08:00" testType="13cdc9d9-ddb5-4fa4-a97d-d965ccfc6d4b" outcome="Passed" testListId="8c84fa94-04c1-424b-9868-57a2d4851a1d" relativeResultsDirectory="90b7f264-d927-464f-a168-99105e5c05fb">
    </UnitTestResult>
    <UnitTestResult executionId="54043918-31a7-4378-9bcb-0402eadad6e3" testId="0931094b-3b61-b4b8-0873-f4099ecd5d4c" testName="IsValidCategoryAddTest" computerName="MEOW-PC" duration="00:00:00.0029604" startTime="2012-10-21T18:15:31.1940132+08:00" endTime="2012-10-21T18:15:31.2096132+08:00" testType="13cdc9d9-ddb5-4fa4-a97d-d965ccfc6d4b" outcome="Passed" testListId="8c84fa94-04c1-424b-9868-57a2d4851a1d" relativeResultsDirectory="54043918-31a7-4378-9bcb-0402eadad6e3">
    </UnitTestResult>
    <UnitTestResult executionId="0dc23c67-429d-451a-bbbe-1e17d01c00c7" testId="14b81e4d-396f-3c8f-d4e8-0dc7ed2d0ceb" testName="AddRecordTest" computerName="MEOW-PC" duration="00:00:00.0033938" startTime="2012-10-21T18:15:31.2096132+08:00" endTime="2012-10-21T18:15:31.2252132+08:00" testType="13cdc9d9-ddb5-4fa4-a97d-d965ccfc6d4b" outcome="Passed" testListId="8c84fa94-04c1-424b-9868-57a2d4851a1d" relativeResultsDirectory="0dc23c67-429d-451a-bbbe-1e17d01c00c7">
    </UnitTestResult>
    <UnitTestResult executionId="d951fcf8-f504-41c2-b468-c8faa652776e" testId="22da6018-ec09-dae5-62eb-931f2b883997" testName="GetRecordsTest2" computerName="MEOW-PC" duration="00:00:00.0015660" startTime="2012-10-21T18:15:31.2252132+08:00" endTime="2012-10-21T18:15:31.2252132+08:00" testType="13cdc9d9-ddb5-4fa4-a97d-d965ccfc6d4b" outcome="Passed" testListId="8c84fa94-04c1-424b-9868-57a2d4851a1d" relativeResultsDirectory="d951fcf8-f504-41c2-b468-c8faa652776e">
    </UnitTestResult>
    <UnitTestResult executionId="c1b93c87-3f6d-4439-83f6-26d5ffc3ccff" testId="2b33dc95-1dd8-69e9-fc44-d49069202e8d" testName="GetCategoryTest" computerName="MEOW-PC" duration="00:00:00.0075550" startTime="2012-10-21T18:15:31.2408133+08:00" endTime="2012-10-21T18:15:31.2408133+08:00" testType="13cdc9d9-ddb5-4fa4-a97d-d965ccfc6d4b" outcome="Passed" testListId="8c84fa94-04c1-424b-9868-57a2d4851a1d" relativeResultsDirectory="c1b93c87-3f6d-4439-83f6-26d5ffc3ccff">
    </UnitTestResult>
    <UnitTestResult executionId="50ded59f-262d-4f2a-b3e5-24f359070f3e" testId="2fff3d70-8a91-739b-bf71-7ff50172d6de" testName="DateTest" computerName="MEOW-PC" duration="00:00:00.0023376" startTime="2012-10-21T18:15:31.2564133+08:00" endTime="2012-10-21T18:15:31.2564133+08:00" testType="13cdc9d9-ddb5-4fa4-a97d-d965ccfc6d4b" outcome="Passed" testListId="8c84fa94-04c1-424b-9868-57a2d4851a1d" relativeResultsDirectory="50ded59f-262d-4f2a-b3e5-24f359070f3e">
    </UnitTestResult>
    <UnitTestResult executionId="abfccf42-be60-4e92-b36b-e92d09e403da" testId="3a174999-523f-75e1-819b-4e6fac788c64" testName="GetRecordsTest" computerName="MEOW-PC" duration="00:00:00.0040408" startTime="2012-10-21T18:15:31.2564133+08:00" endTime="2012-10-21T18:15:31.2720133+08:00" testType="13cdc9d9-ddb5-4fa4-a97d-d965ccfc6d4b" outcome="Passed" testListId="8c84fa94-04c1-424b-9868-57a2d4851a1d" relativeResultsDirectory="abfccf42-be60-4e92-b36b-e92d09e403da">
    </UnitTestResult>
    <UnitTestResult executionId="9afc1160-6d06-4893-97d9-60d809f6f81e" testId="41d244a7-e3cc-3543-7af4-2b014df37b62" testName="AddCategoryTest" computerName="MEOW-PC" duration="00:00:00.0004879" startTime="2012-10-21T18:15:31.2720133+08:00" endTime="2012-10-21T18:15:31.2876133+08:00" testType="13cdc9d9-ddb5-4fa4-a97d-d965ccfc6d4b" outcome="Passed" testListId="8c84fa94-04c1-424b-9868-57a2d4851a1d" relativeResultsDirectory="9afc1160-6d06-4893-97d9-60d809f6f81e">
    </UnitTestResult>
    <UnitTestResult executionId="16c345f9-6235-43ad-8b90-04d123c0c773" testId="438cc15e-b3bd-02d0-6d9f-e76978d5582b" testName="GetCategoriesTest" computerName="MEOW-PC" duration="00:00:00.0026754" startTime="2012-10-21T18:15:31.2876133+08:00" endTime="2012-10-21T18:15:31.2876133+08:00" testType="13cdc9d9-ddb5-4fa4-a97d-d965ccfc6d4b" outcome="Passed" testListId="8c84fa94-04c1-424b-9868-57a2d4851a1d" relativeResultsDirectory="16c345f9-6235-43ad-8b90-04d123c0c773">
    </UnitTestResult>
    <UnitTestResult executionId="9b030b3b-e3d7-4266-b671-ef571ebb7927" testId="45012060-6be2-18b5-9392-a6ace57de7f1" testName="GetIncomeStatisticsTest" computerName="MEOW-PC" duration="00:00:00.0039900" startTime="2012-10-21T18:15:31.2876133+08:00" endTime="2012-10-21T18:15:31.3032134+08:00" testType="13cdc9d9-ddb5-4fa4-a97d-d965ccfc6d4b" outcome="Passed" testListId="8c84fa94-04c1-424b-9868-57a2d4851a1d" relativeResultsDirectory="9b030b3b-e3d7-4266-b671-ef571ebb7927">
    </UnitTestResult>
    <UnitTestResult executionId="8615facd-6f63-40af-a833-32b33eb6eae7" testId="4c120bd0-192a-f6ad-b54e-ad653ce85d9d" testName="GetAmountsTest" computerName="MEOW-PC" duration="00:00:00.0012581" startTime="2012-10-21T18:15:31.3032134+08:00" endTime="2012-10-21T18:15:31.3188134+08:00" testType="13cdc9d9-ddb5-4fa4-a97d-d965ccfc6d4b" outcome="Passed" testListId="8c84fa94-04c1-424b-9868-57a2d4851a1d" relativeResultsDirectory="8615facd-6f63-40af-a833-32b33eb6eae7">
    </UnitTestResult>
    <UnitTestResult executionId="873d8b12-5f60-43ba-b0ff-42a63e5d2422" testId="4c7cc9a3-a41a-0458-944d-2dfab50e312d" testName="PercentTest" computerName="MEOW-PC" duration="00:00:00.0005868" startTime="2012-10-21T18:15:31.3188134+08:00" endTime="2012-10-21T18:15:31.3188134+08:00" testType="13cdc9d9-ddb5-4fa4-a97d-d965ccfc6d4b" outcome="Passed" testListId="8c84fa94-04c1-424b-9868-57a2d4851a1d" relativeResultsDirectory="873d8b12-5f60-43ba-b0ff-42a63e5d2422">
    </UnitTestResult>
    <UnitTestResult executionId="34ae266b-1ff7-4455-9501-071b02281b92" testId="4c835668-35ae-5c48-78a8-686b3f511511" testName="GetRecordsTest1" computerName="MEOW-PC" duration="00:00:00.0007986" startTime="2012-10-21T18:15:31.3188134+08:00" endTime="2012-10-21T18:15:31.3344134+08:00" testType="13cdc9d9-ddb5-4fa4-a97d-d965ccfc6d4b" outcome="Passed" testListId="8c84fa94-04c1-424b-9868-57a2d4851a1d" relativeResultsDirectory="34ae266b-1ff7-4455-9501-071b02281b92">
    </UnitTestResult>
    <UnitTestResult executionId="fce70df9-f78a-41f3-80e8-eff1eef66d9f" testId="4d8a1e67-a741-d1dc-e666-be1101e5eac4" testName="CategoryTest" computerName="MEOW-PC" duration="00:00:00.0005649" startTime="2012-10-21T18:15:31.3344134+08:00" endTime="2012-10-21T18:15:31.3344134+08:00" testType="13cdc9d9-ddb5-4fa4-a97d-d965ccfc6d4b" outcome="Passed" testListId="8c84fa94-04c1-424b-9868-57a2d4851a1d" relativeResultsDirectory="fce70df9-f78a-41f3-80e8-eff1eef66d9f">
    </UnitTestResult>
    <UnitTestResult executionId="8954f3ea-9c32-4dea-81fe-878c665adf03" testId="4ed46085-d240-d4ad-6bbd-ecc4826ca41e" testName="GetStatisticDataGridViewDataSourceTest" computerName="MEOW-PC" duration="00:00:00.0018072" startTime="2012-10-21T18:15:31.3500135+08:00" endTime="2012-10-21T18:15:31.3500135+08:00" testType="13cdc9d9-ddb5-4fa4-a97d-d965ccfc6d4b" outcome="Passed" testListId="8c84fa94-04c1-424b-9868-57a2d4851a1d" relativeResultsDirectory="8954f3ea-9c32-4dea-81fe-878c665adf03">
    </UnitTestResult>
    <UnitTestResult executionId="1050a2b6-2a88-4f09-8a0a-b06a3c8943c6" testId="4fc4636a-78c0-4218-adb2-6173283accca" testName="AddCategoryTest" computerName="MEOW-PC" duration="00:00:00.0003974" startTime="2012-10-21T18:15:31.3500135+08:00" endTime="2012-10-21T18:15:31.3656135+08:00" testType="13cdc9d9-ddb5-4fa4-a97d-d965ccfc6d4b" outcome="Passed" testListId="8c84fa94-04c1-424b-9868-57a2d4851a1d" relativeResultsDirectory="1050a2b6-2a88-4f09-8a0a-b06a3c8943c6">
    </UnitTestResult>
    <UnitTestResult executionId="d6ce6c37-9560-4539-891d-fde30639f913" testId="5070df1b-9d86-cdf0-2681-ac5b90a53c61" testName="IsValidRecordAddTest" computerName="MEOW-PC" duration="00:00:00.0011023" startTime="2012-10-21T18:15:31.3656135+08:00" endTime="2012-10-21T18:15:31.3656135+08:00" testType="13cdc9d9-ddb5-4fa4-a97d-d965ccfc6d4b" outcome="Passed" testListId="8c84fa94-04c1-424b-9868-57a2d4851a1d" relativeResultsDirectory="d6ce6c37-9560-4539-891d-fde30639f913">
    </UnitTestResult>
    <UnitTestResult executionId="98f81bb3-a9af-42c7-85e5-4a5ba3e4e1a4" testId="555842fa-2d25-35aa-c17b-faa4b06bcc3c" testName="GetStatisticTest" computerName="MEOW-PC" duration="00:00:00.0007683" startTime="2012-10-21T18:15:31.3656135+08:00" endTime="2012-10-21T18:15:31.3812135+08:00" testType="13cdc9d9-ddb5-4fa4-a97d-d965ccfc6d4b" outcome="Passed" testListId="8c84fa94-04c1-424b-9868-57a2d4851a1d" relativeResultsDirectory="98f81bb3-a9af-42c7-85e5-4a5ba3e4e1a4">
    </UnitTestResult>
    <UnitTestResult executionId="822d7bfd-38e4-436b-b17d-5aab0d464d41" testId="5f8b567f-98c3-ae13-5477-27a372c3a9a2" testName="GetCategoryIndexTest" computerName="MEOW-PC" duration="00:00:00.0003041" startTime="2012-10-21T18:15:31.3812135+08:00" endTime="2012-10-21T18:15:31.3812135+08:00" testType="13cdc9d9-ddb5-4fa4-a97d-d965ccfc6d4b" outcome="Passed" testListId="8c84fa94-04c1-424b-9868-57a2d4851a1d" relativeResultsDirectory="822d7bfd-38e4-436b-b17d-5aab0d464d41">
    </UnitTestResult>
    <UnitTestResult executionId="c2df2083-b361-41ba-8d92-cf29657e1168" testId="6e12922e-f637-e0ab-2bbc-896f100fe096" testName="GetRecordsTest3" computerName="MEOW-PC" duration="00:00:00.0009246" startTime="2012-10-21T18:15:31.3812135+08:00" endTime="2012-10-21T18:15:31.3968135+08:00" testType="13cdc9d9-ddb5-4fa4-a97d-d965ccfc6d4b" outcome="Passed" testListId="8c84fa94-04c1-424b-9868-57a2d4851a1d" relativeResultsDirectory="c2df2083-b361-41ba-8d92-cf29657e1168">
    </UnitTestResult>
    <UnitTestResult executionId="7dc306a4-a60d-447a-9e2b-3d9087271cb4" testId="74efd12a-9c71-71c4-7dc6-67bf8631fefb" testName="ToStringTest" computerName="MEOW-PC" duration="00:00:00.0003400" startTime="2012-10-21T18:15:31.3968135+08:00" endTime="2012-10-21T18:15:31.3968135+08:00" testType="13cdc9d9-ddb5-4fa4-a97d-d965ccfc6d4b" outcome="Passed" testListId="8c84fa94-04c1-424b-9868-57a2d4851a1d" relativeResultsDirectory="7dc306a4-a60d-447a-9e2b-3d9087271cb4">
    </UnitTestResult>
    <UnitTestResult executionId="b48ce0af-d978-4cad-bc95-0ab2a8cad6cb" testId="78dd5f9d-13bb-9546-be81-14ebcc0b1c0c" testName="GetCategoryModelTest" computerName="MEOW-PC" duration="00:00:00.0005243" startTime="2012-10-21T18:15:31.4124136+08:00" endTime="2012-10-21T18:15:31.4124136+08:00" testType="13cdc9d9-ddb5-4fa4-a97d-d965ccfc6d4b" outcome="Passed" testListId="8c84fa94-04c1-424b-9868-57a2d4851a1d" relativeResultsDirectory="b48ce0af-d978-4cad-bc95-0ab2a8cad6cb">
    </UnitTestResult>
    <UnitTestResult executionId="d94145b5-b82d-4d84-873c-0d36ccb5464f" testId="7d3e6c23-29df-0d58-ab46-c33cfd104620" testName="GetExpenseStatisticsTest" computerName="MEOW-PC" duration="00:00:00.0006335" startTime="2012-10-21T18:15:31.4124136+08:00" endTime="2012-10-21T18:15:31.4124136+08:00" testType="13cdc9d9-ddb5-4fa4-a97d-d965ccfc6d4b" outcome="Passed" testListId="8c84fa94-04c1-424b-9868-57a2d4851a1d" relativeResultsDirectory="d94145b5-b82d-4d84-873c-0d36ccb5464f">
    </UnitTestResult>
    <UnitTestResult executionId="9d4bd65c-1aa4-4044-9c21-123282fc4f02" testId="8612f2be-8f63-7d5e-ebd7-3a19cb63d7f9" testName="GetRecordsTest1" computerName="MEOW-PC" duration="00:00:00.0009372" startTime="2012-10-21T18:15:31.4280136+08:00" endTime="2012-10-21T18:15:31.4280136+08:00" testType="13cdc9d9-ddb5-4fa4-a97d-d965ccfc6d4b" outcome="Passed" testListId="8c84fa94-04c1-424b-9868-57a2d4851a1d" relativeResultsDirectory="9d4bd65c-1aa4-4044-9c21-123282fc4f02">
    </UnitTestResult>
    <UnitTestResult executionId="b02874b4-985c-4bfe-a830-d1df82d949e8" testId="8743b71d-5926-b78d-c573-e5254345d1a2" testName="SetPercentTest" computerName="MEOW-PC" duration="00:00:00.0005010" startTime="2012-10-21T18:15:31.4280136+08:00" endTime="2012-10-21T18:15:31.4436136+08:00" testType="13cdc9d9-ddb5-4fa4-a97d-d965ccfc6d4b" outcome="Passed" testListId="8c84fa94-04c1-424b-9868-57a2d4851a1d" relativeResultsDirectory="b02874b4-985c-4bfe-a830-d1df82d949e8">
    </UnitTestResult>
    <UnitTestResult executionId="2b07bb92-c14c-4e05-9ea2-ff8ba4da1bf7" testId="985ad049-bb35-3360-42f7-3933780d5c59" testName="ReadRecordFromFileTest" computerName="MEOW-PC" duration="00:00:00.0208658" startTime="2012-10-21T18:15:31.4436136+08:00" endTime="2012-10-21T18:15:31.4748137+08:00" testType="13cdc9d9-ddb5-4fa4-a97d-d965ccfc6d4b" outcome="Passed" testListId="8c84fa94-04c1-424b-9868-57a2d4851a1d" relativeResultsDirectory="2b07bb92-c14c-4e05-9ea2-ff8ba4da1bf7">
    </UnitTestResult>
    <UnitTestResult executionId="ea1c7a47-e9df-4e83-be97-44af0d80e621" testId="9c7f7ff2-c648-ab17-bf0b-fe1837c9864c" testName="WriteRecordToFileTest" computerName="MEOW-PC" duration="00:00:00.0067820" startTime="2012-10-21T18:15:31.4748137+08:00" endTime="2012-10-21T18:15:31.4904137+08:00" testType="13cdc9d9-ddb5-4fa4-a97d-d965ccfc6d4b" outcome="Passed" testListId="8c84fa94-04c1-424b-9868-57a2d4851a1d" relativeResultsDirectory="ea1c7a47-e9df-4e83-be97-44af0d80e621">
    </UnitTestResult>
    <UnitTestResult executionId="903e636f-ba10-4c16-b78c-b54873a8eea3" testId="a83ff9cb-2c44-dc59-36ae-98ed0ad10991" testName="GetStatisticModelTest" computerName="MEOW-PC" duration="00:00:00.0004823" startTime="2012-10-21T18:15:31.4904137+08:00" endTime="2012-10-21T18:15:31.4904137+08:00" testType="13cdc9d9-ddb5-4fa4-a97d-d965ccfc6d4b" outcome="Passed" testListId="8c84fa94-04c1-424b-9868-57a2d4851a1d" relativeResultsDirectory="903e636f-ba10-4c16-b78c-b54873a8eea3">
    </UnitTestResult>
    <UnitTestResult executionId="40279a37-b971-460c-9b70-0b86c619955d" testId="abb1e93d-9f24-6d2a-9e99-4f0f51cac12c" testName="GetHashCodeTest" computerName="MEOW-PC" duration="00:00:00.0008509" startTime="2012-10-21T18:15:31.5060137+08:00" endTime="2012-10-21T18:15:31.5060137+08:00" testType="13cdc9d9-ddb5-4fa4-a97d-d965ccfc6d4b" outcome="Passed" testListId="8c84fa94-04c1-424b-9868-57a2d4851a1d" relativeResultsDirectory="40279a37-b971-460c-9b70-0b86c619955d">
    </UnitTestResult>
    <UnitTestResult executionId="063846eb-8c06-4fc0-b850-0bd7338e9513" testId="ae8fa765-c6e3-3fd5-db33-812913565c79" testName="ReadCategoryFromFileTest" computerName="MEOW-PC" duration="00:00:00.0015413" startTime="2012-10-21T18:15:31.5060137+08:00" endTime="2012-10-21T18:15:31.5216138+08:00" testType="13cdc9d9-ddb5-4fa4-a97d-d965ccfc6d4b" outcome="Passed" testListId="8c84fa94-04c1-424b-9868-57a2d4851a1d" relativeResultsDirectory="063846eb-8c06-4fc0-b850-0bd7338e9513">
    </UnitTestResult>
    <UnitTestResult executionId="825515ec-9de3-4441-87f5-7615917ff9d8" testId="afd3f908-844e-45d3-d3c9-74714f9775ee" testName="GetInformationModelTest" computerName="MEOW-PC" duration="00:00:00.0006344" startTime="2012-10-21T18:15:31.5216138+08:00" endTime="2012-10-21T18:15:31.5216138+08:00" testType="13cdc9d9-ddb5-4fa4-a97d-d965ccfc6d4b" outcome="Passed" testListId="8c84fa94-04c1-424b-9868-57a2d4851a1d" relativeResultsDirectory="825515ec-9de3-4441-87f5-7615917ff9d8">
    </UnitTestResult>
    <UnitTestResult executionId="ffe59b1c-8602-450e-930c-539fb4587f52" testId="b3053f22-9278-9467-c301-e74748f4cbe1" testName="GetExpenseTest" computerName="MEOW-PC" duration="00:00:00.0007599" startTime="2012-10-21T18:15:31.5216138+08:00" endTime="2012-10-21T18:15:31.5372138+08:00" testType="13cdc9d9-ddb5-4fa4-a97d-d965ccfc6d4b" outcome="Passed" testListId="8c84fa94-04c1-424b-9868-57a2d4851a1d" relativeResultsDirectory="ffe59b1c-8602-450e-930c-539fb4587f52">
    </UnitTestResult>
    <UnitTestResult executionId="7f895abc-aa37-4f2b-8a50-958e9b49e49c" testId="b50a1ba1-45f3-8758-046a-23678c734d01" testName="GetAmountTest" computerName="MEOW-PC" duration="00:00:00.0005210" startTime="2012-10-21T18:15:31.5372138+08:00" endTime="2012-10-21T18:15:31.5372138+08:00" testType="13cdc9d9-ddb5-4fa4-a97d-d965ccfc6d4b" outcome="Passed" testListId="8c84fa94-04c1-424b-9868-57a2d4851a1d" relativeResultsDirectory="7f895abc-aa37-4f2b-8a50-958e9b49e49c">
    </UnitTestResult>
    <UnitTestResult executionId="2dbe7ec8-7c58-4abf-9fcd-ce2e5ace67d3" testId="c0746781-6825-d26a-5c81-52f601d3f840" testName="AmountTest" computerName="MEOW-PC" duration="00:00:00.0005028" startTime="2012-10-21T18:15:31.5372138+08:00" endTime="2012-10-21T18:15:31.5528138+08:00" testType="13cdc9d9-ddb5-4fa4-a97d-d965ccfc6d4b" outcome="Passed" testListId="8c84fa94-04c1-424b-9868-57a2d4851a1d" relativeResultsDirectory="2dbe7ec8-7c58-4abf-9fcd-ce2e5ace67d3">
    </UnitTestResult>
    <UnitTestResult executionId="14794252-4796-4a04-8259-8ee1a5896255" testId="c08601fa-e2ca-6b69-d339-98b3ccb9dfc5" testName="AmountsTest" computerName="MEOW-PC" duration="00:00:00.0003312" startTime="2012-10-21T18:15:31.5528138+08:00" endTime="2012-10-21T18:15:31.5528138+08:00" testType="13cdc9d9-ddb5-4fa4-a97d-d965ccfc6d4b" outcome="Passed" testListId="8c84fa94-04c1-424b-9868-57a2d4851a1d" relativeResultsDirectory="14794252-4796-4a04-8259-8ee1a5896255">
    </UnitTestResult>
    <UnitTestResult executionId="079166a9-643f-44d4-893b-90c4dbed1a84" testId="c0f06d6c-dcd7-4804-00f4-8b52a6b0ab52" testName="GetRecordModelTest" computerName="MEOW-PC" duration="00:00:00.0006307" startTime="2012-10-21T18:15:31.5528138+08:00" endTime="2012-10-21T18:15:31.5528138+08:00" testType="13cdc9d9-ddb5-4fa4-a97d-d965ccfc6d4b" outcome="Passed" testListId="8c84fa94-04c1-424b-9868-57a2d4851a1d" relativeResultsDirectory="079166a9-643f-44d4-893b-90c4dbed1a84">
    </UnitTestResult>
    <UnitTestResult executionId="e4670bd3-56ba-4ec0-9676-312afe688264" testId="c5b22390-b403-06b6-7b08-7f2581f78a9f" testName="GetBalanceTest" computerName="MEOW-PC" duration="00:00:00.0009232" startTime="2012-10-21T18:15:31.5684138+08:00" endTime="2012-10-21T18:15:31.5684138+08:00" testType="13cdc9d9-ddb5-4fa4-a97d-d965ccfc6d4b" outcome="Passed" testListId="8c84fa94-04c1-424b-9868-57a2d4851a1d" relativeResultsDirectory="e4670bd3-56ba-4ec0-9676-312afe688264">
    </UnitTestResult>
    <UnitTestResult executionId="4f04315b-9210-4e23-b7dc-cf665aa9d7a0" testId="ceb0e51e-614c-8f34-d82a-4c54d316785b" testName="GetNegativeRecordsTest" computerName="MEOW-PC" duration="00:00:00.0008672" startTime="2012-10-21T18:15:31.5684138+08:00" endTime="2012-10-21T18:15:31.5684138+08:00" testType="13cdc9d9-ddb5-4fa4-a97d-d965ccfc6d4b" outcome="Passed" testListId="8c84fa94-04c1-424b-9868-57a2d4851a1d" relativeResultsDirectory="4f04315b-9210-4e23-b7dc-cf665aa9d7a0">
    </UnitTestResult>
    <UnitTestResult executionId="b9c6d5c1-fb7c-4cd1-a9c3-62dba02b16e9" testId="cfb57f48-7a18-23b3-6961-3e854da8506c" testName="IsExistTest" computerName="MEOW-PC" duration="00:00:00.0003092" startTime="2012-10-21T18:15:31.5840139+08:00" endTime="2012-10-21T18:15:31.5840139+08:00" testType="13cdc9d9-ddb5-4fa4-a97d-d965ccfc6d4b" outcome="Passed" testListId="8c84fa94-04c1-424b-9868-57a2d4851a1d" relativeResultsDirectory="b9c6d5c1-fb7c-4cd1-a9c3-62dba02b16e9">
    </UnitTestResult>
    <UnitTestResult executionId="98b3becd-e6b3-4db9-9d63-5f415e828b69" testId="d2581d1f-b856-d57a-1aa7-c785831728f9" testName="AddRecordTest" computerName="MEOW-PC" duration="00:00:00.0009012" startTime="2012-10-21T18:15:31.5840139+08:00" endTime="2012-10-21T18:15:31.5996139+08:00" testType="13cdc9d9-ddb5-4fa4-a97d-d965ccfc6d4b" outcome="Passed" testListId="8c84fa94-04c1-424b-9868-57a2d4851a1d" relativeResultsDirectory="98b3becd-e6b3-4db9-9d63-5f415e828b69">
    </UnitTestResult>
    <UnitTestResult executionId="9c676a6d-4512-434d-b590-dd679df0cc47" testId="dc426b2d-1e5c-2277-6ac7-8c4d5eb93b39" testName="GetCategoryIndexTest" computerName="MEOW-PC" duration="00:00:00.0006470" startTime="2012-10-21T18:15:31.5996139+08:00" endTime="2012-10-21T18:15:31.5996139+08:00" testType="13cdc9d9-ddb5-4fa4-a97d-d965ccfc6d4b" outcome="Passed" testListId="8c84fa94-04c1-424b-9868-57a2d4851a1d" relativeResultsDirectory="9c676a6d-4512-434d-b590-dd679df0cc47">
    </UnitTestResult>
    <UnitTestResult executionId="ca64452c-867b-4e65-994a-b849f93b9d94" testId="e13dfe34-ee77-5bc8-713b-2863090d5471" testName="CategoryTest" computerName="MEOW-PC" duration="00:00:00.0004483" startTime="2012-10-21T18:15:31.5996139+08:00" endTime="2012-10-21T18:15:31.6152139+08:00" testType="13cdc9d9-ddb5-4fa4-a97d-d965ccfc6d4b" outcome="Passed" testListId="8c84fa94-04c1-424b-9868-57a2d4851a1d" relativeResultsDirectory="ca64452c-867b-4e65-994a-b849f93b9d94">
    </UnitTestResult>
    <UnitTestResult executionId="7c03bf1a-98a5-42f4-a3ea-24ba35eea8ca" testId="e186dc13-d4a8-b2aa-a20a-0a24ae26ce42" testName="GetIncomeTest" computerName="MEOW-PC" duration="00:00:00.0006041" startTime="2012-10-21T18:15:31.6152139+08:00" endTime="2012-10-21T18:15:31.6152139+08:00" testType="13cdc9d9-ddb5-4fa4-a97d-d965ccfc6d4b" outcome="Passed" testListId="8c84fa94-04c1-424b-9868-57a2d4851a1d" relativeResultsDirectory="7c03bf1a-98a5-42f4-a3ea-24ba35eea8ca">
    </UnitTestResult>
    <UnitTestResult executionId="7a211515-f397-4097-a54d-aebb2b3cccc1" testId="e6841291-87bc-44c9-0de6-c9d9d276bd27" testName="WriteCategoryToFileTest" computerName="MEOW-PC" duration="00:00:00.0010067" startTime="2012-10-21T18:15:31.6152139+08:00" endTime="2012-10-21T18:15:31.6308139+08:00" testType="13cdc9d9-ddb5-4fa4-a97d-d965ccfc6d4b" outcome="Passed" testListId="8c84fa94-04c1-424b-9868-57a2d4851a1d" relativeResultsDirectory="7a211515-f397-4097-a54d-aebb2b3cccc1">
    </UnitTestResult>
    <UnitTestResult executionId="c9ad447a-9da6-4d4f-9cbe-d214d2d3a0f3" testId="e81eabcf-b83c-e229-b61a-105cd01ce1b6" testName="GetCategoriesTest" computerName="MEOW-PC" duration="00:00:00.0003643" startTime="2012-10-21T18:15:31.6308139+08:00" endTime="2012-10-21T18:15:31.6308139+08:00" testType="13cdc9d9-ddb5-4fa4-a97d-d965ccfc6d4b" outcome="Passed" testListId="8c84fa94-04c1-424b-9868-57a2d4851a1d" relativeResultsDirectory="c9ad447a-9da6-4d4f-9cbe-d214d2d3a0f3">
    </UnitTestResult>
    <UnitTestResult executionId="d1ce7e76-e13e-4ff6-8e68-96a750030a4a" testId="eee989bd-6a80-d85b-3f16-3dfd7ab1c324" testName="GetPositiveRecordsTest" computerName="MEOW-PC" duration="00:00:00.0008798" startTime="2012-10-21T18:15:31.6308139+08:00" endTime="2012-10-21T18:15:31.6464140+08:00" testType="13cdc9d9-ddb5-4fa4-a97d-d965ccfc6d4b" outcome="Passed" testListId="8c84fa94-04c1-424b-9868-57a2d4851a1d" relativeResultsDirectory="d1ce7e76-e13e-4ff6-8e68-96a750030a4a">
    </UnitTestResult>
    <UnitTestResult executionId="ec8bacdc-3998-4152-962c-bbad9a016d7d" testId="f8eafeb8-ea36-d2b9-e132-8cd977c7038e" testName="GetRecordsTest" computerName="MEOW-PC" duration="00:00:00.0007165" startTime="2012-10-21T18:15:31.6464140+08:00" endTime="2012-10-21T18:15:31.6464140+08:00" testType="13cdc9d9-ddb5-4fa4-a97d-d965ccfc6d4b" outcome="Passed" testListId="8c84fa94-04c1-424b-9868-57a2d4851a1d" relativeResultsDirectory="ec8bacdc-3998-4152-962c-bbad9a016d7d">
    </UnitTestResult>
    <UnitTestResult executionId="11546b28-bead-454e-9386-0c2f8a813af4" testId="fae568e8-7858-4564-7c53-02050778c4dc" testName="CountTest" computerName="MEOW-PC" duration="00:00:00.0003298" startTime="2012-10-21T18:15:31.6464140+08:00" endTime="2012-10-21T18:15:31.6620140+08:00" testType="13cdc9d9-ddb5-4fa4-a97d-d965ccfc6d4b" outcome="Passed" testListId="8c84fa94-04c1-424b-9868-57a2d4851a1d" relativeResultsDirectory="11546b28-bead-454e-9386-0c2f8a813af4">
    </UnitTestResult>
  </Results>
</TestRun>