<?xml version="1.0" encoding="UTF-8"?>
<TestRun id="0ea895a5-5969-486b-88ef-b2d16c22a5f8" name="Meow@MEOW-PC 2012-10-21 17:35:43" runUser="Meow-PC\Meow" xmlns="http://microsoft.com/schemas/VisualStudio/TeamTest/2010">
  <TestSettings name="本機" id="4c5d43f5-97de-455f-80f8-d6dcfee819f3">
    <Description>這些是本機測試回合的預設測試設定。</Description>
    <Deployment runDeploymentRoot="Meow_MEOW-PC 2012-10-21 17_35_43">
      <DeploymentItem filename="D:\Desktop\GitHubRepositories\ezMoney\ezMoney\bin\Debug\ezMoney.exe" />
    </Deployment>
    <Execution>
      <TestTypeSpecific>
        <UnitTestRunConfig testTypeId="13cdc9d9-ddb5-4fa4-a97d-d965ccfc6d4b">
          <AssemblyResolution>
            <TestDirectory useLoadContext="true" />
          </AssemblyResolution>
        </UnitTestRunConfig>
        <WebTestRunConfiguration testTypeId="4e7599fa-5ecb-43e9-a887-cd63cf72d207">
          <Browser name="Internet Explorer 7.0">
            <Headers>
              <Header name="User-Agent" value="Mozilla/4.0 (compatible; MSIE 7.0; Windows NT 5.1)" />
              <Header name="Accept" value="*/*" />
              <Header name="Accept-Language" value="{{$IEAcceptLanguage}}" />
              <Header name="Accept-Encoding" value="GZIP" />
            </Headers>
          </Browser>
        </WebTestRunConfiguration>
      </TestTypeSpecific>
      <AgentRule name="LocalMachineDefaultRole">
        <DataCollectors>
          <DataCollector uri="datacollector://microsoft/CodeCoverage/1.0" assemblyQualifiedName="Microsoft.VisualStudio.TestTools.CodeCoverage.CoveragePlugIn, Microsoft.VisualStudio.QualityTools.Plugins.CodeCoverage, Version=10.0.0.0, Culture=neutral, PublicKeyToken=b03f5f7f11d50a3a" friendlyName="程式碼涵蓋範圍">
            <Configuration>
              <CodeCoverage xmlns="">
                <Regular>
                  <CodeCoverageItem binaryFile="D:\Desktop\GitHubRepositories\ezMoney\ezMoney\bin\Debug\ezMoney.exe" pdbFile="D:\Desktop\GitHubRepositories\ezMoney\ezMoney\bin\Debug\ezMoney.instr.pdb" instrumentInPlace="true" />
                </Regular>
              </CodeCoverage>
            </Configuration>
          </DataCollector>
        </DataCollectors>
      </AgentRule>
    </Execution>
  </TestSettings>
  <Times creation="2012-10-21T17:35:43.1600448+08:00" queuing="2012-10-21T17:35:43.5180653+08:00" start="2012-10-21T17:35:43.5930696+08:00" finish="2012-10-21T17:35:46.3812290+08:00" />
  <ResultSummary outcome="Completed">
    <Counters total="39" executed="39" passed="39" error="0" failed="0" timeout="0" aborted="0" inconclusive="0" passedButRunAborted="0" notRunnable="0" notExecuted="0" disconnected="0" warning="0" completed="0" inProgress="0" pending="0" />
    <ResultFiles>
      <ResultFile path="MEOW-PC\data.coverage" />
    </ResultFiles>
  </ResultSummary>
  <TestDefinitions>
    <UnitTest name="GetRecordsTest" storage="d:\desktop\githubrepositories\ezmoney\ezmoney\testezmoney\bin\debug\testezmoney.dll" id="3a174999-523f-75e1-819b-4e6fac788c64">
      <Execution id="b98cdbe2-9145-4b7a-aebf-59060d715764" />
      <TestMethod codeBase="D:/Desktop/GitHubRepositories/ezMoney/ezMoney/TestEZMoney/bin/Debug/TestEZMoney.DLL" adapterTypeName="Microsoft.VisualStudio.TestTools.TestTypes.Unit.UnitTestAdapter, Microsoft.VisualStudio.QualityTools.Tips.UnitTest.Adapter, Version=10.0.0.0, Culture=neutral, PublicKeyToken=b03f5f7f11d50a3a" className="TestEZMoney.RecordModelTest, TestEZMoney, Version=1.0.0.0, Culture=neutral, PublicKeyToken=null" name="GetRecordsTest" />
    </UnitTest>
    <UnitTest name="GetCategoriesTest" storage="d:\desktop\githubrepositories\ezmoney\ezmoney\testezmoney\bin\debug\testezmoney.dll" id="e81eabcf-b83c-e229-b61a-105cd01ce1b6">
      <Execution id="6634d1e8-900d-4ccb-9526-03f79b7724bf" />
      <TestMethod codeBase="D:/Desktop/GitHubRepositories/ezMoney/ezMoney/TestEZMoney/bin/Debug/TestEZMoney.DLL" adapterTypeName="Microsoft.VisualStudio.TestTools.TestTypes.Unit.UnitTestAdapter, Microsoft.VisualStudio.QualityTools.Tips.UnitTest.Adapter, Version=10.0.0.0, Culture=neutral, PublicKeyToken=b03f5f7f11d50a3a" className="TestEZMoney.CategoryModelTest, TestEZMoney, Version=1.0.0.0, Culture=neutral, PublicKeyToken=null" name="GetCategoriesTest" />
    </UnitTest>
    <UnitTest name="GetExpenseStatisticsTest" storage="d:\desktop\githubrepositories\ezmoney\ezmoney\testezmoney\bin\debug\testezmoney.dll" id="7d3e6c23-29df-0d58-ab46-c33cfd104620">
      <Execution id="d137a796-1222-4484-80b1-3977d72108b6" />
      <TestMethod codeBase="D:/Desktop/GitHubRepositories/ezMoney/ezMoney/TestEZMoney/bin/Debug/TestEZMoney.DLL" adapterTypeName="Microsoft.VisualStudio.TestTools.TestTypes.Unit.UnitTestAdapter, Microsoft.VisualStudio.QualityTools.Tips.UnitTest.Adapter, Version=10.0.0.0, Culture=neutral, PublicKeyToken=b03f5f7f11d50a3a" className="TestEZMoney.StatisticModelTest, TestEZMoney, Version=1.0.0.0, Culture=neutral, PublicKeyToken=null" name="GetExpenseStatisticsTest" />
    </UnitTest>
    <UnitTest name="ToStringTest" storage="d:\desktop\githubrepositories\ezmoney\ezmoney\testezmoney\bin\debug\testezmoney.dll" id="74efd12a-9c71-71c4-7dc6-67bf8631fefb">
      <Execution id="d801aa1d-708d-4e61-99d8-0b956a24f719" />
      <TestMethod codeBase="D:/Desktop/GitHubRepositories/ezMoney/ezMoney/TestEZMoney/bin/Debug/TestEZMoney.DLL" adapterTypeName="Microsoft.VisualStudio.TestTools.TestTypes.Unit.UnitTestAdapter, Microsoft.VisualStudio.QualityTools.Tips.UnitTest.Adapter, Version=10.0.0.0, Culture=neutral, PublicKeyToken=b03f5f7f11d50a3a" className="TestEZMoney.CategoryTest, TestEZMoney, Version=1.0.0.0, Culture=neutral, PublicKeyToken=null" name="ToStringTest" />
    </UnitTest>
    <UnitTest name="GetCategoryIndexTest" storage="d:\desktop\githubrepositories\ezmoney\ezmoney\testezmoney\bin\debug\testezmoney.dll" id="5f8b567f-98c3-ae13-5477-27a372c3a9a2">
      <Execution id="dc1d128a-5785-492a-aeda-e373242397d9" />
      <TestMethod codeBase="D:/Desktop/GitHubRepositories/ezMoney/ezMoney/TestEZMoney/bin/Debug/TestEZMoney.DLL" adapterTypeName="Microsoft.VisualStudio.TestTools.TestTypes.Unit.UnitTestAdapter, Microsoft.VisualStudio.QualityTools.Tips.UnitTest.Adapter, Version=10.0.0.0, Culture=neutral, PublicKeyToken=b03f5f7f11d50a3a" className="TestEZMoney.CategoryModelTest, TestEZMoney, Version=1.0.0.0, Culture=neutral, PublicKeyToken=null" name="GetCategoryIndexTest" />
    </UnitTest>
    <UnitTest name="PercentTest" storage="d:\desktop\githubrepositories\ezmoney\ezmoney\testezmoney\bin\debug\testezmoney.dll" id="4c7cc9a3-a41a-0458-944d-2dfab50e312d">
      <Execution id="7047046b-f98d-4318-9955-c48ee721b568" />
      <TestMethod codeBase="D:/Desktop/GitHubRepositories/ezMoney/ezMoney/TestEZMoney/bin/Debug/TestEZMoney.DLL" adapterTypeName="Microsoft.VisualStudio.TestTools.TestTypes.Unit.UnitTestAdapter, Microsoft.VisualStudio.QualityTools.Tips.UnitTest.Adapter, Version=10.0.0.0, Culture=neutral, PublicKeyToken=b03f5f7f11d50a3a" className="TestEZMoney.StatisticTest, TestEZMoney, Version=1.0.0.0, Culture=neutral, PublicKeyToken=null" name="PercentTest" />
    </UnitTest>
    <UnitTest name="GetExpenseTest" storage="d:\desktop\githubrepositories\ezmoney\ezmoney\testezmoney\bin\debug\testezmoney.dll" id="b3053f22-9278-9467-c301-e74748f4cbe1">
      <Execution id="92dc1ac3-f2d2-48e9-a03c-321ccc55c57e" />
      <TestMethod codeBase="D:/Desktop/GitHubRepositories/ezMoney/ezMoney/TestEZMoney/bin/Debug/TestEZMoney.DLL" adapterTypeName="Microsoft.VisualStudio.TestTools.TestTypes.Unit.UnitTestAdapter, Microsoft.VisualStudio.QualityTools.Tips.UnitTest.Adapter, Version=10.0.0.0, Culture=neutral, PublicKeyToken=b03f5f7f11d50a3a" className="TestEZMoney.StatisticModelTest, TestEZMoney, Version=1.0.0.0, Culture=neutral, PublicKeyToken=null" name="GetExpenseTest" />
    </UnitTest>
    <UnitTest name="GetAmountsTest" storage="d:\desktop\githubrepositories\ezmoney\ezmoney\testezmoney\bin\debug\testezmoney.dll" id="4c120bd0-192a-f6ad-b54e-ad653ce85d9d">
      <Execution id="6309843b-3bc1-4367-8780-02fbb1f293b3" />
      <TestMethod codeBase="D:/Desktop/GitHubRepositories/ezMoney/ezMoney/TestEZMoney/bin/Debug/TestEZMoney.DLL" adapterTypeName="Microsoft.VisualStudio.TestTools.TestTypes.Unit.UnitTestAdapter, Microsoft.VisualStudio.QualityTools.Tips.UnitTest.Adapter, Version=10.0.0.0, Culture=neutral, PublicKeyToken=b03f5f7f11d50a3a" className="TestEZMoney.StatisticModelTest, TestEZMoney, Version=1.0.0.0, Culture=neutral, PublicKeyToken=null" name="GetAmountsTest" />
    </UnitTest>
    <UnitTest name="GetAmountTest" storage="d:\desktop\githubrepositories\ezmoney\ezmoney\testezmoney\bin\debug\testezmoney.dll" id="b50a1ba1-45f3-8758-046a-23678c734d01">
      <Execution id="d3bfc945-cddb-4d88-8f3c-b527184935d0" />
      <TestMethod codeBase="D:/Desktop/GitHubRepositories/ezMoney/ezMoney/TestEZMoney/bin/Debug/TestEZMoney.DLL" adapterTypeName="Microsoft.VisualStudio.TestTools.TestTypes.Unit.UnitTestAdapter, Microsoft.VisualStudio.QualityTools.Tips.UnitTest.Adapter, Version=10.0.0.0, Culture=neutral, PublicKeyToken=b03f5f7f11d50a3a" className="TestEZMoney.InformationModelTest, TestEZMoney, Version=1.0.0.0, Culture=neutral, PublicKeyToken=null" name="GetAmountTest" />
    </UnitTest>
    <UnitTest name="AddCategoryTest" storage="d:\desktop\githubrepositories\ezmoney\ezmoney\testezmoney\bin\debug\testezmoney.dll" id="41d244a7-e3cc-3543-7af4-2b014df37b62">
      <Execution id="7b6f1217-236a-4fc1-86ee-77344b1bac62" />
      <TestMethod codeBase="D:/Desktop/GitHubRepositories/ezMoney/ezMoney/TestEZMoney/bin/Debug/TestEZMoney.DLL" adapterTypeName="Microsoft.VisualStudio.TestTools.TestTypes.Unit.UnitTestAdapter, Microsoft.VisualStudio.QualityTools.Tips.UnitTest.Adapter, Version=10.0.0.0, Culture=neutral, PublicKeyToken=b03f5f7f11d50a3a" className="TestEZMoney.CategoryModelTest, TestEZMoney, Version=1.0.0.0, Culture=neutral, PublicKeyToken=null" name="AddCategoryTest" />
    </UnitTest>
    <UnitTest name="CategoryTest" storage="d:\desktop\githubrepositories\ezmoney\ezmoney\testezmoney\bin\debug\testezmoney.dll" id="e13dfe34-ee77-5bc8-713b-2863090d5471">
      <Execution id="e64501ec-efc8-4cb9-b9c7-00e90e0e296d" />
      <TestMethod codeBase="D:/Desktop/GitHubRepositories/ezMoney/ezMoney/TestEZMoney/bin/Debug/TestEZMoney.DLL" adapterTypeName="Microsoft.VisualStudio.TestTools.TestTypes.Unit.UnitTestAdapter, Microsoft.VisualStudio.QualityTools.Tips.UnitTest.Adapter, Version=10.0.0.0, Culture=neutral, PublicKeyToken=b03f5f7f11d50a3a" className="TestEZMoney.StatisticTest, TestEZMoney, Version=1.0.0.0, Culture=neutral, PublicKeyToken=null" name="CategoryTest" />
    </UnitTest>
    <UnitTest name="IsValidCategoryAddTest" storage="d:\desktop\githubrepositories\ezmoney\ezmoney\testezmoney\bin\debug\testezmoney.dll" id="0931094b-3b61-b4b8-0873-f4099ecd5d4c">
      <Execution id="1f4e8cce-4803-48af-b543-c84781c1cef4" />
      <TestMethod codeBase="D:/Desktop/GitHubRepositories/ezMoney/ezMoney/TestEZMoney/bin/Debug/TestEZMoney.DLL" adapterTypeName="Microsoft.VisualStudio.TestTools.TestTypes.Unit.UnitTestAdapter, Microsoft.VisualStudio.QualityTools.Tips.UnitTest.Adapter, Version=10.0.0.0, Culture=neutral, PublicKeyToken=b03f5f7f11d50a3a" className="TestEZMoney.InformationModelTest, TestEZMoney, Version=1.0.0.0, Culture=neutral, PublicKeyToken=null" name="IsValidCategoryAddTest" />
    </UnitTest>
    <UnitTest name="AmountsTest" storage="d:\desktop\githubrepositories\ezmoney\ezmoney\testezmoney\bin\debug\testezmoney.dll" id="c08601fa-e2ca-6b69-d339-98b3ccb9dfc5">
      <Execution id="3d92d0dc-79a7-444f-9a54-b9c5436cebd2" />
      <TestMethod codeBase="D:/Desktop/GitHubRepositories/ezMoney/ezMoney/TestEZMoney/bin/Debug/TestEZMoney.DLL" adapterTypeName="Microsoft.VisualStudio.TestTools.TestTypes.Unit.UnitTestAdapter, Microsoft.VisualStudio.QualityTools.Tips.UnitTest.Adapter, Version=10.0.0.0, Culture=neutral, PublicKeyToken=b03f5f7f11d50a3a" className="TestEZMoney.StatisticTest, TestEZMoney, Version=1.0.0.0, Culture=neutral, PublicKeyToken=null" name="AmountsTest" />
    </UnitTest>
    <UnitTest name="IsExistTest" storage="d:\desktop\githubrepositories\ezmoney\ezmoney\testezmoney\bin\debug\testezmoney.dll" id="cfb57f48-7a18-23b3-6961-3e854da8506c">
      <Execution id="88b1f9a2-1a9a-476a-a4c2-b6870f94f08b" />
      <TestMethod codeBase="D:/Desktop/GitHubRepositories/ezMoney/ezMoney/TestEZMoney/bin/Debug/TestEZMoney.DLL" adapterTypeName="Microsoft.VisualStudio.TestTools.TestTypes.Unit.UnitTestAdapter, Microsoft.VisualStudio.QualityTools.Tips.UnitTest.Adapter, Version=10.0.0.0, Culture=neutral, PublicKeyToken=b03f5f7f11d50a3a" className="TestEZMoney.CategoryModelTest, TestEZMoney, Version=1.0.0.0, Culture=neutral, PublicKeyToken=null" name="IsExistTest" />
    </UnitTest>
    <UnitTest name="GetBalanceTest" storage="d:\desktop\githubrepositories\ezmoney\ezmoney\testezmoney\bin\debug\testezmoney.dll" id="c5b22390-b403-06b6-7b08-7f2581f78a9f">
      <Execution id="3a2eec87-f070-4a9b-9d56-64ed9816c5e3" />
      <TestMethod codeBase="D:/Desktop/GitHubRepositories/ezMoney/ezMoney/TestEZMoney/bin/Debug/TestEZMoney.DLL" adapterTypeName="Microsoft.VisualStudio.TestTools.TestTypes.Unit.UnitTestAdapter, Microsoft.VisualStudio.QualityTools.Tips.UnitTest.Adapter, Version=10.0.0.0, Culture=neutral, PublicKeyToken=b03f5f7f11d50a3a" className="TestEZMoney.StatisticModelTest, TestEZMoney, Version=1.0.0.0, Culture=neutral, PublicKeyToken=null" name="GetBalanceTest" />
    </UnitTest>
    <UnitTest name="GetStatisticDataGridViewDataSourceTest" storage="d:\desktop\githubrepositories\ezmoney\ezmoney\testezmoney\bin\debug\testezmoney.dll" id="4ed46085-d240-d4ad-6bbd-ecc4826ca41e">
      <Execution id="a2842509-8b0f-4dfc-aea3-ddde7c7dbc9e" />
      <TestMethod codeBase="D:/Desktop/GitHubRepositories/ezMoney/ezMoney/TestEZMoney/bin/Debug/TestEZMoney.DLL" adapterTypeName="Microsoft.VisualStudio.TestTools.TestTypes.Unit.UnitTestAdapter, Microsoft.VisualStudio.QualityTools.Tips.UnitTest.Adapter, Version=10.0.0.0, Culture=neutral, PublicKeyToken=b03f5f7f11d50a3a" className="TestEZMoney.StatisticModelTest, TestEZMoney, Version=1.0.0.0, Culture=neutral, PublicKeyToken=null" name="GetStatisticDataGridViewDataSourceTest" />
    </UnitTest>
    <UnitTest name="GetIncomeTest" storage="d:\desktop\githubrepositories\ezmoney\ezmoney\testezmoney\bin\debug\testezmoney.dll" id="e186dc13-d4a8-b2aa-a20a-0a24ae26ce42">
      <Execution id="1c67f6af-01ea-45ab-89b5-03dd700a74fb" />
      <TestMethod codeBase="D:/Desktop/GitHubRepositories/ezMoney/ezMoney/TestEZMoney/bin/Debug/TestEZMoney.DLL" adapterTypeName="Microsoft.VisualStudio.TestTools.TestTypes.Unit.UnitTestAdapter, Microsoft.VisualStudio.QualityTools.Tips.UnitTest.Adapter, Version=10.0.0.0, Culture=neutral, PublicKeyToken=b03f5f7f11d50a3a" className="TestEZMoney.StatisticModelTest, TestEZMoney, Version=1.0.0.0, Culture=neutral, PublicKeyToken=null" name="GetIncomeTest" />
    </UnitTest>
    <UnitTest name="CategoryTest" storage="d:\desktop\githubrepositories\ezmoney\ezmoney\testezmoney\bin\debug\testezmoney.dll" id="4d8a1e67-a741-d1dc-e666-be1101e5eac4">
      <Execution id="8a6989a3-0674-443c-bd53-805b305b49d8" />
      <TestMethod codeBase="D:/Desktop/GitHubRepositories/ezMoney/ezMoney/TestEZMoney/bin/Debug/TestEZMoney.DLL" adapterTypeName="Microsoft.VisualStudio.TestTools.TestTypes.Unit.UnitTestAdapter, Microsoft.VisualStudio.QualityTools.Tips.UnitTest.Adapter, Version=10.0.0.0, Culture=neutral, PublicKeyToken=b03f5f7f11d50a3a" className="TestEZMoney.RecordTest, TestEZMoney, Version=1.0.0.0, Culture=neutral, PublicKeyToken=null" name="CategoryTest" />
    </UnitTest>
    <UnitTest name="DateTest" storage="d:\desktop\githubrepositories\ezmoney\ezmoney\testezmoney\bin\debug\testezmoney.dll" id="2fff3d70-8a91-739b-bf71-7ff50172d6de">
      <Execution id="fd62e9db-ee36-4a75-9ffb-8cea6652c510" />
      <TestMethod codeBase="D:/Desktop/GitHubRepositories/ezMoney/ezMoney/TestEZMoney/bin/Debug/TestEZMoney.DLL" adapterTypeName="Microsoft.VisualStudio.TestTools.TestTypes.Unit.UnitTestAdapter, Microsoft.VisualStudio.QualityTools.Tips.UnitTest.Adapter, Version=10.0.0.0, Culture=neutral, PublicKeyToken=b03f5f7f11d50a3a" className="TestEZMoney.RecordTest, TestEZMoney, Version=1.0.0.0, Culture=neutral, PublicKeyToken=null" name="DateTest" />
    </UnitTest>
    <UnitTest name="GetStatisticTest" storage="d:\desktop\githubrepositories\ezmoney\ezmoney\testezmoney\bin\debug\testezmoney.dll" id="555842fa-2d25-35aa-c17b-faa4b06bcc3c">
      <DeploymentItems>
        <DeploymentItem filename="ezMoney.exe" />
      </DeploymentItems>
      <Execution id="c40d9269-7059-405d-9a52-1264c35115bd" />
      <TestMethod codeBase="D:/Desktop/GitHubRepositories/ezMoney/ezMoney/TestEZMoney/bin/Debug/TestEZMoney.DLL" adapterTypeName="Microsoft.VisualStudio.TestTools.TestTypes.Unit.UnitTestAdapter, Microsoft.VisualStudio.QualityTools.Tips.UnitTest.Adapter, Version=10.0.0.0, Culture=neutral, PublicKeyToken=b03f5f7f11d50a3a" className="TestEZMoney.StatisticModelTest, TestEZMoney, Version=1.0.0.0, Culture=neutral, PublicKeyToken=null" name="GetStatisticTest" />
    </UnitTest>
    <UnitTest name="SetPercentTest" storage="d:\desktop\githubrepositories\ezmoney\ezmoney\testezmoney\bin\debug\testezmoney.dll" id="8743b71d-5926-b78d-c573-e5254345d1a2">
      <DeploymentItems>
        <DeploymentItem filename="ezMoney.exe" />
      </DeploymentItems>
      <Execution id="d1169190-778b-4285-bd19-650e172b32cc" />
      <TestMethod codeBase="D:/Desktop/GitHubRepositories/ezMoney/ezMoney/TestEZMoney/bin/Debug/TestEZMoney.DLL" adapterTypeName="Microsoft.VisualStudio.TestTools.TestTypes.Unit.UnitTestAdapter, Microsoft.VisualStudio.QualityTools.Tips.UnitTest.Adapter, Version=10.0.0.0, Culture=neutral, PublicKeyToken=b03f5f7f11d50a3a" className="TestEZMoney.StatisticModelTest, TestEZMoney, Version=1.0.0.0, Culture=neutral, PublicKeyToken=null" name="SetPercentTest" />
    </UnitTest>
    <UnitTest name="GetPositiveRecordsTest" storage="d:\desktop\githubrepositories\ezmoney\ezmoney\testezmoney\bin\debug\testezmoney.dll" id="eee989bd-6a80-d85b-3f16-3dfd7ab1c324">
      <Execution id="2e262a57-c865-4af0-8248-5db177a57e5b" />
      <TestMethod codeBase="D:/Desktop/GitHubRepositories/ezMoney/ezMoney/TestEZMoney/bin/Debug/TestEZMoney.DLL" adapterTypeName="Microsoft.VisualStudio.TestTools.TestTypes.Unit.UnitTestAdapter, Microsoft.VisualStudio.QualityTools.Tips.UnitTest.Adapter, Version=10.0.0.0, Culture=neutral, PublicKeyToken=b03f5f7f11d50a3a" className="TestEZMoney.RecordModelTest, TestEZMoney, Version=1.0.0.0, Culture=neutral, PublicKeyToken=null" name="GetPositiveRecordsTest" />
    </UnitTest>
    <UnitTest name="GetIncomeStatisticsTest" storage="d:\desktop\githubrepositories\ezmoney\ezmoney\testezmoney\bin\debug\testezmoney.dll" id="45012060-6be2-18b5-9392-a6ace57de7f1">
      <Execution id="a43c7f22-f8f9-4e9e-810e-8083a9dbc01f" />
      <TestMethod codeBase="D:/Desktop/GitHubRepositories/ezMoney/ezMoney/TestEZMoney/bin/Debug/TestEZMoney.DLL" adapterTypeName="Microsoft.VisualStudio.TestTools.TestTypes.Unit.UnitTestAdapter, Microsoft.VisualStudio.QualityTools.Tips.UnitTest.Adapter, Version=10.0.0.0, Culture=neutral, PublicKeyToken=b03f5f7f11d50a3a" className="TestEZMoney.StatisticModelTest, TestEZMoney, Version=1.0.0.0, Culture=neutral, PublicKeyToken=null" name="GetIncomeStatisticsTest" />
    </UnitTest>
    <UnitTest name="GetHashCodeTest" storage="d:\desktop\githubrepositories\ezmoney\ezmoney\testezmoney\bin\debug\testezmoney.dll" id="abb1e93d-9f24-6d2a-9e99-4f0f51cac12c">
      <Execution id="2667c67d-186d-487e-bb39-fd8a1abbb3ed" />
      <TestMethod codeBase="D:/Desktop/GitHubRepositories/ezMoney/ezMoney/TestEZMoney/bin/Debug/TestEZMoney.DLL" adapterTypeName="Microsoft.VisualStudio.TestTools.TestTypes.Unit.UnitTestAdapter, Microsoft.VisualStudio.QualityTools.Tips.UnitTest.Adapter, Version=10.0.0.0, Culture=neutral, PublicKeyToken=b03f5f7f11d50a3a" className="TestEZMoney.CategoryTest, TestEZMoney, Version=1.0.0.0, Culture=neutral, PublicKeyToken=null" name="GetHashCodeTest" />
    </UnitTest>
    <UnitTest name="CategoryNameTest" storage="d:\desktop\githubrepositories\ezmoney\ezmoney\testezmoney\bin\debug\testezmoney.dll" id="07e6a34d-12d4-d88c-cc26-7bf4c189b456">
      <Execution id="5e28e7ce-ce9a-4aac-9f0f-b4367c71a4e0" />
      <TestMethod codeBase="D:/Desktop/GitHubRepositories/ezMoney/ezMoney/TestEZMoney/bin/Debug/TestEZMoney.DLL" adapterTypeName="Microsoft.VisualStudio.TestTools.TestTypes.Unit.UnitTestAdapter, Microsoft.VisualStudio.QualityTools.Tips.UnitTest.Adapter, Version=10.0.0.0, Culture=neutral, PublicKeyToken=b03f5f7f11d50a3a" className="TestEZMoney.CategoryTest, TestEZMoney, Version=1.0.0.0, Culture=neutral, PublicKeyToken=null" name="CategoryNameTest" />
    </UnitTest>
    <UnitTest name="WriteCategoryToFileTest" storage="d:\desktop\githubrepositories\ezmoney\ezmoney\testezmoney\bin\debug\testezmoney.dll" id="e6841291-87bc-44c9-0de6-c9d9d276bd27">
      <Execution id="234f2675-51f1-4e36-a160-4459f354fed1" />
      <TestMethod codeBase="D:/Desktop/GitHubRepositories/ezMoney/ezMoney/TestEZMoney/bin/Debug/TestEZMoney.DLL" adapterTypeName="Microsoft.VisualStudio.TestTools.TestTypes.Unit.UnitTestAdapter, Microsoft.VisualStudio.QualityTools.Tips.UnitTest.Adapter, Version=10.0.0.0, Culture=neutral, PublicKeyToken=b03f5f7f11d50a3a" className="TestEZMoney.CategoryModelTest, TestEZMoney, Version=1.0.0.0, Culture=neutral, PublicKeyToken=null" name="WriteCategoryToFileTest" />
    </UnitTest>
    <UnitTest name="CountTest" storage="d:\desktop\githubrepositories\ezmoney\ezmoney\testezmoney\bin\debug\testezmoney.dll" id="fae568e8-7858-4564-7c53-02050778c4dc">
      <Execution id="fc47729c-2193-4553-9822-706b1242a8e3" />
      <TestMethod codeBase="D:/Desktop/GitHubRepositories/ezMoney/ezMoney/TestEZMoney/bin/Debug/TestEZMoney.DLL" adapterTypeName="Microsoft.VisualStudio.TestTools.TestTypes.Unit.UnitTestAdapter, Microsoft.VisualStudio.QualityTools.Tips.UnitTest.Adapter, Version=10.0.0.0, Culture=neutral, PublicKeyToken=b03f5f7f11d50a3a" className="TestEZMoney.StatisticTest, TestEZMoney, Version=1.0.0.0, Culture=neutral, PublicKeyToken=null" name="CountTest" />
    </UnitTest>
    <UnitTest name="ReadRecordFromFileTest" storage="d:\desktop\githubrepositories\ezmoney\ezmoney\testezmoney\bin\debug\testezmoney.dll" id="985ad049-bb35-3360-42f7-3933780d5c59">
      <Execution id="998cd787-bbf9-417c-9830-4fba73879226" />
      <TestMethod codeBase="D:/Desktop/GitHubRepositories/ezMoney/ezMoney/TestEZMoney/bin/Debug/TestEZMoney.DLL" adapterTypeName="Microsoft.VisualStudio.TestTools.TestTypes.Unit.UnitTestAdapter, Microsoft.VisualStudio.QualityTools.Tips.UnitTest.Adapter, Version=10.0.0.0, Culture=neutral, PublicKeyToken=b03f5f7f11d50a3a" className="TestEZMoney.RecordModelTest, TestEZMoney, Version=1.0.0.0, Culture=neutral, PublicKeyToken=null" name="ReadRecordFromFileTest" />
    </UnitTest>
    <UnitTest name="GetRecordsTest1" storage="d:\desktop\githubrepositories\ezmoney\ezmoney\testezmoney\bin\debug\testezmoney.dll" id="4c835668-35ae-5c48-78a8-686b3f511511">
      <Execution id="747ec037-6d7b-48d7-a13b-f24a220990fb" />
      <TestMethod codeBase="D:/Desktop/GitHubRepositories/ezMoney/ezMoney/TestEZMoney/bin/Debug/TestEZMoney.DLL" adapterTypeName="Microsoft.VisualStudio.TestTools.TestTypes.Unit.UnitTestAdapter, Microsoft.VisualStudio.QualityTools.Tips.UnitTest.Adapter, Version=10.0.0.0, Culture=neutral, PublicKeyToken=b03f5f7f11d50a3a" className="TestEZMoney.RecordModelTest, TestEZMoney, Version=1.0.0.0, Culture=neutral, PublicKeyToken=null" name="GetRecordsTest1" />
    </UnitTest>
    <UnitTest name="GetRecordsTest2" storage="d:\desktop\githubrepositories\ezmoney\ezmoney\testezmoney\bin\debug\testezmoney.dll" id="22da6018-ec09-dae5-62eb-931f2b883997">
      <Execution id="fda10b3a-27e5-457c-a3ad-f855c85719e1" />
      <TestMethod codeBase="D:/Desktop/GitHubRepositories/ezMoney/ezMoney/TestEZMoney/bin/Debug/TestEZMoney.DLL" adapterTypeName="Microsoft.VisualStudio.TestTools.TestTypes.Unit.UnitTestAdapter, Microsoft.VisualStudio.QualityTools.Tips.UnitTest.Adapter, Version=10.0.0.0, Culture=neutral, PublicKeyToken=b03f5f7f11d50a3a" className="TestEZMoney.RecordModelTest, TestEZMoney, Version=1.0.0.0, Culture=neutral, PublicKeyToken=null" name="GetRecordsTest2" />
    </UnitTest>
    <UnitTest name="GetCategoryTest" storage="d:\desktop\githubrepositories\ezmoney\ezmoney\testezmoney\bin\debug\testezmoney.dll" id="2b33dc95-1dd8-69e9-fc44-d49069202e8d">
      <Execution id="e394a9ce-61d3-42b4-9ed7-87346631b051" />
      <TestMethod codeBase="D:/Desktop/GitHubRepositories/ezMoney/ezMoney/TestEZMoney/bin/Debug/TestEZMoney.DLL" adapterTypeName="Microsoft.VisualStudio.TestTools.TestTypes.Unit.UnitTestAdapter, Microsoft.VisualStudio.QualityTools.Tips.UnitTest.Adapter, Version=10.0.0.0, Culture=neutral, PublicKeyToken=b03f5f7f11d50a3a" className="TestEZMoney.CategoryModelTest, TestEZMoney, Version=1.0.0.0, Culture=neutral, PublicKeyToken=null" name="GetCategoryTest" />
    </UnitTest>
    <UnitTest name="GetNegativeRecordsTest" storage="d:\desktop\githubrepositories\ezmoney\ezmoney\testezmoney\bin\debug\testezmoney.dll" id="ceb0e51e-614c-8f34-d82a-4c54d316785b">
      <Execution id="38809e9d-8c90-4d3d-90eb-fcc124e863f8" />
      <TestMethod codeBase="D:/Desktop/GitHubRepositories/ezMoney/ezMoney/TestEZMoney/bin/Debug/TestEZMoney.DLL" adapterTypeName="Microsoft.VisualStudio.TestTools.TestTypes.Unit.UnitTestAdapter, Microsoft.VisualStudio.QualityTools.Tips.UnitTest.Adapter, Version=10.0.0.0, Culture=neutral, PublicKeyToken=b03f5f7f11d50a3a" className="TestEZMoney.RecordModelTest, TestEZMoney, Version=1.0.0.0, Culture=neutral, PublicKeyToken=null" name="GetNegativeRecordsTest" />
    </UnitTest>
    <UnitTest name="GetRecordsTest3" storage="d:\desktop\githubrepositories\ezmoney\ezmoney\testezmoney\bin\debug\testezmoney.dll" id="6e12922e-f637-e0ab-2bbc-896f100fe096">
      <Execution id="4487cfe7-05e6-41fa-aac1-b0bc8fb80968" />
      <TestMethod codeBase="D:/Desktop/GitHubRepositories/ezMoney/ezMoney/TestEZMoney/bin/Debug/TestEZMoney.DLL" adapterTypeName="Microsoft.VisualStudio.TestTools.TestTypes.Unit.UnitTestAdapter, Microsoft.VisualStudio.QualityTools.Tips.UnitTest.Adapter, Version=10.0.0.0, Culture=neutral, PublicKeyToken=b03f5f7f11d50a3a" className="TestEZMoney.RecordModelTest, TestEZMoney, Version=1.0.0.0, Culture=neutral, PublicKeyToken=null" name="GetRecordsTest3" />
    </UnitTest>
    <UnitTest name="AmountTest" storage="d:\desktop\githubrepositories\ezmoney\ezmoney\testezmoney\bin\debug\testezmoney.dll" id="c0746781-6825-d26a-5c81-52f601d3f840">
      <Execution id="4cab4cf1-719b-46f9-9439-f615aa0f0c58" />
      <TestMethod codeBase="D:/Desktop/GitHubRepositories/ezMoney/ezMoney/TestEZMoney/bin/Debug/TestEZMoney.DLL" adapterTypeName="Microsoft.VisualStudio.TestTools.TestTypes.Unit.UnitTestAdapter, Microsoft.VisualStudio.QualityTools.Tips.UnitTest.Adapter, Version=10.0.0.0, Culture=neutral, PublicKeyToken=b03f5f7f11d50a3a" className="TestEZMoney.RecordTest, TestEZMoney, Version=1.0.0.0, Culture=neutral, PublicKeyToken=null" name="AmountTest" />
    </UnitTest>
    <UnitTest name="IsValidRecordAddTest" storage="d:\desktop\githubrepositories\ezmoney\ezmoney\testezmoney\bin\debug\testezmoney.dll" id="5070df1b-9d86-cdf0-2681-ac5b90a53c61">
      <Execution id="eef5284e-648c-4f7c-81f3-2c3ae2b7504c" />
      <TestMethod codeBase="D:/Desktop/GitHubRepositories/ezMoney/ezMoney/TestEZMoney/bin/Debug/TestEZMoney.DLL" adapterTypeName="Microsoft.VisualStudio.TestTools.TestTypes.Unit.UnitTestAdapter, Microsoft.VisualStudio.QualityTools.Tips.UnitTest.Adapter, Version=10.0.0.0, Culture=neutral, PublicKeyToken=b03f5f7f11d50a3a" className="TestEZMoney.InformationModelTest, TestEZMoney, Version=1.0.0.0, Culture=neutral, PublicKeyToken=null" name="IsValidRecordAddTest" />
    </UnitTest>
    <UnitTest name="EqualsTest" storage="d:\desktop\githubrepositories\ezmoney\ezmoney\testezmoney\bin\debug\testezmoney.dll" id="0393df5a-fa0b-3296-acc0-c8cfc4b7d946">
      <Execution id="e8ee8c67-562d-4c7e-944c-4d567e173c97" />
      <TestMethod codeBase="D:/Desktop/GitHubRepositories/ezMoney/ezMoney/TestEZMoney/bin/Debug/TestEZMoney.DLL" adapterTypeName="Microsoft.VisualStudio.TestTools.TestTypes.Unit.UnitTestAdapter, Microsoft.VisualStudio.QualityTools.Tips.UnitTest.Adapter, Version=10.0.0.0, Culture=neutral, PublicKeyToken=b03f5f7f11d50a3a" className="TestEZMoney.CategoryTest, TestEZMoney, Version=1.0.0.0, Culture=neutral, PublicKeyToken=null" name="EqualsTest" />
    </UnitTest>
    <UnitTest name="WriteRecordToFileTest" storage="d:\desktop\githubrepositories\ezmoney\ezmoney\testezmoney\bin\debug\testezmoney.dll" id="9c7f7ff2-c648-ab17-bf0b-fe1837c9864c">
      <Execution id="e0f6e8c0-d1bc-4912-920a-9d9f976b1d9f" />
      <TestMethod codeBase="D:/Desktop/GitHubRepositories/ezMoney/ezMoney/TestEZMoney/bin/Debug/TestEZMoney.DLL" adapterTypeName="Microsoft.VisualStudio.TestTools.TestTypes.Unit.UnitTestAdapter, Microsoft.VisualStudio.QualityTools.Tips.UnitTest.Adapter, Version=10.0.0.0, Culture=neutral, PublicKeyToken=b03f5f7f11d50a3a" className="TestEZMoney.RecordModelTest, TestEZMoney, Version=1.0.0.0, Culture=neutral, PublicKeyToken=null" name="WriteRecordToFileTest" />
    </UnitTest>
    <UnitTest name="ReadCategoryFromFileTest" storage="d:\desktop\githubrepositories\ezmoney\ezmoney\testezmoney\bin\debug\testezmoney.dll" id="ae8fa765-c6e3-3fd5-db33-812913565c79">
      <Execution id="9e703ecc-df35-4e63-b5d7-2032e607cc82" />
      <TestMethod codeBase="D:/Desktop/GitHubRepositories/ezMoney/ezMoney/TestEZMoney/bin/Debug/TestEZMoney.DLL" adapterTypeName="Microsoft.VisualStudio.TestTools.TestTypes.Unit.UnitTestAdapter, Microsoft.VisualStudio.QualityTools.Tips.UnitTest.Adapter, Version=10.0.0.0, Culture=neutral, PublicKeyToken=b03f5f7f11d50a3a" className="TestEZMoney.CategoryModelTest, TestEZMoney, Version=1.0.0.0, Culture=neutral, PublicKeyToken=null" name="ReadCategoryFromFileTest" />
    </UnitTest>
    <UnitTest name="AddRecordTest" storage="d:\desktop\githubrepositories\ezmoney\ezmoney\testezmoney\bin\debug\testezmoney.dll" id="14b81e4d-396f-3c8f-d4e8-0dc7ed2d0ceb">
      <Execution id="986ea44b-d505-4470-a1ac-afeb23597825" />
      <TestMethod codeBase="D:/Desktop/GitHubRepositories/ezMoney/ezMoney/TestEZMoney/bin/Debug/TestEZMoney.DLL" adapterTypeName="Microsoft.VisualStudio.TestTools.TestTypes.Unit.UnitTestAdapter, Microsoft.VisualStudio.QualityTools.Tips.UnitTest.Adapter, Version=10.0.0.0, Culture=neutral, PublicKeyToken=b03f5f7f11d50a3a" className="TestEZMoney.RecordModelTest, TestEZMoney, Version=1.0.0.0, Culture=neutral, PublicKeyToken=null" name="AddRecordTest" />
    </UnitTest>
  </TestDefinitions>
  <TestLists>
    <TestList name="不在清單中的結果" id="8c84fa94-04c1-424b-9868-57a2d4851a1d" />
    <TestList name="所有載入的結果" id="19431567-8539-422a-85d7-44ee4e166bda" />
  </TestLists>
  <TestEntries>
    <TestEntry testId="0393df5a-fa0b-3296-acc0-c8cfc4b7d946" executionId="e8ee8c67-562d-4c7e-944c-4d567e173c97" testListId="8c84fa94-04c1-424b-9868-57a2d4851a1d" />
    <TestEntry testId="07e6a34d-12d4-d88c-cc26-7bf4c189b456" executionId="5e28e7ce-ce9a-4aac-9f0f-b4367c71a4e0" testListId="8c84fa94-04c1-424b-9868-57a2d4851a1d" />
    <TestEntry testId="0931094b-3b61-b4b8-0873-f4099ecd5d4c" executionId="1f4e8cce-4803-48af-b543-c84781c1cef4" testListId="8c84fa94-04c1-424b-9868-57a2d4851a1d" />
    <TestEntry testId="14b81e4d-396f-3c8f-d4e8-0dc7ed2d0ceb" executionId="986ea44b-d505-4470-a1ac-afeb23597825" testListId="8c84fa94-04c1-424b-9868-57a2d4851a1d" />
    <TestEntry testId="22da6018-ec09-dae5-62eb-931f2b883997" executionId="fda10b3a-27e5-457c-a3ad-f855c85719e1" testListId="8c84fa94-04c1-424b-9868-57a2d4851a1d" />
    <TestEntry testId="2b33dc95-1dd8-69e9-fc44-d49069202e8d" executionId="e394a9ce-61d3-42b4-9ed7-87346631b051" testListId="8c84fa94-04c1-424b-9868-57a2d4851a1d" />
    <TestEntry testId="2fff3d70-8a91-739b-bf71-7ff50172d6de" executionId="fd62e9db-ee36-4a75-9ffb-8cea6652c510" testListId="8c84fa94-04c1-424b-9868-57a2d4851a1d" />
    <TestEntry testId="3a174999-523f-75e1-819b-4e6fac788c64" executionId="b98cdbe2-9145-4b7a-aebf-59060d715764" testListId="8c84fa94-04c1-424b-9868-57a2d4851a1d" />
    <TestEntry testId="41d244a7-e3cc-3543-7af4-2b014df37b62" executionId="7b6f1217-236a-4fc1-86ee-77344b1bac62" testListId="8c84fa94-04c1-424b-9868-57a2d4851a1d" />
    <TestEntry testId="45012060-6be2-18b5-9392-a6ace57de7f1" executionId="a43c7f22-f8f9-4e9e-810e-8083a9dbc01f" testListId="8c84fa94-04c1-424b-9868-57a2d4851a1d" />
    <TestEntry testId="4c120bd0-192a-f6ad-b54e-ad653ce85d9d" executionId="6309843b-3bc1-4367-8780-02fbb1f293b3" testListId="8c84fa94-04c1-424b-9868-57a2d4851a1d" />
    <TestEntry testId="4c7cc9a3-a41a-0458-944d-2dfab50e312d" executionId="7047046b-f98d-4318-9955-c48ee721b568" testListId="8c84fa94-04c1-424b-9868-57a2d4851a1d" />
    <TestEntry testId="4c835668-35ae-5c48-78a8-686b3f511511" executionId="747ec037-6d7b-48d7-a13b-f24a220990fb" testListId="8c84fa94-04c1-424b-9868-57a2d4851a1d" />
    <TestEntry testId="4d8a1e67-a741-d1dc-e666-be1101e5eac4" executionId="8a6989a3-0674-443c-bd53-805b305b49d8" testListId="8c84fa94-04c1-424b-9868-57a2d4851a1d" />
    <TestEntry testId="4ed46085-d240-d4ad-6bbd-ecc4826ca41e" executionId="a2842509-8b0f-4dfc-aea3-ddde7c7dbc9e" testListId="8c84fa94-04c1-424b-9868-57a2d4851a1d" />
    <TestEntry testId="5070df1b-9d86-cdf0-2681-ac5b90a53c61" executionId="eef5284e-648c-4f7c-81f3-2c3ae2b7504c" testListId="8c84fa94-04c1-424b-9868-57a2d4851a1d" />
    <TestEntry testId="555842fa-2d25-35aa-c17b-faa4b06bcc3c" executionId="c40d9269-7059-405d-9a52-1264c35115bd" testListId="8c84fa94-04c1-424b-9868-57a2d4851a1d" />
    <TestEntry testId="5f8b567f-98c3-ae13-5477-27a372c3a9a2" executionId="dc1d128a-5785-492a-aeda-e373242397d9" testListId="8c84fa94-04c1-424b-9868-57a2d4851a1d" />
    <TestEntry testId="6e12922e-f637-e0ab-2bbc-896f100fe096" executionId="4487cfe7-05e6-41fa-aac1-b0bc8fb80968" testListId="8c84fa94-04c1-424b-9868-57a2d4851a1d" />
    <TestEntry testId="74efd12a-9c71-71c4-7dc6-67bf8631fefb" executionId="d801aa1d-708d-4e61-99d8-0b956a24f719" testListId="8c84fa94-04c1-424b-9868-57a2d4851a1d" />
    <TestEntry testId="7d3e6c23-29df-0d58-ab46-c33cfd104620" executionId="d137a796-1222-4484-80b1-3977d72108b6" testListId="8c84fa94-04c1-424b-9868-57a2d4851a1d" />
    <TestEntry testId="8743b71d-5926-b78d-c573-e5254345d1a2" executionId="d1169190-778b-4285-bd19-650e172b32cc" testListId="8c84fa94-04c1-424b-9868-57a2d4851a1d" />
    <TestEntry testId="985ad049-bb35-3360-42f7-3933780d5c59" executionId="998cd787-bbf9-417c-9830-4fba73879226" testListId="8c84fa94-04c1-424b-9868-57a2d4851a1d" />
    <TestEntry testId="9c7f7ff2-c648-ab17-bf0b-fe1837c9864c" executionId="e0f6e8c0-d1bc-4912-920a-9d9f976b1d9f" testListId="8c84fa94-04c1-424b-9868-57a2d4851a1d" />
    <TestEntry testId="abb1e93d-9f24-6d2a-9e99-4f0f51cac12c" executionId="2667c67d-186d-487e-bb39-fd8a1abbb3ed" testListId="8c84fa94-04c1-424b-9868-57a2d4851a1d" />
    <TestEntry testId="ae8fa765-c6e3-3fd5-db33-812913565c79" executionId="9e703ecc-df35-4e63-b5d7-2032e607cc82" testListId="8c84fa94-04c1-424b-9868-57a2d4851a1d" />
    <TestEntry testId="b3053f22-9278-9467-c301-e74748f4cbe1" executionId="92dc1ac3-f2d2-48e9-a03c-321ccc55c57e" testListId="8c84fa94-04c1-424b-9868-57a2d4851a1d" />
    <TestEntry testId="b50a1ba1-45f3-8758-046a-23678c734d01" executionId="d3bfc945-cddb-4d88-8f3c-b527184935d0" testListId="8c84fa94-04c1-424b-9868-57a2d4851a1d" />
    <TestEntry testId="c0746781-6825-d26a-5c81-52f601d3f840" executionId="4cab4cf1-719b-46f9-9439-f615aa0f0c58" testListId="8c84fa94-04c1-424b-9868-57a2d4851a1d" />
    <TestEntry testId="c08601fa-e2ca-6b69-d339-98b3ccb9dfc5" executionId="3d92d0dc-79a7-444f-9a54-b9c5436cebd2" testListId="8c84fa94-04c1-424b-9868-57a2d4851a1d" />
    <TestEntry testId="c5b22390-b403-06b6-7b08-7f2581f78a9f" executionId="3a2eec87-f070-4a9b-9d56-64ed9816c5e3" testListId="8c84fa94-04c1-424b-9868-57a2d4851a1d" />
    <TestEntry testId="ceb0e51e-614c-8f34-d82a-4c54d316785b" executionId="38809e9d-8c90-4d3d-90eb-fcc124e863f8" testListId="8c84fa94-04c1-424b-9868-57a2d4851a1d" />
    <TestEntry testId="cfb57f48-7a18-23b3-6961-3e854da8506c" executionId="88b1f9a2-1a9a-476a-a4c2-b6870f94f08b" testListId="8c84fa94-04c1-424b-9868-57a2d4851a1d" />
    <TestEntry testId="e13dfe34-ee77-5bc8-713b-2863090d5471" executionId="e64501ec-efc8-4cb9-b9c7-00e90e0e296d" testListId="8c84fa94-04c1-424b-9868-57a2d4851a1d" />
    <TestEntry testId="e186dc13-d4a8-b2aa-a20a-0a24ae26ce42" executionId="1c67f6af-01ea-45ab-89b5-03dd700a74fb" testListId="8c84fa94-04c1-424b-9868-57a2d4851a1d" />
    <TestEntry testId="e6841291-87bc-44c9-0de6-c9d9d276bd27" executionId="234f2675-51f1-4e36-a160-4459f354fed1" testListId="8c84fa94-04c1-424b-9868-57a2d4851a1d" />
    <TestEntry testId="e81eabcf-b83c-e229-b61a-105cd01ce1b6" executionId="6634d1e8-900d-4ccb-9526-03f79b7724bf" testListId="8c84fa94-04c1-424b-9868-57a2d4851a1d" />
    <TestEntry testId="eee989bd-6a80-d85b-3f16-3dfd7ab1c324" executionId="2e262a57-c865-4af0-8248-5db177a57e5b" testListId="8c84fa94-04c1-424b-9868-57a2d4851a1d" />
    <TestEntry testId="fae568e8-7858-4564-7c53-02050778c4dc" executionId="fc47729c-2193-4553-9822-706b1242a8e3" testListId="8c84fa94-04c1-424b-9868-57a2d4851a1d" />
  </TestEntries>
  <Results>
    <UnitTestResult executionId="e8ee8c67-562d-4c7e-944c-4d567e173c97" testId="0393df5a-fa0b-3296-acc0-c8cfc4b7d946" testName="EqualsTest" computerName="MEOW-PC" duration="00:00:00.0267269" startTime="2012-10-21T17:35:44.4901209+08:00" endTime="2012-10-21T17:35:44.7591363+08:00" testType="13cdc9d9-ddb5-4fa4-a97d-d965ccfc6d4b" outcome="Passed" testListId="8c84fa94-04c1-424b-9868-57a2d4851a1d" relativeResultsDirectory="e8ee8c67-562d-4c7e-944c-4d567e173c97">
    </UnitTestResult>
    <UnitTestResult executionId="5e28e7ce-ce9a-4aac-9f0f-b4367c71a4e0" testId="07e6a34d-12d4-d88c-cc26-7bf4c189b456" testName="CategoryNameTest" computerName="MEOW-PC" duration="00:00:00.0014018" startTime="2012-10-21T17:35:44.7651366+08:00" endTime="2012-10-21T17:35:44.7721370+08:00" testType="13cdc9d9-ddb5-4fa4-a97d-d965ccfc6d4b" outcome="Passed" testListId="8c84fa94-04c1-424b-9868-57a2d4851a1d" relativeResultsDirectory="5e28e7ce-ce9a-4aac-9f0f-b4367c71a4e0">
    </UnitTestResult>
    <UnitTestResult executionId="1f4e8cce-4803-48af-b543-c84781c1cef4" testId="0931094b-3b61-b4b8-0873-f4099ecd5d4c" testName="IsValidCategoryAddTest" computerName="MEOW-PC" duration="00:00:00.0029497" startTime="2012-10-21T17:35:44.7751372+08:00" endTime="2012-10-21T17:35:44.7831376+08:00" testType="13cdc9d9-ddb5-4fa4-a97d-d965ccfc6d4b" outcome="Passed" testListId="8c84fa94-04c1-424b-9868-57a2d4851a1d" relativeResultsDirectory="1f4e8cce-4803-48af-b543-c84781c1cef4">
    </UnitTestResult>
    <UnitTestResult executionId="986ea44b-d505-4470-a1ac-afeb23597825" testId="14b81e4d-396f-3c8f-d4e8-0dc7ed2d0ceb" testName="AddRecordTest" computerName="MEOW-PC" duration="00:00:00.0029688" startTime="2012-10-21T17:35:44.7901380+08:00" endTime="2012-10-21T17:35:44.7981385+08:00" testType="13cdc9d9-ddb5-4fa4-a97d-d965ccfc6d4b" outcome="Passed" testListId="8c84fa94-04c1-424b-9868-57a2d4851a1d" relativeResultsDirectory="986ea44b-d505-4470-a1ac-afeb23597825">
    </UnitTestResult>
    <UnitTestResult executionId="fda10b3a-27e5-457c-a3ad-f855c85719e1" testId="22da6018-ec09-dae5-62eb-931f2b883997" testName="GetRecordsTest2" computerName="MEOW-PC" duration="00:00:00.0015389" startTime="2012-10-21T17:35:44.8011387+08:00" endTime="2012-10-21T17:35:44.8081391+08:00" testType="13cdc9d9-ddb5-4fa4-a97d-d965ccfc6d4b" outcome="Passed" testListId="8c84fa94-04c1-424b-9868-57a2d4851a1d" relativeResultsDirectory="fda10b3a-27e5-457c-a3ad-f855c85719e1">
    </UnitTestResult>
    <UnitTestResult executionId="e394a9ce-61d3-42b4-9ed7-87346631b051" testId="2b33dc95-1dd8-69e9-fc44-d49069202e8d" testName="GetCategoryTest" computerName="MEOW-PC" duration="00:00:00.0074407" startTime="2012-10-21T17:35:44.8101392+08:00" endTime="2012-10-21T17:35:44.8241400+08:00" testType="13cdc9d9-ddb5-4fa4-a97d-d965ccfc6d4b" outcome="Passed" testListId="8c84fa94-04c1-424b-9868-57a2d4851a1d" relativeResultsDirectory="e394a9ce-61d3-42b4-9ed7-87346631b051">
    </UnitTestResult>
    <UnitTestResult executionId="fd62e9db-ee36-4a75-9ffb-8cea6652c510" testId="2fff3d70-8a91-739b-bf71-7ff50172d6de" testName="DateTest" computerName="MEOW-PC" duration="00:00:00.0023922" startTime="2012-10-21T17:35:44.8261401+08:00" endTime="2012-10-21T17:35:44.8341406+08:00" testType="13cdc9d9-ddb5-4fa4-a97d-d965ccfc6d4b" outcome="Passed" testListId="8c84fa94-04c1-424b-9868-57a2d4851a1d" relativeResultsDirectory="fd62e9db-ee36-4a75-9ffb-8cea6652c510">
    </UnitTestResult>
    <UnitTestResult executionId="b98cdbe2-9145-4b7a-aebf-59060d715764" testId="3a174999-523f-75e1-819b-4e6fac788c64" testName="GetRecordsTest" computerName="MEOW-PC" duration="00:00:00.0017596" startTime="2012-10-21T17:35:44.8381408+08:00" endTime="2012-10-21T17:35:44.8451412+08:00" testType="13cdc9d9-ddb5-4fa4-a97d-d965ccfc6d4b" outcome="Passed" testListId="8c84fa94-04c1-424b-9868-57a2d4851a1d" relativeResultsDirectory="b98cdbe2-9145-4b7a-aebf-59060d715764">
    </UnitTestResult>
    <UnitTestResult executionId="7b6f1217-236a-4fc1-86ee-77344b1bac62" testId="41d244a7-e3cc-3543-7af4-2b014df37b62" testName="AddCategoryTest" computerName="MEOW-PC" duration="00:00:00.0005537" startTime="2012-10-21T17:35:44.8471413+08:00" endTime="2012-10-21T17:35:44.8541417+08:00" testType="13cdc9d9-ddb5-4fa4-a97d-d965ccfc6d4b" outcome="Passed" testListId="8c84fa94-04c1-424b-9868-57a2d4851a1d" relativeResultsDirectory="7b6f1217-236a-4fc1-86ee-77344b1bac62">
    </UnitTestResult>
    <UnitTestResult executionId="a43c7f22-f8f9-4e9e-810e-8083a9dbc01f" testId="45012060-6be2-18b5-9392-a6ace57de7f1" testName="GetIncomeStatisticsTest" computerName="MEOW-PC" duration="00:00:00.0041551" startTime="2012-10-21T17:35:44.8561418+08:00" endTime="2012-10-21T17:35:44.8671424+08:00" testType="13cdc9d9-ddb5-4fa4-a97d-d965ccfc6d4b" outcome="Passed" testListId="8c84fa94-04c1-424b-9868-57a2d4851a1d" relativeResultsDirectory="a43c7f22-f8f9-4e9e-810e-8083a9dbc01f">
    </UnitTestResult>
    <UnitTestResult executionId="6309843b-3bc1-4367-8780-02fbb1f293b3" testId="4c120bd0-192a-f6ad-b54e-ad653ce85d9d" testName="GetAmountsTest" computerName="MEOW-PC" duration="00:00:00.0012642" startTime="2012-10-21T17:35:44.8681425+08:00" endTime="2012-10-21T17:35:44.8751429+08:00" testType="13cdc9d9-ddb5-4fa4-a97d-d965ccfc6d4b" outcome="Passed" testListId="8c84fa94-04c1-424b-9868-57a2d4851a1d" relativeResultsDirectory="6309843b-3bc1-4367-8780-02fbb1f293b3">
    </UnitTestResult>
    <UnitTestResult executionId="7047046b-f98d-4318-9955-c48ee721b568" testId="4c7cc9a3-a41a-0458-944d-2dfab50e312d" testName="PercentTest" computerName="MEOW-PC" duration="00:00:00.0005654" startTime="2012-10-21T17:35:44.8791431+08:00" endTime="2012-10-21T17:35:44.8871436+08:00" testType="13cdc9d9-ddb5-4fa4-a97d-d965ccfc6d4b" outcome="Passed" testListId="8c84fa94-04c1-424b-9868-57a2d4851a1d" relativeResultsDirectory="7047046b-f98d-4318-9955-c48ee721b568">
    </UnitTestResult>
    <UnitTestResult executionId="747ec037-6d7b-48d7-a13b-f24a220990fb" testId="4c835668-35ae-5c48-78a8-686b3f511511" testName="GetRecordsTest1" computerName="MEOW-PC" duration="00:00:00.0015422" startTime="2012-10-21T17:35:44.8991443+08:00" endTime="2012-10-21T17:35:44.9071447+08:00" testType="13cdc9d9-ddb5-4fa4-a97d-d965ccfc6d4b" outcome="Passed" testListId="8c84fa94-04c1-424b-9868-57a2d4851a1d" relativeResultsDirectory="747ec037-6d7b-48d7-a13b-f24a220990fb">
    </UnitTestResult>
    <UnitTestResult executionId="8a6989a3-0674-443c-bd53-805b305b49d8" testId="4d8a1e67-a741-d1dc-e666-be1101e5eac4" testName="CategoryTest" computerName="MEOW-PC" duration="00:00:00.0006073" startTime="2012-10-21T17:35:44.9101449+08:00" endTime="2012-10-21T17:35:44.9161452+08:00" testType="13cdc9d9-ddb5-4fa4-a97d-d965ccfc6d4b" outcome="Passed" testListId="8c84fa94-04c1-424b-9868-57a2d4851a1d" relativeResultsDirectory="8a6989a3-0674-443c-bd53-805b305b49d8">
    </UnitTestResult>
    <UnitTestResult executionId="a2842509-8b0f-4dfc-aea3-ddde7c7dbc9e" testId="4ed46085-d240-d4ad-6bbd-ecc4826ca41e" testName="GetStatisticDataGridViewDataSourceTest" computerName="MEOW-PC" duration="00:00:00.0018814" startTime="2012-10-21T17:35:44.9191454+08:00" endTime="2012-10-21T17:35:44.9271459+08:00" testType="13cdc9d9-ddb5-4fa4-a97d-d965ccfc6d4b" outcome="Passed" testListId="8c84fa94-04c1-424b-9868-57a2d4851a1d" relativeResultsDirectory="a2842509-8b0f-4dfc-aea3-ddde7c7dbc9e">
    </UnitTestResult>
    <UnitTestResult executionId="eef5284e-648c-4f7c-81f3-2c3ae2b7504c" testId="5070df1b-9d86-cdf0-2681-ac5b90a53c61" testName="IsValidRecordAddTest" computerName="MEOW-PC" duration="00:00:00.0017344" startTime="2012-10-21T17:35:44.9311461+08:00" endTime="2012-10-21T17:35:44.9421467+08:00" testType="13cdc9d9-ddb5-4fa4-a97d-d965ccfc6d4b" outcome="Passed" testListId="8c84fa94-04c1-424b-9868-57a2d4851a1d" relativeResultsDirectory="eef5284e-648c-4f7c-81f3-2c3ae2b7504c">
    </UnitTestResult>
    <UnitTestResult executionId="c40d9269-7059-405d-9a52-1264c35115bd" testId="555842fa-2d25-35aa-c17b-faa4b06bcc3c" testName="GetStatisticTest" computerName="MEOW-PC" duration="00:00:00.0010883" startTime="2012-10-21T17:35:44.9451469+08:00" endTime="2012-10-21T17:35:44.9561475+08:00" testType="13cdc9d9-ddb5-4fa4-a97d-d965ccfc6d4b" outcome="Passed" testListId="8c84fa94-04c1-424b-9868-57a2d4851a1d" relativeResultsDirectory="c40d9269-7059-405d-9a52-1264c35115bd">
    </UnitTestResult>
    <UnitTestResult executionId="dc1d128a-5785-492a-aeda-e373242397d9" testId="5f8b567f-98c3-ae13-5477-27a372c3a9a2" testName="GetCategoryIndexTest" computerName="MEOW-PC" duration="00:00:00.0003055" startTime="2012-10-21T17:35:44.9581476+08:00" endTime="2012-10-21T17:35:44.9631479+08:00" testType="13cdc9d9-ddb5-4fa4-a97d-d965ccfc6d4b" outcome="Passed" testListId="8c84fa94-04c1-424b-9868-57a2d4851a1d" relativeResultsDirectory="dc1d128a-5785-492a-aeda-e373242397d9">
    </UnitTestResult>
    <UnitTestResult executionId="4487cfe7-05e6-41fa-aac1-b0bc8fb80968" testId="6e12922e-f637-e0ab-2bbc-896f100fe096" testName="GetRecordsTest3" computerName="MEOW-PC" duration="00:00:00.0009003" startTime="2012-10-21T17:35:44.9661481+08:00" endTime="2012-10-21T17:35:44.9721484+08:00" testType="13cdc9d9-ddb5-4fa4-a97d-d965ccfc6d4b" outcome="Passed" testListId="8c84fa94-04c1-424b-9868-57a2d4851a1d" relativeResultsDirectory="4487cfe7-05e6-41fa-aac1-b0bc8fb80968">
    </UnitTestResult>
    <UnitTestResult executionId="d801aa1d-708d-4e61-99d8-0b956a24f719" testId="74efd12a-9c71-71c4-7dc6-67bf8631fefb" testName="ToStringTest" computerName="MEOW-PC" duration="00:00:00.0004944" startTime="2012-10-21T17:35:44.9761487+08:00" endTime="2012-10-21T17:35:44.9841491+08:00" testType="13cdc9d9-ddb5-4fa4-a97d-d965ccfc6d4b" outcome="Passed" testListId="8c84fa94-04c1-424b-9868-57a2d4851a1d" relativeResultsDirectory="d801aa1d-708d-4e61-99d8-0b956a24f719">
    </UnitTestResult>
    <UnitTestResult executionId="d137a796-1222-4484-80b1-3977d72108b6" testId="7d3e6c23-29df-0d58-ab46-c33cfd104620" testName="GetExpenseStatisticsTest" computerName="MEOW-PC" duration="00:00:00.0009484" startTime="2012-10-21T17:35:44.9881494+08:00" endTime="2012-10-21T17:35:44.9981499+08:00" testType="13cdc9d9-ddb5-4fa4-a97d-d965ccfc6d4b" outcome="Passed" testListId="8c84fa94-04c1-424b-9868-57a2d4851a1d" relativeResultsDirectory="d137a796-1222-4484-80b1-3977d72108b6">
    </UnitTestResult>
    <UnitTestResult executionId="d1169190-778b-4285-bd19-650e172b32cc" testId="8743b71d-5926-b78d-c573-e5254345d1a2" testName="SetPercentTest" computerName="MEOW-PC" duration="00:00:00.0008042" startTime="2012-10-21T17:35:45.0011501+08:00" endTime="2012-10-21T17:35:45.0091506+08:00" testType="13cdc9d9-ddb5-4fa4-a97d-d965ccfc6d4b" outcome="Passed" testListId="8c84fa94-04c1-424b-9868-57a2d4851a1d" relativeResultsDirectory="d1169190-778b-4285-bd19-650e172b32cc">
    </UnitTestResult>
    <UnitTestResult executionId="998cd787-bbf9-417c-9830-4fba73879226" testId="985ad049-bb35-3360-42f7-3933780d5c59" testName="ReadRecordFromFileTest" computerName="MEOW-PC" duration="00:00:00.0213229" startTime="2012-10-21T17:35:45.0121507+08:00" endTime="2012-10-21T17:35:45.0391523+08:00" testType="13cdc9d9-ddb5-4fa4-a97d-d965ccfc6d4b" outcome="Passed" testListId="8c84fa94-04c1-424b-9868-57a2d4851a1d" relativeResultsDirectory="998cd787-bbf9-417c-9830-4fba73879226">
    </UnitTestResult>
    <UnitTestResult executionId="e0f6e8c0-d1bc-4912-920a-9d9f976b1d9f" testId="9c7f7ff2-c648-ab17-bf0b-fe1837c9864c" testName="WriteRecordToFileTest" computerName="MEOW-PC" duration="00:00:00.0060309" startTime="2012-10-21T17:35:45.0411524+08:00" endTime="2012-10-21T17:35:45.0531531+08:00" testType="13cdc9d9-ddb5-4fa4-a97d-d965ccfc6d4b" outcome="Passed" testListId="8c84fa94-04c1-424b-9868-57a2d4851a1d" relativeResultsDirectory="e0f6e8c0-d1bc-4912-920a-9d9f976b1d9f">
    </UnitTestResult>
    <UnitTestResult executionId="2667c67d-186d-487e-bb39-fd8a1abbb3ed" testId="abb1e93d-9f24-6d2a-9e99-4f0f51cac12c" testName="GetHashCodeTest" computerName="MEOW-PC" duration="00:00:00.0012688" startTime="2012-10-21T17:35:45.0561533+08:00" endTime="2012-10-21T17:35:45.0631537+08:00" testType="13cdc9d9-ddb5-4fa4-a97d-d965ccfc6d4b" outcome="Passed" testListId="8c84fa94-04c1-424b-9868-57a2d4851a1d" relativeResultsDirectory="2667c67d-186d-487e-bb39-fd8a1abbb3ed">
    </UnitTestResult>
    <UnitTestResult executionId="9e703ecc-df35-4e63-b5d7-2032e607cc82" testId="ae8fa765-c6e3-3fd5-db33-812913565c79" testName="ReadCategoryFromFileTest" computerName="MEOW-PC" duration="00:00:00.0031489" startTime="2012-10-21T17:35:45.0661538+08:00" endTime="2012-10-21T17:35:45.0761544+08:00" testType="13cdc9d9-ddb5-4fa4-a97d-d965ccfc6d4b" outcome="Passed" testListId="8c84fa94-04c1-424b-9868-57a2d4851a1d" relativeResultsDirectory="9e703ecc-df35-4e63-b5d7-2032e607cc82">
    </UnitTestResult>
    <UnitTestResult executionId="92dc1ac3-f2d2-48e9-a03c-321ccc55c57e" testId="b3053f22-9278-9467-c301-e74748f4cbe1" testName="GetExpenseTest" computerName="MEOW-PC" duration="00:00:00.0008667" startTime="2012-10-21T17:35:45.0791546+08:00" endTime="2012-10-21T17:35:45.0861550+08:00" testType="13cdc9d9-ddb5-4fa4-a97d-d965ccfc6d4b" outcome="Passed" testListId="8c84fa94-04c1-424b-9868-57a2d4851a1d" relativeResultsDirectory="92dc1ac3-f2d2-48e9-a03c-321ccc55c57e">
    </UnitTestResult>
    <UnitTestResult executionId="d3bfc945-cddb-4d88-8f3c-b527184935d0" testId="b50a1ba1-45f3-8758-046a-23678c734d01" testName="GetAmountTest" computerName="MEOW-PC" duration="00:00:00.0006059" startTime="2012-10-21T17:35:45.0891551+08:00" endTime="2012-10-21T17:35:45.0951555+08:00" testType="13cdc9d9-ddb5-4fa4-a97d-d965ccfc6d4b" outcome="Passed" testListId="8c84fa94-04c1-424b-9868-57a2d4851a1d" relativeResultsDirectory="d3bfc945-cddb-4d88-8f3c-b527184935d0">
    </UnitTestResult>
    <UnitTestResult executionId="4cab4cf1-719b-46f9-9439-f615aa0f0c58" testId="c0746781-6825-d26a-5c81-52f601d3f840" testName="AmountTest" computerName="MEOW-PC" duration="00:00:00.0005262" startTime="2012-10-21T17:35:45.0971556+08:00" endTime="2012-10-21T17:35:45.1021559+08:00" testType="13cdc9d9-ddb5-4fa4-a97d-d965ccfc6d4b" outcome="Passed" testListId="8c84fa94-04c1-424b-9868-57a2d4851a1d" relativeResultsDirectory="4cab4cf1-719b-46f9-9439-f615aa0f0c58">
    </UnitTestResult>
    <UnitTestResult executionId="3d92d0dc-79a7-444f-9a54-b9c5436cebd2" testId="c08601fa-e2ca-6b69-d339-98b3ccb9dfc5" testName="AmountsTest" computerName="MEOW-PC" duration="00:00:00.0003111" startTime="2012-10-21T17:35:45.1051561+08:00" endTime="2012-10-21T17:35:45.1091563+08:00" testType="13cdc9d9-ddb5-4fa4-a97d-d965ccfc6d4b" outcome="Passed" testListId="8c84fa94-04c1-424b-9868-57a2d4851a1d" relativeResultsDirectory="3d92d0dc-79a7-444f-9a54-b9c5436cebd2">
    </UnitTestResult>
    <UnitTestResult executionId="3a2eec87-f070-4a9b-9d56-64ed9816c5e3" testId="c5b22390-b403-06b6-7b08-7f2581f78a9f" testName="GetBalanceTest" computerName="MEOW-PC" duration="00:00:00.0009283" startTime="2012-10-21T17:35:45.1111564+08:00" endTime="2012-10-21T17:35:45.1171567+08:00" testType="13cdc9d9-ddb5-4fa4-a97d-d965ccfc6d4b" outcome="Passed" testListId="8c84fa94-04c1-424b-9868-57a2d4851a1d" relativeResultsDirectory="3a2eec87-f070-4a9b-9d56-64ed9816c5e3">
    </UnitTestResult>
    <UnitTestResult executionId="38809e9d-8c90-4d3d-90eb-fcc124e863f8" testId="ceb0e51e-614c-8f34-d82a-4c54d316785b" testName="GetNegativeRecordsTest" computerName="MEOW-PC" duration="00:00:00.0011531" startTime="2012-10-21T17:35:45.1201569+08:00" endTime="2012-10-21T17:35:45.1251572+08:00" testType="13cdc9d9-ddb5-4fa4-a97d-d965ccfc6d4b" outcome="Passed" testListId="8c84fa94-04c1-424b-9868-57a2d4851a1d" relativeResultsDirectory="38809e9d-8c90-4d3d-90eb-fcc124e863f8">
    </UnitTestResult>
    <UnitTestResult executionId="88b1f9a2-1a9a-476a-a4c2-b6870f94f08b" testId="cfb57f48-7a18-23b3-6961-3e854da8506c" testName="IsExistTest" computerName="MEOW-PC" duration="00:00:00.0003083" startTime="2012-10-21T17:35:45.1271573+08:00" endTime="2012-10-21T17:35:45.1321576+08:00" testType="13cdc9d9-ddb5-4fa4-a97d-d965ccfc6d4b" outcome="Passed" testListId="8c84fa94-04c1-424b-9868-57a2d4851a1d" relativeResultsDirectory="88b1f9a2-1a9a-476a-a4c2-b6870f94f08b">
    </UnitTestResult>
    <UnitTestResult executionId="e64501ec-efc8-4cb9-b9c7-00e90e0e296d" testId="e13dfe34-ee77-5bc8-713b-2863090d5471" testName="CategoryTest" computerName="MEOW-PC" duration="00:00:00.0004352" startTime="2012-10-21T17:35:45.1341577+08:00" endTime="2012-10-21T17:35:45.1391580+08:00" testType="13cdc9d9-ddb5-4fa4-a97d-d965ccfc6d4b" outcome="Passed" testListId="8c84fa94-04c1-424b-9868-57a2d4851a1d" relativeResultsDirectory="e64501ec-efc8-4cb9-b9c7-00e90e0e296d">
    </UnitTestResult>
    <UnitTestResult executionId="1c67f6af-01ea-45ab-89b5-03dd700a74fb" testId="e186dc13-d4a8-b2aa-a20a-0a24ae26ce42" testName="GetIncomeTest" computerName="MEOW-PC" duration="00:00:00.0006964" startTime="2012-10-21T17:35:45.1411581+08:00" endTime="2012-10-21T17:35:45.1461584+08:00" testType="13cdc9d9-ddb5-4fa4-a97d-d965ccfc6d4b" outcome="Passed" testListId="8c84fa94-04c1-424b-9868-57a2d4851a1d" relativeResultsDirectory="1c67f6af-01ea-45ab-89b5-03dd700a74fb">
    </UnitTestResult>
    <UnitTestResult executionId="234f2675-51f1-4e36-a160-4459f354fed1" testId="e6841291-87bc-44c9-0de6-c9d9d276bd27" testName="WriteCategoryToFileTest" computerName="MEOW-PC" duration="00:00:00.0010696" startTime="2012-10-21T17:35:45.1481585+08:00" endTime="2012-10-21T17:35:45.1541589+08:00" testType="13cdc9d9-ddb5-4fa4-a97d-d965ccfc6d4b" outcome="Passed" testListId="8c84fa94-04c1-424b-9868-57a2d4851a1d" relativeResultsDirectory="234f2675-51f1-4e36-a160-4459f354fed1">
    </UnitTestResult>
    <UnitTestResult executionId="6634d1e8-900d-4ccb-9526-03f79b7724bf" testId="e81eabcf-b83c-e229-b61a-105cd01ce1b6" testName="GetCategoriesTest" computerName="MEOW-PC" duration="00:00:00.0003634" startTime="2012-10-21T17:35:45.1571590+08:00" endTime="2012-10-21T17:35:45.1621593+08:00" testType="13cdc9d9-ddb5-4fa4-a97d-d965ccfc6d4b" outcome="Passed" testListId="8c84fa94-04c1-424b-9868-57a2d4851a1d" relativeResultsDirectory="6634d1e8-900d-4ccb-9526-03f79b7724bf">
    </UnitTestResult>
    <UnitTestResult executionId="2e262a57-c865-4af0-8248-5db177a57e5b" testId="eee989bd-6a80-d85b-3f16-3dfd7ab1c324" testName="GetPositiveRecordsTest" computerName="MEOW-PC" duration="00:00:00.0008611" startTime="2012-10-21T17:35:45.1631594+08:00" endTime="2012-10-21T17:35:45.1691597+08:00" testType="13cdc9d9-ddb5-4fa4-a97d-d965ccfc6d4b" outcome="Passed" testListId="8c84fa94-04c1-424b-9868-57a2d4851a1d" relativeResultsDirectory="2e262a57-c865-4af0-8248-5db177a57e5b">
    </UnitTestResult>
    <UnitTestResult executionId="fc47729c-2193-4553-9822-706b1242a8e3" testId="fae568e8-7858-4564-7c53-02050778c4dc" testName="CountTest" computerName="MEOW-PC" duration="00:00:00.0002766" startTime="2012-10-21T17:35:45.1711598+08:00" endTime="2012-10-21T17:35:45.1761601+08:00" testType="13cdc9d9-ddb5-4fa4-a97d-d965ccfc6d4b" outcome="Passed" testListId="8c84fa94-04c1-424b-9868-57a2d4851a1d" relativeResultsDirectory="fc47729c-2193-4553-9822-706b1242a8e3">
    </UnitTestResult>
  </Results>
</TestRun>