<?xml version="1.0" encoding="UTF-8"?>
<TestRun id="e14238ae-3476-44b5-abf6-d73e6e8603df" name="Meow@MEOW-PC 2012-10-21 18:03:31" runUser="Meow-PC\Meow" xmlns="http://microsoft.com/schemas/VisualStudio/TeamTest/2010">
  <TestSettings name="本機" id="4c5d43f5-97de-455f-80f8-d6dcfee819f3">
    <Description>這些是本機測試回合的預設測試設定。</Description>
    <Deployment runDeploymentRoot="Meow_MEOW-PC 2012-10-21 18_03_31">
      <DeploymentItem filename="D:\Desktop\GitHubRepositories\ezMoney\ezMoney\bin\Debug\ezMoney.exe" />
    </Deployment>
    <Execution>
      <TestTypeSpecific>
        <UnitTestRunConfig testTypeId="13cdc9d9-ddb5-4fa4-a97d-d965ccfc6d4b">
          <AssemblyResolution>
            <TestDirectory useLoadContext="true" />
          </AssemblyResolution>
        </UnitTestRunConfig>
        <WebTestRunConfiguration testTypeId="4e7599fa-5ecb-43e9-a887-cd63cf72d207">
          <Browser name="Internet Explorer 7.0">
            <Headers>
              <Header name="User-Agent" value="Mozilla/4.0 (compatible; MSIE 7.0; Windows NT 5.1)" />
              <Header name="Accept" value="*/*" />
              <Header name="Accept-Language" value="{{$IEAcceptLanguage}}" />
              <Header name="Accept-Encoding" value="GZIP" />
            </Headers>
          </Browser>
        </WebTestRunConfiguration>
      </TestTypeSpecific>
      <AgentRule name="LocalMachineDefaultRole">
        <DataCollectors>
          <DataCollector uri="datacollector://microsoft/CodeCoverage/1.0" assemblyQualifiedName="Microsoft.VisualStudio.TestTools.CodeCoverage.CoveragePlugIn, Microsoft.VisualStudio.QualityTools.Plugins.CodeCoverage, Version=10.0.0.0, Culture=neutral, PublicKeyToken=b03f5f7f11d50a3a" friendlyName="程式碼涵蓋範圍">
            <Configuration>
              <CodeCoverage xmlns="">
                <Regular>
                  <CodeCoverageItem binaryFile="D:\Desktop\GitHubRepositories\ezMoney\ezMoney\bin\Debug\ezMoney.exe" pdbFile="D:\Desktop\GitHubRepositories\ezMoney\ezMoney\bin\Debug\ezMoney.instr.pdb" instrumentInPlace="true" />
                </Regular>
              </CodeCoverage>
            </Configuration>
          </DataCollector>
        </DataCollectors>
      </AgentRule>
    </Execution>
  </TestSettings>
  <Times creation="2012-10-21T18:03:31.1809134+08:00" queuing="2012-10-21T18:03:31.4969315+08:00" start="2012-10-21T18:03:31.5429341+08:00" finish="2012-10-21T18:03:33.7892003+08:00" />
  <ResultSummary outcome="Completed">
    <Counters total="1" executed="1" passed="1" error="0" failed="0" timeout="0" aborted="0" inconclusive="0" passedButRunAborted="0" notRunnable="0" notExecuted="0" disconnected="0" warning="0" completed="0" inProgress="0" pending="0" />
    <ResultFiles>
      <ResultFile path="MEOW-PC\data.coverage" />
    </ResultFiles>
  </ResultSummary>
  <TestDefinitions>
    <UnitTest name="GetRecordsTest1" storage="d:\desktop\githubrepositories\ezmoney\ezmoney\testezmoney\bin\debug\testezmoney.dll" id="8612f2be-8f63-7d5e-ebd7-3a19cb63d7f9">
      <Execution id="1ebca916-3909-4874-b61d-d5716858d5ec" />
      <TestMethod codeBase="D:/Desktop/GitHubRepositories/ezMoney/ezMoney/TestEZMoney/bin/Debug/TestEZMoney.DLL" adapterTypeName="Microsoft.VisualStudio.TestTools.TestTypes.Unit.UnitTestAdapter, Microsoft.VisualStudio.QualityTools.Tips.UnitTest.Adapter, Version=10.0.0.0, Culture=neutral, PublicKeyToken=b03f5f7f11d50a3a" className="TestEZMoney.EZMoneyModelTest, TestEZMoney, Version=1.0.0.0, Culture=neutral, PublicKeyToken=null" name="GetRecordsTest1" />
    </UnitTest>
  </TestDefinitions>
  <TestLists>
    <TestList name="不在清單中的結果" id="8c84fa94-04c1-424b-9868-57a2d4851a1d" />
    <TestList name="所有載入的結果" id="19431567-8539-422a-85d7-44ee4e166bda" />
  </TestLists>
  <TestEntries>
    <TestEntry testId="8612f2be-8f63-7d5e-ebd7-3a19cb63d7f9" executionId="1ebca916-3909-4874-b61d-d5716858d5ec" testListId="8c84fa94-04c1-424b-9868-57a2d4851a1d" />
  </TestEntries>
  <Results>
    <UnitTestResult executionId="1ebca916-3909-4874-b61d-d5716858d5ec" testId="8612f2be-8f63-7d5e-ebd7-3a19cb63d7f9" testName="GetRecordsTest1" computerName="MEOW-PC" duration="00:00:00.0310453" startTime="2012-10-21T18:03:32.3729816+08:00" endTime="2012-10-21T18:03:32.6349966+08:00" testType="13cdc9d9-ddb5-4fa4-a97d-d965ccfc6d4b" outcome="Passed" testListId="8c84fa94-04c1-424b-9868-57a2d4851a1d" relativeResultsDirectory="1ebca916-3909-4874-b61d-d5716858d5ec">
    </UnitTestResult>
  </Results>
</TestRun>